23-Feb-2022 02:00:58.084 INFO [http-nio-8080-exec-122] org.apache.catalina.startup.HostConfig.undeploy Repliegue (undeploy) de la aplicación web que tiene como trayectoria de contexto [/webapp]
23-Feb-2022 02:00:58.107 INFO [http-nio-8080-exec-122] org.apache.catalina.startup.HostConfig.deployWAR Despliegue del archivo [D:\Master Completo en Java\apache-tomcat-10.0.16\webapps\webapp.war] de la aplicación web
23-Feb-2022 02:00:58.549 INFO [http-nio-8080-exec-122] org.apache.jasper.servlet.TldScanner.scanJars Al menos un JAR, que se ha explorado buscando TLDs, aún no contenía TLDs. Activar historial de depuración para este historiador para una completa lista de los JARs que fueron explorados y de los que nos se halló TLDs. Saltarse JARs no necesarios durante la exploración puede dar lugar a una mejora de tiempo significativa en el arranque y compilación de JSP .
23-Feb-2022 02:00:58.551 INFO [http-nio-8080-exec-122] org.apache.catalina.startup.HostConfig.deployWAR Deployment of web application archive [D:\Master Completo en Java\apache-tomcat-10.0.16\webapps\webapp.war] has finished in [444] ms
23-Feb-2022 18:32:27.002 INFO [main] org.apache.catalina.startup.VersionLoggerListener.log Nombre de la versión del servidor: Apache Tomcat/10.0.16
23-Feb-2022 18:32:27.004 INFO [main] org.apache.catalina.startup.VersionLoggerListener.log Server built:                      Jan 15 2022 13:19:56 UTC
23-Feb-2022 18:32:27.005 INFO [main] org.apache.catalina.startup.VersionLoggerListener.log Número de versión de servidor:     10.0.16.0
23-Feb-2022 18:32:27.005 INFO [main] org.apache.catalina.startup.VersionLoggerListener.log OS Name:                           Windows 10
23-Feb-2022 18:32:27.005 INFO [main] org.apache.catalina.startup.VersionLoggerListener.log Versión de Systema Operativo:      10.0
23-Feb-2022 18:32:27.005 INFO [main] org.apache.catalina.startup.VersionLoggerListener.log Arquitectura:                      amd64
23-Feb-2022 18:32:27.005 INFO [main] org.apache.catalina.startup.VersionLoggerListener.log Java Home:                         C:\Program Files\Java\jdk-16.0.1
23-Feb-2022 18:32:27.005 INFO [main] org.apache.catalina.startup.VersionLoggerListener.log JVM Version:                       16.0.1+9-24
23-Feb-2022 18:32:27.005 INFO [main] org.apache.catalina.startup.VersionLoggerListener.log Vededor JVM:                       Oracle Corporation
23-Feb-2022 18:32:27.006 INFO [main] org.apache.catalina.startup.VersionLoggerListener.log CATALINA_BASE:                     D:\Master Completo en Java\apache-tomcat-10.0.16
23-Feb-2022 18:32:27.006 INFO [main] org.apache.catalina.startup.VersionLoggerListener.log CATALINA_HOME:                     D:\Master Completo en Java\apache-tomcat-10.0.16
23-Feb-2022 18:32:27.015 INFO [main] org.apache.catalina.startup.VersionLoggerListener.log Command line argument:             --add-opens=java.base/java.lang=ALL-UNNAMED
23-Feb-2022 18:32:27.016 INFO [main] org.apache.catalina.startup.VersionLoggerListener.log Command line argument:             --add-opens=java.base/java.io=ALL-UNNAMED
23-Feb-2022 18:32:27.016 INFO [main] org.apache.catalina.startup.VersionLoggerListener.log Command line argument:             --add-opens=java.base/java.util=ALL-UNNAMED
23-Feb-2022 18:32:27.016 INFO [main] org.apache.catalina.startup.VersionLoggerListener.log Command line argument:             --add-opens=java.base/java.util.concurrent=ALL-UNNAMED
23-Feb-2022 18:32:27.017 INFO [main] org.apache.catalina.startup.VersionLoggerListener.log Command line argument:             --add-opens=java.rmi/sun.rmi.transport=ALL-UNNAMED
23-Feb-2022 18:32:27.017 INFO [main] org.apache.catalina.startup.VersionLoggerListener.log Command line argument:             -Djava.util.logging.config.file=D:\Master Completo en Java\apache-tomcat-10.0.16\conf\logging.properties
23-Feb-2022 18:32:27.017 INFO [main] org.apache.catalina.startup.VersionLoggerListener.log Command line argument:             -Djava.util.logging.manager=org.apache.juli.ClassLoaderLogManager
23-Feb-2022 18:32:27.018 INFO [main] org.apache.catalina.startup.VersionLoggerListener.log Command line argument:             -Djdk.tls.ephemeralDHKeySize=2048
23-Feb-2022 18:32:27.018 INFO [main] org.apache.catalina.startup.VersionLoggerListener.log Command line argument:             -Djava.protocol.handler.pkgs=org.apache.catalina.webresources
23-Feb-2022 18:32:27.019 INFO [main] org.apache.catalina.startup.VersionLoggerListener.log Command line argument:             -Dignore.endorsed.dirs=
23-Feb-2022 18:32:27.019 INFO [main] org.apache.catalina.startup.VersionLoggerListener.log Command line argument:             -Dcatalina.base=D:\Master Completo en Java\apache-tomcat-10.0.16
23-Feb-2022 18:32:27.019 INFO [main] org.apache.catalina.startup.VersionLoggerListener.log Command line argument:             -Dcatalina.home=D:\Master Completo en Java\apache-tomcat-10.0.16
23-Feb-2022 18:32:27.020 INFO [main] org.apache.catalina.startup.VersionLoggerListener.log Command line argument:             -Djava.io.tmpdir=D:\Master Completo en Java\apache-tomcat-10.0.16\temp
23-Feb-2022 18:32:27.041 INFO [main] org.apache.catalina.core.AprLifecycleListener.lifecycleEvent Cargada la biblioteca nativa APR de Apache Tomcat [1.2.31] con la versión APR [1.7.0].
23-Feb-2022 18:32:27.041 INFO [main] org.apache.catalina.core.AprLifecycleListener.lifecycleEvent Capacidades APR: IPv6 [true], enviar fichero [true], aceptar filtros [false], aleatorio [true], UDS [true].
23-Feb-2022 18:32:27.045 INFO [main] org.apache.catalina.core.AprLifecycleListener.initializeSSL OpenSSL inicializado correctamente [OpenSSL 1.1.1l  24 Aug 2021]
23-Feb-2022 18:32:27.218 INFO [main] org.apache.coyote.AbstractProtocol.init Inicializando el manejador de protocolo ["http-nio-8080"]

23-Feb-2022 18:32:27.233 INFO [main] org.apache.catalina.startup.Catalina.load Server initialization in [355] milliseconds
23-Feb-2022 18:32:27.266 INFO [main] org.apache.catalina.core.StandardService.startInternal Arrancando servicio [Catalina]
23-Feb-2022 18:32:27.266 INFO [main] org.apache.catalina.core.StandardEngine.startInternal Starting Servlet engine: [Apache Tomcat/10.0.16]
23-Feb-2022 18:32:27.284 INFO [main] org.apache.catalina.startup.HostConfig.deployWAR Despliegue del archivo [D:\Master Completo en Java\apache-tomcat-10.0.16\webapps\42.CabecerasHTTPStatus.war] de la aplicación web
23-Feb-2022 18:32:27.823 INFO [main] org.apache.jasper.servlet.TldScanner.scanJars Al menos un JAR, que se ha explorado buscando TLDs, aún no contenía TLDs. Activar historial de depuración para este historiador para una completa lista de los JARs que fueron explorados y de los que nos se halló TLDs. Saltarse JARs no necesarios durante la exploración puede dar lugar a una mejora de tiempo significativa en el arranque y compilación de JSP .
23-Feb-2022 18:32:27.874 INFO [main] org.apache.catalina.startup.HostConfig.deployWAR Deployment of web application archive [D:\Master Completo en Java\apache-tomcat-10.0.16\webapps\42.CabecerasHTTPStatus.war] has finished in [588] ms
23-Feb-2022 18:32:27.880 INFO [main] org.apache.catalina.startup.HostConfig.deployWAR Despliegue del archivo [D:\Master Completo en Java\apache-tomcat-10.0.16\webapps\webapp.war] de la aplicación web
23-Feb-2022 18:32:28.374 INFO [main] org.apache.jasper.servlet.TldScanner.scanJars Al menos un JAR, que se ha explorado buscando TLDs, aún no contenía TLDs. Activar historial de depuración para este historiador para una completa lista de los JARs que fueron explorados y de los que nos se halló TLDs. Saltarse JARs no necesarios durante la exploración puede dar lugar a una mejora de tiempo significativa en el arranque y compilación de JSP .
23-Feb-2022 18:32:28.377 INFO [main] org.apache.catalina.startup.HostConfig.deployWAR Deployment of web application archive [D:\Master Completo en Java\apache-tomcat-10.0.16\webapps\webapp.war] has finished in [497] ms
23-Feb-2022 18:32:28.378 INFO [main] org.apache.catalina.startup.HostConfig.deployDirectory Desplegando el directorio [D:\Master Completo en Java\apache-tomcat-10.0.16\webapps\docs] de la aplicación web
23-Feb-2022 18:32:28.606 INFO [main] org.apache.jasper.servlet.TldScanner.scanJars Al menos un JAR, que se ha explorado buscando TLDs, aún no contenía TLDs. Activar historial de depuración para este historiador para una completa lista de los JARs que fueron explorados y de los que nos se halló TLDs. Saltarse JARs no necesarios durante la exploración puede dar lugar a una mejora de tiempo significativa en el arranque y compilación de JSP .
23-Feb-2022 18:32:28.609 INFO [main] org.apache.catalina.startup.HostConfig.deployDirectory Deployment of web application directory [D:\Master Completo en Java\apache-tomcat-10.0.16\webapps\docs] has finished in [230] ms
23-Feb-2022 18:32:28.609 INFO [main] org.apache.catalina.startup.HostConfig.deployDirectory Desplegando el directorio [D:\Master Completo en Java\apache-tomcat-10.0.16\webapps\examples] de la aplicación web
23-Feb-2022 18:32:29.179 INFO [main] org.apache.jasper.servlet.TldScanner.scanJars Al menos un JAR, que se ha explorado buscando TLDs, aún no contenía TLDs. Activar historial de depuración para este historiador para una completa lista de los JARs que fueron explorados y de los que nos se halló TLDs. Saltarse JARs no necesarios durante la exploración puede dar lugar a una mejora de tiempo significativa en el arranque y compilación de JSP .
23-Feb-2022 18:32:29.207 INFO [main] org.apache.catalina.startup.HostConfig.deployDirectory Deployment of web application directory [D:\Master Completo en Java\apache-tomcat-10.0.16\webapps\examples] has finished in [598] ms
23-Feb-2022 18:32:29.208 INFO [main] org.apache.catalina.startup.HostConfig.deployDirectory Desplegando el directorio [D:\Master Completo en Java\apache-tomcat-10.0.16\webapps\host-manager] de la aplicación web
23-Feb-2022 18:32:29.389 INFO [main] org.apache.jasper.servlet.TldScanner.scanJars Al menos un JAR, que se ha explorado buscando TLDs, aún no contenía TLDs. Activar historial de depuración para este historiador para una completa lista de los JARs que fueron explorados y de los que nos se halló TLDs. Saltarse JARs no necesarios durante la exploración puede dar lugar a una mejora de tiempo significativa en el arranque y compilación de JSP .
23-Feb-2022 18:32:29.393 INFO [main] org.apache.catalina.startup.HostConfig.deployDirectory Deployment of web application directory [D:\Master Completo en Java\apache-tomcat-10.0.16\webapps\host-manager] has finished in [186] ms
23-Feb-2022 18:32:29.393 INFO [main] org.apache.catalina.startup.HostConfig.deployDirectory Desplegando el directorio [D:\Master Completo en Java\apache-tomcat-10.0.16\webapps\manager] de la aplicación web
23-Feb-2022 18:32:29.579 INFO [main] org.apache.jasper.servlet.TldScanner.scanJars Al menos un JAR, que se ha explorado buscando TLDs, aún no contenía TLDs. Activar historial de depuración para este historiador para una completa lista de los JARs que fueron explorados y de los que nos se halló TLDs. Saltarse JARs no necesarios durante la exploración puede dar lugar a una mejora de tiempo significativa en el arranque y compilación de JSP .
23-Feb-2022 18:32:29.581 INFO [main] org.apache.catalina.startup.HostConfig.deployDirectory Deployment of web application directory [D:\Master Completo en Java\apache-tomcat-10.0.16\webapps\manager] has finished in [188] ms
23-Feb-2022 18:32:29.581 INFO [main] org.apache.catalina.startup.HostConfig.deployDirectory Desplegando el directorio [D:\Master Completo en Java\apache-tomcat-10.0.16\webapps\ROOT] de la aplicación web
23-Feb-2022 18:32:29.767 INFO [main] org.apache.jasper.servlet.TldScanner.scanJars Al menos un JAR, que se ha explorado buscando TLDs, aún no contenía TLDs. Activar historial de depuración para este historiador para una completa lista de los JARs que fueron explorados y de los que nos se halló TLDs. Saltarse JARs no necesarios durante la exploración puede dar lugar a una mejora de tiempo significativa en el arranque y compilación de JSP .
23-Feb-2022 18:32:29.769 INFO [main] org.apache.catalina.startup.HostConfig.deployDirectory Deployment of web application directory [D:\Master Completo en Java\apache-tomcat-10.0.16\webapps\ROOT] has finished in [188] ms
23-Feb-2022 18:32:29.771 INFO [main] org.apache.coyote.AbstractProtocol.start Starting ProtocolHandler ["http-nio-8080"]
23-Feb-2022 18:32:29.823 INFO [main] org.apache.catalina.startup.Catalina.start Server startup in [2589] milliseconds
23-Feb-2022 18:32:33.999 INFO [http-nio-8080-exec-1] org.apache.catalina.startup.HostConfig.undeploy Repliegue (undeploy) de la aplicación web que tiene como trayectoria de contexto [/webapp]
23-Feb-2022 18:32:34.037 INFO [http-nio-8080-exec-1] org.apache.catalina.startup.HostConfig.deployWAR Despliegue del archivo [D:\Master Completo en Java\apache-tomcat-10.0.16\webapps\webapp.war] de la aplicación web
23-Feb-2022 18:32:34.812 INFO [http-nio-8080-exec-1] org.apache.jasper.servlet.TldScanner.scanJars Al menos un JAR, que se ha explorado buscando TLDs, aún no contenía TLDs. Activar historial de depuración para este historiador para una completa lista de los JARs que fueron explorados y de los que nos se halló TLDs. Saltarse JARs no necesarios durante la exploración puede dar lugar a una mejora de tiempo significativa en el arranque y compilación de JSP .
23-Feb-2022 18:32:34.822 INFO [http-nio-8080-exec-1] org.apache.catalina.startup.HostConfig.deployWAR Deployment of web application archive [D:\Master Completo en Java\apache-tomcat-10.0.16\webapps\webapp.war] has finished in [785] ms
23-Feb-2022 18:33:32.414 INFO [http-nio-8080-exec-8] org.apache.catalina.startup.HostConfig.undeploy Repliegue (undeploy) de la aplicación web que tiene como trayectoria de contexto [/webapp]
23-Feb-2022 18:33:32.435 INFO [http-nio-8080-exec-8] org.apache.catalina.startup.HostConfig.deployWAR Despliegue del archivo [D:\Master Completo en Java\apache-tomcat-10.0.16\webapps\webapp.war] de la aplicación web
23-Feb-2022 18:33:33.178 INFO [http-nio-8080-exec-8] org.apache.jasper.servlet.TldScanner.scanJars Al menos un JAR, que se ha explorado buscando TLDs, aún no contenía TLDs. Activar historial de depuración para este historiador para una completa lista de los JARs que fueron explorados y de los que nos se halló TLDs. Saltarse JARs no necesarios durante la exploración puede dar lugar a una mejora de tiempo significativa en el arranque y compilación de JSP .
23-Feb-2022 18:33:33.190 INFO [http-nio-8080-exec-8] org.apache.catalina.startup.HostConfig.deployWAR Deployment of web application archive [D:\Master Completo en Java\apache-tomcat-10.0.16\webapps\webapp.war] has finished in [755] ms
23-Feb-2022 18:36:05.798 INFO [http-nio-8080-exec-15] org.apache.catalina.startup.HostConfig.undeploy Repliegue (undeploy) de la aplicación web que tiene como trayectoria de contexto [/webapp]
23-Feb-2022 18:36:05.825 INFO [http-nio-8080-exec-15] org.apache.catalina.startup.HostConfig.deployWAR Despliegue del archivo [D:\Master Completo en Java\apache-tomcat-10.0.16\webapps\webapp.war] de la aplicación web
23-Feb-2022 18:36:06.514 INFO [http-nio-8080-exec-15] org.apache.jasper.servlet.TldScanner.scanJars Al menos un JAR, que se ha explorado buscando TLDs, aún no contenía TLDs. Activar historial de depuración para este historiador para una completa lista de los JARs que fueron explorados y de los que nos se halló TLDs. Saltarse JARs no necesarios durante la exploración puede dar lugar a una mejora de tiempo significativa en el arranque y compilación de JSP .
23-Feb-2022 18:36:06.525 INFO [http-nio-8080-exec-15] org.apache.catalina.startup.HostConfig.deployWAR Deployment of web application archive [D:\Master Completo en Java\apache-tomcat-10.0.16\webapps\webapp.war] has finished in [700] ms
23-Feb-2022 18:51:34.715 INFO [http-nio-8080-exec-24] org.apache.catalina.startup.HostConfig.undeploy Repliegue (undeploy) de la aplicación web que tiene como trayectoria de contexto [/webapp]
23-Feb-2022 18:51:34.737 INFO [http-nio-8080-exec-24] org.apache.catalina.startup.HostConfig.deployWAR Despliegue del archivo [D:\Master Completo en Java\apache-tomcat-10.0.16\webapps\webapp.war] de la aplicación web
23-Feb-2022 18:51:35.398 INFO [http-nio-8080-exec-24] org.apache.jasper.servlet.TldScanner.scanJars Al menos un JAR, que se ha explorado buscando TLDs, aún no contenía TLDs. Activar historial de depuración para este historiador para una completa lista de los JARs que fueron explorados y de los que nos se halló TLDs. Saltarse JARs no necesarios durante la exploración puede dar lugar a una mejora de tiempo significativa en el arranque y compilación de JSP .
23-Feb-2022 18:51:35.406 INFO [http-nio-8080-exec-24] org.apache.catalina.startup.HostConfig.deployWAR Deployment of web application archive [D:\Master Completo en Java\apache-tomcat-10.0.16\webapps\webapp.war] has finished in [669] ms
23-Feb-2022 18:52:33.375 INFO [http-nio-8080-exec-32] org.apache.catalina.startup.HostConfig.undeploy Repliegue (undeploy) de la aplicación web que tiene como trayectoria de contexto [/webapp]
23-Feb-2022 18:52:33.395 INFO [http-nio-8080-exec-32] org.apache.catalina.startup.HostConfig.deployWAR Despliegue del archivo [D:\Master Completo en Java\apache-tomcat-10.0.16\webapps\webapp.war] de la aplicación web
23-Feb-2022 18:52:34.056 INFO [http-nio-8080-exec-32] org.apache.jasper.servlet.TldScanner.scanJars Al menos un JAR, que se ha explorado buscando TLDs, aún no contenía TLDs. Activar historial de depuración para este historiador para una completa lista de los JARs que fueron explorados y de los que nos se halló TLDs. Saltarse JARs no necesarios durante la exploración puede dar lugar a una mejora de tiempo significativa en el arranque y compilación de JSP .
23-Feb-2022 18:52:34.067 INFO [http-nio-8080-exec-32] org.apache.catalina.startup.HostConfig.deployWAR Deployment of web application archive [D:\Master Completo en Java\apache-tomcat-10.0.16\webapps\webapp.war] has finished in [671] ms
23-Feb-2022 18:52:44.580 INFO [http-nio-8080-exec-34] org.apache.catalina.startup.HostConfig.undeploy Repliegue (undeploy) de la aplicación web que tiene como trayectoria de contexto [/webapp]
23-Feb-2022 18:52:44.603 INFO [http-nio-8080-exec-34] org.apache.catalina.startup.HostConfig.deployWAR Despliegue del archivo [D:\Master Completo en Java\apache-tomcat-10.0.16\webapps\webapp.war] de la aplicación web
23-Feb-2022 18:52:45.274 INFO [http-nio-8080-exec-34] org.apache.jasper.servlet.TldScanner.scanJars Al menos un JAR, que se ha explorado buscando TLDs, aún no contenía TLDs. Activar historial de depuración para este historiador para una completa lista de los JARs que fueron explorados y de los que nos se halló TLDs. Saltarse JARs no necesarios durante la exploración puede dar lugar a una mejora de tiempo significativa en el arranque y compilación de JSP .
23-Feb-2022 18:52:45.284 INFO [http-nio-8080-exec-34] org.apache.catalina.startup.HostConfig.deployWAR Deployment of web application archive [D:\Master Completo en Java\apache-tomcat-10.0.16\webapps\webapp.war] has finished in [681] ms
23-Feb-2022 18:53:15.702 INFO [http-nio-8080-exec-35] org.apache.catalina.startup.HostConfig.undeploy Repliegue (undeploy) de la aplicación web que tiene como trayectoria de contexto [/webapp]
23-Feb-2022 18:53:15.722 INFO [http-nio-8080-exec-35] org.apache.catalina.startup.HostConfig.deployWAR Despliegue del archivo [D:\Master Completo en Java\apache-tomcat-10.0.16\webapps\webapp.war] de la aplicación web
23-Feb-2022 18:53:16.405 INFO [http-nio-8080-exec-35] org.apache.jasper.servlet.TldScanner.scanJars Al menos un JAR, que se ha explorado buscando TLDs, aún no contenía TLDs. Activar historial de depuración para este historiador para una completa lista de los JARs que fueron explorados y de los que nos se halló TLDs. Saltarse JARs no necesarios durante la exploración puede dar lugar a una mejora de tiempo significativa en el arranque y compilación de JSP .
23-Feb-2022 18:53:16.413 INFO [http-nio-8080-exec-35] org.apache.catalina.startup.HostConfig.deployWAR Deployment of web application archive [D:\Master Completo en Java\apache-tomcat-10.0.16\webapps\webapp.war] has finished in [691] ms
23-Feb-2022 18:53:43.792 INFO [http-nio-8080-exec-38] org.apache.catalina.startup.HostConfig.undeploy Repliegue (undeploy) de la aplicación web que tiene como trayectoria de contexto [/webapp]
23-Feb-2022 18:53:43.812 INFO [http-nio-8080-exec-38] org.apache.catalina.startup.HostConfig.deployWAR Despliegue del archivo [D:\Master Completo en Java\apache-tomcat-10.0.16\webapps\webapp.war] de la aplicación web
23-Feb-2022 18:53:44.450 INFO [http-nio-8080-exec-38] org.apache.jasper.servlet.TldScanner.scanJars Al menos un JAR, que se ha explorado buscando TLDs, aún no contenía TLDs. Activar historial de depuración para este historiador para una completa lista de los JARs que fueron explorados y de los que nos se halló TLDs. Saltarse JARs no necesarios durante la exploración puede dar lugar a una mejora de tiempo significativa en el arranque y compilación de JSP .
23-Feb-2022 18:53:44.458 INFO [http-nio-8080-exec-38] org.apache.catalina.startup.HostConfig.deployWAR Deployment of web application archive [D:\Master Completo en Java\apache-tomcat-10.0.16\webapps\webapp.war] has finished in [645] ms
23-Feb-2022 18:53:59.869 INFO [http-nio-8080-exec-40] org.apache.catalina.startup.HostConfig.undeploy Repliegue (undeploy) de la aplicación web que tiene como trayectoria de contexto [/webapp]
23-Feb-2022 18:53:59.892 INFO [http-nio-8080-exec-40] org.apache.catalina.startup.HostConfig.deployWAR Despliegue del archivo [D:\Master Completo en Java\apache-tomcat-10.0.16\webapps\webapp.war] de la aplicación web
23-Feb-2022 18:54:00.551 INFO [http-nio-8080-exec-40] org.apache.jasper.servlet.TldScanner.scanJars Al menos un JAR, que se ha explorado buscando TLDs, aún no contenía TLDs. Activar historial de depuración para este historiador para una completa lista de los JARs que fueron explorados y de los que nos se halló TLDs. Saltarse JARs no necesarios durante la exploración puede dar lugar a una mejora de tiempo significativa en el arranque y compilación de JSP .
23-Feb-2022 18:54:00.559 INFO [http-nio-8080-exec-40] org.apache.catalina.startup.HostConfig.deployWAR Deployment of web application archive [D:\Master Completo en Java\apache-tomcat-10.0.16\webapps\webapp.war] has finished in [666] ms
23-Feb-2022 19:01:21.684 INFO [http-nio-8080-exec-50] org.apache.catalina.startup.HostConfig.undeploy Repliegue (undeploy) de la aplicación web que tiene como trayectoria de contexto [/webapp]
23-Feb-2022 19:01:21.710 INFO [http-nio-8080-exec-50] org.apache.catalina.startup.HostConfig.deployWAR Despliegue del archivo [D:\Master Completo en Java\apache-tomcat-10.0.16\webapps\webapp.war] de la aplicación web
23-Feb-2022 19:01:22.399 INFO [http-nio-8080-exec-50] org.apache.jasper.servlet.TldScanner.scanJars Al menos un JAR, que se ha explorado buscando TLDs, aún no contenía TLDs. Activar historial de depuración para este historiador para una completa lista de los JARs que fueron explorados y de los que nos se halló TLDs. Saltarse JARs no necesarios durante la exploración puede dar lugar a una mejora de tiempo significativa en el arranque y compilación de JSP .
23-Feb-2022 19:01:22.407 INFO [http-nio-8080-exec-50] org.apache.catalina.startup.HostConfig.deployWAR Deployment of web application archive [D:\Master Completo en Java\apache-tomcat-10.0.16\webapps\webapp.war] has finished in [696] ms
23-Feb-2022 19:02:46.609 INFO [http-nio-8080-exec-60] org.apache.catalina.startup.HostConfig.undeploy Repliegue (undeploy) de la aplicación web que tiene como trayectoria de contexto [/webapp]
23-Feb-2022 19:02:46.631 INFO [http-nio-8080-exec-60] org.apache.catalina.startup.HostConfig.deployWAR Despliegue del archivo [D:\Master Completo en Java\apache-tomcat-10.0.16\webapps\webapp.war] de la aplicación web
23-Feb-2022 19:02:47.301 INFO [http-nio-8080-exec-60] org.apache.jasper.servlet.TldScanner.scanJars Al menos un JAR, que se ha explorado buscando TLDs, aún no contenía TLDs. Activar historial de depuración para este historiador para una completa lista de los JARs que fueron explorados y de los que nos se halló TLDs. Saltarse JARs no necesarios durante la exploración puede dar lugar a una mejora de tiempo significativa en el arranque y compilación de JSP .
23-Feb-2022 19:02:47.309 INFO [http-nio-8080-exec-60] org.apache.catalina.startup.HostConfig.deployWAR Deployment of web application archive [D:\Master Completo en Java\apache-tomcat-10.0.16\webapps\webapp.war] has finished in [678] ms
