22-Feb-2022 00:50:07.198 INFO [main] org.apache.catalina.startup.VersionLoggerListener.log Nombre de la versión del servidor: Apache Tomcat/10.0.16
22-Feb-2022 00:50:07.201 INFO [main] org.apache.catalina.startup.VersionLoggerListener.log Server built:                      Jan 15 2022 13:19:56 UTC
22-Feb-2022 00:50:07.201 INFO [main] org.apache.catalina.startup.VersionLoggerListener.log Número de versión de servidor:     10.0.16.0
22-Feb-2022 00:50:07.201 INFO [main] org.apache.catalina.startup.VersionLoggerListener.log OS Name:                           Windows 10
22-Feb-2022 00:50:07.201 INFO [main] org.apache.catalina.startup.VersionLoggerListener.log Versión de Systema Operativo:      10.0
22-Feb-2022 00:50:07.201 INFO [main] org.apache.catalina.startup.VersionLoggerListener.log Arquitectura:                      amd64
22-Feb-2022 00:50:07.201 INFO [main] org.apache.catalina.startup.VersionLoggerListener.log Java Home:                         C:\Program Files\Java\jdk-16.0.1
22-Feb-2022 00:50:07.201 INFO [main] org.apache.catalina.startup.VersionLoggerListener.log JVM Version:                       16.0.1+9-24
22-Feb-2022 00:50:07.201 INFO [main] org.apache.catalina.startup.VersionLoggerListener.log Vededor JVM:                       Oracle Corporation
22-Feb-2022 00:50:07.202 INFO [main] org.apache.catalina.startup.VersionLoggerListener.log CATALINA_BASE:                     D:\Master Completo en Java\apache-tomcat-10.0.16
22-Feb-2022 00:50:07.202 INFO [main] org.apache.catalina.startup.VersionLoggerListener.log CATALINA_HOME:                     D:\Master Completo en Java\apache-tomcat-10.0.16
22-Feb-2022 00:50:07.208 INFO [main] org.apache.catalina.startup.VersionLoggerListener.log Command line argument:             --add-opens=java.base/java.lang=ALL-UNNAMED
22-Feb-2022 00:50:07.208 INFO [main] org.apache.catalina.startup.VersionLoggerListener.log Command line argument:             --add-opens=java.base/java.io=ALL-UNNAMED
22-Feb-2022 00:50:07.208 INFO [main] org.apache.catalina.startup.VersionLoggerListener.log Command line argument:             --add-opens=java.base/java.util=ALL-UNNAMED
22-Feb-2022 00:50:07.209 INFO [main] org.apache.catalina.startup.VersionLoggerListener.log Command line argument:             --add-opens=java.base/java.util.concurrent=ALL-UNNAMED
22-Feb-2022 00:50:07.209 INFO [main] org.apache.catalina.startup.VersionLoggerListener.log Command line argument:             --add-opens=java.rmi/sun.rmi.transport=ALL-UNNAMED
22-Feb-2022 00:50:07.209 INFO [main] org.apache.catalina.startup.VersionLoggerListener.log Command line argument:             -Djava.util.logging.config.file=D:\Master Completo en Java\apache-tomcat-10.0.16\conf\logging.properties
22-Feb-2022 00:50:07.210 INFO [main] org.apache.catalina.startup.VersionLoggerListener.log Command line argument:             -Djava.util.logging.manager=org.apache.juli.ClassLoaderLogManager
22-Feb-2022 00:50:07.210 INFO [main] org.apache.catalina.startup.VersionLoggerListener.log Command line argument:             -Djdk.tls.ephemeralDHKeySize=2048
22-Feb-2022 00:50:07.210 INFO [main] org.apache.catalina.startup.VersionLoggerListener.log Command line argument:             -Djava.protocol.handler.pkgs=org.apache.catalina.webresources
22-Feb-2022 00:50:07.211 INFO [main] org.apache.catalina.startup.VersionLoggerListener.log Command line argument:             -Dignore.endorsed.dirs=
22-Feb-2022 00:50:07.211 INFO [main] org.apache.catalina.startup.VersionLoggerListener.log Command line argument:             -Dcatalina.base=D:\Master Completo en Java\apache-tomcat-10.0.16
22-Feb-2022 00:50:07.211 INFO [main] org.apache.catalina.startup.VersionLoggerListener.log Command line argument:             -Dcatalina.home=D:\Master Completo en Java\apache-tomcat-10.0.16
22-Feb-2022 00:50:07.211 INFO [main] org.apache.catalina.startup.VersionLoggerListener.log Command line argument:             -Djava.io.tmpdir=D:\Master Completo en Java\apache-tomcat-10.0.16\temp
22-Feb-2022 00:50:07.213 INFO [main] org.apache.catalina.core.AprLifecycleListener.lifecycleEvent Cargada la biblioteca nativa APR de Apache Tomcat [1.2.31] con la versión APR [1.7.0].
22-Feb-2022 00:50:07.213 INFO [main] org.apache.catalina.core.AprLifecycleListener.lifecycleEvent Capacidades APR: IPv6 [true], enviar fichero [true], aceptar filtros [false], aleatorio [true], UDS [true].
22-Feb-2022 00:50:07.216 INFO [main] org.apache.catalina.core.AprLifecycleListener.initializeSSL OpenSSL inicializado correctamente [OpenSSL 1.1.1l  24 Aug 2021]
22-Feb-2022 00:50:07.376 INFO [main] org.apache.coyote.AbstractProtocol.init Inicializando el manejador de protocolo ["http-nio-8080"]

22-Feb-2022 00:50:07.384 SEVERE [main] org.apache.catalina.util.LifecycleBase.handleSubClassException Fallo al iniciar el componente [Connector[HTTP/1.1-8080]]
	org.apache.catalina.LifecycleException: Falló la inicialización del manejador de protocolo
		at org.apache.catalina.connector.Connector.initInternal(Connector.java:1055)
		at org.apache.catalina.util.LifecycleBase.init(LifecycleBase.java:136)
		at org.apache.catalina.core.StandardService.initInternal(StandardService.java:556)
		at org.apache.catalina.util.LifecycleBase.init(LifecycleBase.java:136)
		at org.apache.catalina.core.StandardServer.initInternal(StandardServer.java:1042)
		at org.apache.catalina.util.LifecycleBase.init(LifecycleBase.java:136)
		at org.apache.catalina.startup.Catalina.load(Catalina.java:747)
		at org.apache.catalina.startup.Catalina.load(Catalina.java:769)
		at java.base/jdk.internal.reflect.NativeMethodAccessorImpl.invoke0(Native Method)
		at java.base/jdk.internal.reflect.NativeMethodAccessorImpl.invoke(NativeMethodAccessorImpl.java:78)
		at java.base/jdk.internal.reflect.DelegatingMethodAccessorImpl.invoke(DelegatingMethodAccessorImpl.java:43)
		at java.base/java.lang.reflect.Method.invoke(Method.java:567)
		at org.apache.catalina.startup.Bootstrap.load(Bootstrap.java:305)
		at org.apache.catalina.startup.Bootstrap.main(Bootstrap.java:475)
	Caused by: java.net.BindException: Address already in use: bind
		at java.base/sun.nio.ch.Net.bind0(Native Method)
		at java.base/sun.nio.ch.Net.bind(Net.java:552)
		at java.base/sun.nio.ch.ServerSocketChannelImpl.netBind(ServerSocketChannelImpl.java:336)
		at java.base/sun.nio.ch.ServerSocketChannelImpl.bind(ServerSocketChannelImpl.java:294)
		at org.apache.tomcat.util.net.NioEndpoint.initServerSocket(NioEndpoint.java:244)
		at org.apache.tomcat.util.net.NioEndpoint.bind(NioEndpoint.java:199)
		at org.apache.tomcat.util.net.AbstractEndpoint.bindWithCleanup(AbstractEndpoint.java:1184)
		at org.apache.tomcat.util.net.AbstractEndpoint.init(AbstractEndpoint.java:1197)
		at org.apache.coyote.AbstractProtocol.init(AbstractProtocol.java:580)
		at org.apache.coyote.http11.AbstractHttp11Protocol.init(AbstractHttp11Protocol.java:82)
		at org.apache.catalina.connector.Connector.initInternal(Connector.java:1052)
		... 13 more
22-Feb-2022 00:50:07.385 INFO [main] org.apache.catalina.startup.Catalina.load Server initialization in [295] milliseconds
22-Feb-2022 00:50:07.412 INFO [main] org.apache.catalina.core.StandardService.startInternal Arrancando servicio [Catalina]
22-Feb-2022 00:50:07.413 INFO [main] org.apache.catalina.core.StandardEngine.startInternal Starting Servlet engine: [Apache Tomcat/10.0.16]
22-Feb-2022 00:50:07.423 INFO [main] org.apache.catalina.startup.HostConfig.deployWAR Despliegue del archivo [D:\Master Completo en Java\apache-tomcat-10.0.16\webapps\42.CabecerasHTTPStatus.war] de la aplicación web
22-Feb-2022 00:50:07.697 INFO [main] org.apache.jasper.servlet.TldScanner.scanJars Al menos un JAR, que se ha explorado buscando TLDs, aún no contenía TLDs. Activar historial de depuración para este historiador para una completa lista de los JARs que fueron explorados y de los que nos se halló TLDs. Saltarse JARs no necesarios durante la exploración puede dar lugar a una mejora de tiempo significativa en el arranque y compilación de JSP .
22-Feb-2022 00:50:07.746 INFO [main] org.apache.catalina.startup.HostConfig.deployWAR Deployment of web application archive [D:\Master Completo en Java\apache-tomcat-10.0.16\webapps\42.CabecerasHTTPStatus.war] has finished in [322] ms
22-Feb-2022 00:50:07.747 INFO [main] org.apache.catalina.startup.HostConfig.deployWAR Despliegue del archivo [D:\Master Completo en Java\apache-tomcat-10.0.16\webapps\webapp.war] de la aplicación web
22-Feb-2022 00:50:07.995 INFO [main] org.apache.jasper.servlet.TldScanner.scanJars Al menos un JAR, que se ha explorado buscando TLDs, aún no contenía TLDs. Activar historial de depuración para este historiador para una completa lista de los JARs que fueron explorados y de los que nos se halló TLDs. Saltarse JARs no necesarios durante la exploración puede dar lugar a una mejora de tiempo significativa en el arranque y compilación de JSP .
22-Feb-2022 00:50:07.998 INFO [main] org.apache.catalina.startup.HostConfig.deployWAR Deployment of web application archive [D:\Master Completo en Java\apache-tomcat-10.0.16\webapps\webapp.war] has finished in [250] ms
22-Feb-2022 00:50:07.998 INFO [main] org.apache.catalina.startup.HostConfig.deployDirectory Desplegando el directorio [D:\Master Completo en Java\apache-tomcat-10.0.16\webapps\docs] de la aplicación web
22-Feb-2022 00:50:08.017 INFO [main] org.apache.catalina.startup.HostConfig.deployDirectory Deployment of web application directory [D:\Master Completo en Java\apache-tomcat-10.0.16\webapps\docs] has finished in [19] ms
22-Feb-2022 00:50:08.017 INFO [main] org.apache.catalina.startup.HostConfig.deployDirectory Desplegando el directorio [D:\Master Completo en Java\apache-tomcat-10.0.16\webapps\examples] de la aplicación web
22-Feb-2022 00:50:08.259 INFO [main] org.apache.catalina.startup.HostConfig.deployDirectory Deployment of web application directory [D:\Master Completo en Java\apache-tomcat-10.0.16\webapps\examples] has finished in [241] ms
22-Feb-2022 00:50:08.259 INFO [main] org.apache.catalina.startup.HostConfig.deployDirectory Desplegando el directorio [D:\Master Completo en Java\apache-tomcat-10.0.16\webapps\host-manager] de la aplicación web
22-Feb-2022 00:50:08.298 INFO [main] org.apache.catalina.startup.HostConfig.deployDirectory Deployment of web application directory [D:\Master Completo en Java\apache-tomcat-10.0.16\webapps\host-manager] has finished in [39] ms
22-Feb-2022 00:50:08.300 INFO [main] org.apache.catalina.startup.HostConfig.deployDirectory Desplegando el directorio [D:\Master Completo en Java\apache-tomcat-10.0.16\webapps\manager] de la aplicación web
22-Feb-2022 00:50:08.338 INFO [main] org.apache.catalina.startup.HostConfig.deployDirectory Deployment of web application directory [D:\Master Completo en Java\apache-tomcat-10.0.16\webapps\manager] has finished in [38] ms
22-Feb-2022 00:50:08.339 INFO [main] org.apache.catalina.startup.HostConfig.deployDirectory Desplegando el directorio [D:\Master Completo en Java\apache-tomcat-10.0.16\webapps\ROOT] de la aplicación web
22-Feb-2022 00:50:08.359 INFO [main] org.apache.catalina.startup.HostConfig.deployDirectory Deployment of web application directory [D:\Master Completo en Java\apache-tomcat-10.0.16\webapps\ROOT] has finished in [20] ms
22-Feb-2022 00:50:08.362 INFO [main] org.apache.catalina.startup.Catalina.start Server startup in [976] milliseconds
22-Feb-2022 00:50:08.367 SEVERE [main] org.apache.catalina.core.StandardServer.await Failed to create server shutdown socket on address [localhost] and port [8005] (base port [8005] and offset [0])
	java.net.BindException: Address already in use: bind
		at java.base/sun.nio.ch.Net.bind0(Native Method)
		at java.base/sun.nio.ch.Net.bind(Net.java:552)
		at java.base/sun.nio.ch.Net.bind(Net.java:541)
		at java.base/sun.nio.ch.NioSocketImpl.bind(NioSocketImpl.java:643)
		at java.base/java.net.ServerSocket.bind(ServerSocket.java:395)
		at java.base/java.net.ServerSocket.<init>(ServerSocket.java:281)
		at org.apache.catalina.core.StandardServer.await(StandardServer.java:577)
		at org.apache.catalina.startup.Catalina.await(Catalina.java:887)
		at org.apache.catalina.startup.Catalina.start(Catalina.java:833)
		at java.base/jdk.internal.reflect.NativeMethodAccessorImpl.invoke0(Native Method)
		at java.base/jdk.internal.reflect.NativeMethodAccessorImpl.invoke(NativeMethodAccessorImpl.java:78)
		at java.base/jdk.internal.reflect.DelegatingMethodAccessorImpl.invoke(DelegatingMethodAccessorImpl.java:43)
		at java.base/java.lang.reflect.Method.invoke(Method.java:567)
		at org.apache.catalina.startup.Bootstrap.start(Bootstrap.java:345)
		at org.apache.catalina.startup.Bootstrap.main(Bootstrap.java:476)
22-Feb-2022 00:50:08.368 INFO [main] org.apache.coyote.AbstractProtocol.pause Pausing ProtocolHandler ["http-nio-8080"]
22-Feb-2022 00:50:08.369 INFO [main] org.apache.catalina.core.StandardService.stopInternal Parando servicio [Catalina]
22-Feb-2022 00:50:08.385 INFO [main] org.apache.coyote.AbstractProtocol.stop Stopping ProtocolHandler ["http-nio-8080"]
22-Feb-2022 00:50:08.387 INFO [main] org.apache.coyote.AbstractProtocol.destroy Destroying ProtocolHandler ["http-nio-8080"]
22-Feb-2022 00:50:12.547 INFO [http-nio-8080-exec-39] org.apache.catalina.startup.HostConfig.undeploy Repliegue (undeploy) de la aplicación web que tiene como trayectoria de contexto [/webapp]
22-Feb-2022 00:50:12.564 INFO [http-nio-8080-exec-39] org.apache.catalina.startup.HostConfig.deployWAR Despliegue del archivo [D:\Master Completo en Java\apache-tomcat-10.0.16\webapps\webapp.war] de la aplicación web
22-Feb-2022 00:50:12.808 INFO [http-nio-8080-exec-39] org.apache.jasper.servlet.TldScanner.scanJars Al menos un JAR, que se ha explorado buscando TLDs, aún no contenía TLDs. Activar historial de depuración para este historiador para una completa lista de los JARs que fueron explorados y de los que nos se halló TLDs. Saltarse JARs no necesarios durante la exploración puede dar lugar a una mejora de tiempo significativa en el arranque y compilación de JSP .
22-Feb-2022 00:50:12.811 INFO [http-nio-8080-exec-39] org.apache.catalina.startup.HostConfig.deployWAR Deployment of web application archive [D:\Master Completo en Java\apache-tomcat-10.0.16\webapps\webapp.war] has finished in [246] ms
22-Feb-2022 01:01:05.489 INFO [http-nio-8080-exec-46] org.apache.catalina.startup.HostConfig.undeploy Repliegue (undeploy) de la aplicación web que tiene como trayectoria de contexto [/webapp]
22-Feb-2022 01:01:05.510 INFO [http-nio-8080-exec-46] org.apache.catalina.startup.HostConfig.deployWAR Despliegue del archivo [D:\Master Completo en Java\apache-tomcat-10.0.16\webapps\webapp.war] de la aplicación web
22-Feb-2022 01:01:05.760 INFO [http-nio-8080-exec-46] org.apache.jasper.servlet.TldScanner.scanJars Al menos un JAR, que se ha explorado buscando TLDs, aún no contenía TLDs. Activar historial de depuración para este historiador para una completa lista de los JARs que fueron explorados y de los que nos se halló TLDs. Saltarse JARs no necesarios durante la exploración puede dar lugar a una mejora de tiempo significativa en el arranque y compilación de JSP .
22-Feb-2022 01:01:05.762 INFO [http-nio-8080-exec-46] org.apache.catalina.startup.HostConfig.deployWAR Deployment of web application archive [D:\Master Completo en Java\apache-tomcat-10.0.16\webapps\webapp.war] has finished in [253] ms
