25-Feb-2022 01:56:23.855 INFO [http-nio-8080-exec-224] org.apache.catalina.startup.HostConfig.undeploy Repliegue (undeploy) de la aplicación web que tiene como trayectoria de contexto [/webapp]
25-Feb-2022 01:56:24.264 INFO [http-nio-8080-exec-224] org.apache.catalina.startup.HostConfig.deployWAR Despliegue del archivo [D:\Master Completo en Java\apache-tomcat-10.0.16\webapps\webapp.war] de la aplicación web
25-Feb-2022 01:56:25.380 INFO [http-nio-8080-exec-224] org.apache.jasper.servlet.TldScanner.scanJars Al menos un JAR, que se ha explorado buscando TLDs, aún no contenía TLDs. Activar historial de depuración para este historiador para una completa lista de los JARs que fueron explorados y de los que nos se halló TLDs. Saltarse JARs no necesarios durante la exploración puede dar lugar a una mejora de tiempo significativa en el arranque y compilación de JSP .
25-Feb-2022 01:56:25.394 INFO [http-nio-8080-exec-224] org.jboss.weld.environment.servlet.EnhancedListener.onStartup WELD-ENV-001008: Initialize Weld using ServletContainerInitializer
25-Feb-2022 01:56:25.410 INFO [http-nio-8080-exec-224] org.jboss.weld.bootstrap.WeldStartup.<clinit> WELD-000900: 4.0.1 (SP1)
25-Feb-2022 01:56:25.533 INFO [http-nio-8080-exec-224] org.jboss.weld.bootstrap.WeldStartup.startContainer WELD-000101: Transactional services not available. Injection of @Inject UserTransaction not available. Transactional observers will be invoked synchronously.
25-Feb-2022 01:56:25.672 INFO [http-nio-8080-exec-224] org.jboss.weld.environment.tomcat.TomcatContainer.initialize WELD-ENV-001100: Tomcat 7+ detected, CDI injection will be available in Servlets, Filters and Listeners.
25-Feb-2022 01:56:25.795 INFO [http-nio-8080-exec-224] org.apache.catalina.startup.HostConfig.deployWAR Deployment of web application archive [D:\Master Completo en Java\apache-tomcat-10.0.16\webapps\webapp.war] has finished in [1.531] ms
25-Feb-2022 01:56:31.439 INFO [http-nio-8080-exec-226] org.apache.catalina.startup.HostConfig.undeploy Repliegue (undeploy) de la aplicación web que tiene como trayectoria de contexto [/webapp]
25-Feb-2022 01:56:31.489 INFO [http-nio-8080-exec-226] org.apache.catalina.startup.HostConfig.deployWAR Despliegue del archivo [D:\Master Completo en Java\apache-tomcat-10.0.16\webapps\webapp.war] de la aplicación web
25-Feb-2022 01:56:32.648 INFO [http-nio-8080-exec-226] org.apache.jasper.servlet.TldScanner.scanJars Al menos un JAR, que se ha explorado buscando TLDs, aún no contenía TLDs. Activar historial de depuración para este historiador para una completa lista de los JARs que fueron explorados y de los que nos se halló TLDs. Saltarse JARs no necesarios durante la exploración puede dar lugar a una mejora de tiempo significativa en el arranque y compilación de JSP .
25-Feb-2022 01:56:32.662 INFO [http-nio-8080-exec-226] org.jboss.weld.environment.servlet.EnhancedListener.onStartup WELD-ENV-001008: Initialize Weld using ServletContainerInitializer
25-Feb-2022 01:56:32.676 INFO [http-nio-8080-exec-226] org.jboss.weld.bootstrap.WeldStartup.<clinit> WELD-000900: 4.0.1 (SP1)
25-Feb-2022 01:56:32.782 INFO [http-nio-8080-exec-226] org.jboss.weld.bootstrap.WeldStartup.startContainer WELD-000101: Transactional services not available. Injection of @Inject UserTransaction not available. Transactional observers will be invoked synchronously.
25-Feb-2022 01:56:32.927 INFO [http-nio-8080-exec-226] org.jboss.weld.environment.tomcat.TomcatContainer.initialize WELD-ENV-001100: Tomcat 7+ detected, CDI injection will be available in Servlets, Filters and Listeners.
25-Feb-2022 01:56:33.039 INFO [http-nio-8080-exec-226] org.apache.catalina.startup.HostConfig.deployWAR Deployment of web application archive [D:\Master Completo en Java\apache-tomcat-10.0.16\webapps\webapp.war] has finished in [1.550] ms
25-Feb-2022 02:11:52.129 INFO [http-nio-8080-exec-234] org.apache.catalina.startup.HostConfig.undeploy Repliegue (undeploy) de la aplicación web que tiene como trayectoria de contexto [/webapp]
25-Feb-2022 02:11:52.163 INFO [http-nio-8080-exec-234] org.apache.catalina.startup.HostConfig.deployWAR Despliegue del archivo [D:\Master Completo en Java\apache-tomcat-10.0.16\webapps\webapp.war] de la aplicación web
25-Feb-2022 02:11:53.257 INFO [http-nio-8080-exec-234] org.apache.jasper.servlet.TldScanner.scanJars Al menos un JAR, que se ha explorado buscando TLDs, aún no contenía TLDs. Activar historial de depuración para este historiador para una completa lista de los JARs que fueron explorados y de los que nos se halló TLDs. Saltarse JARs no necesarios durante la exploración puede dar lugar a una mejora de tiempo significativa en el arranque y compilación de JSP .
25-Feb-2022 02:11:53.271 INFO [http-nio-8080-exec-234] org.jboss.weld.environment.servlet.EnhancedListener.onStartup WELD-ENV-001008: Initialize Weld using ServletContainerInitializer
25-Feb-2022 02:11:53.286 INFO [http-nio-8080-exec-234] org.jboss.weld.bootstrap.WeldStartup.<clinit> WELD-000900: 4.0.1 (SP1)
25-Feb-2022 02:11:53.396 INFO [http-nio-8080-exec-234] org.jboss.weld.bootstrap.WeldStartup.startContainer WELD-000101: Transactional services not available. Injection of @Inject UserTransaction not available. Transactional observers will be invoked synchronously.
25-Feb-2022 02:11:53.531 INFO [http-nio-8080-exec-234] org.jboss.weld.environment.tomcat.TomcatContainer.initialize WELD-ENV-001100: Tomcat 7+ detected, CDI injection will be available in Servlets, Filters and Listeners.
25-Feb-2022 02:11:53.608 SEVERE [http-nio-8080-exec-234] org.apache.catalina.startup.HostConfig.deployWAR Error durante el despliegue del archivo [D:\Master Completo en Java\apache-tomcat-10.0.16\webapps\webapp.war] de la aplicación web
	java.lang.IllegalStateException: Error starting child
		at org.apache.catalina.core.ContainerBase.addChildInternal(ContainerBase.java:729)
		at org.apache.catalina.core.ContainerBase.addChild(ContainerBase.java:698)
		at org.apache.catalina.core.StandardHost.addChild(StandardHost.java:747)
		at org.apache.catalina.startup.HostConfig.deployWAR(HostConfig.java:1027)
		at org.apache.catalina.startup.HostConfig.deployApps(HostConfig.java:547)
		at org.apache.catalina.startup.HostConfig.check(HostConfig.java:1780)
		at java.base/jdk.internal.reflect.NativeMethodAccessorImpl.invoke0(Native Method)
		at java.base/jdk.internal.reflect.NativeMethodAccessorImpl.invoke(NativeMethodAccessorImpl.java:78)
		at java.base/jdk.internal.reflect.DelegatingMethodAccessorImpl.invoke(DelegatingMethodAccessorImpl.java:43)
		at java.base/java.lang.reflect.Method.invoke(Method.java:567)
		at org.apache.tomcat.util.modeler.BaseModelMBean.invoke(BaseModelMBean.java:293)
		at java.management/com.sun.jmx.interceptor.DefaultMBeanServerInterceptor.invoke(DefaultMBeanServerInterceptor.java:809)
		at java.management/com.sun.jmx.mbeanserver.JmxMBeanServer.invoke(JmxMBeanServer.java:801)
		at org.apache.catalina.manager.ManagerServlet.check(ManagerServlet.java:1592)
		at org.apache.catalina.manager.ManagerServlet.deploy(ManagerServlet.java:856)
		at org.apache.catalina.manager.ManagerServlet.doPut(ManagerServlet.java:458)
		at jakarta.servlet.http.HttpServlet.service(HttpServlet.java:697)
		at jakarta.servlet.http.HttpServlet.service(HttpServlet.java:777)
		at org.apache.catalina.core.ApplicationFilterChain.internalDoFilter(ApplicationFilterChain.java:223)
		at org.apache.catalina.core.ApplicationFilterChain.doFilter(ApplicationFilterChain.java:158)
		at org.apache.tomcat.websocket.server.WsFilter.doFilter(WsFilter.java:53)
		at org.apache.catalina.core.ApplicationFilterChain.internalDoFilter(ApplicationFilterChain.java:185)
		at org.apache.catalina.core.ApplicationFilterChain.doFilter(ApplicationFilterChain.java:158)
		at org.apache.catalina.filters.HttpHeaderSecurityFilter.doFilter(HttpHeaderSecurityFilter.java:126)
		at org.apache.catalina.core.ApplicationFilterChain.internalDoFilter(ApplicationFilterChain.java:185)
		at org.apache.catalina.core.ApplicationFilterChain.doFilter(ApplicationFilterChain.java:158)
		at org.apache.catalina.core.StandardWrapperValve.invoke(StandardWrapperValve.java:197)
		at org.apache.catalina.core.StandardContextValve.invoke(StandardContextValve.java:97)
		at org.apache.catalina.authenticator.AuthenticatorBase.invoke(AuthenticatorBase.java:660)
		at org.apache.catalina.valves.RequestFilterValve.process(RequestFilterValve.java:378)
		at org.apache.catalina.valves.RemoteAddrValve.invoke(RemoteAddrValve.java:56)
		at org.apache.catalina.core.StandardHostValve.invoke(StandardHostValve.java:119)
		at org.apache.catalina.valves.ErrorReportValve.invoke(ErrorReportValve.java:92)
		at org.apache.catalina.valves.AbstractAccessLogValve.invoke(AbstractAccessLogValve.java:690)
		at org.apache.catalina.core.StandardEngineValve.invoke(StandardEngineValve.java:78)
		at org.apache.catalina.connector.CoyoteAdapter.service(CoyoteAdapter.java:355)
		at org.apache.coyote.http11.Http11Processor.service(Http11Processor.java:399)
		at org.apache.coyote.AbstractProcessorLight.process(AbstractProcessorLight.java:65)
		at org.apache.coyote.AbstractProtocol$ConnectionHandler.process(AbstractProtocol.java:866)
		at org.apache.tomcat.util.net.NioEndpoint$SocketProcessor.doRun(NioEndpoint.java:1708)
		at org.apache.tomcat.util.net.SocketProcessorBase.run(SocketProcessorBase.java:49)
		at org.apache.tomcat.util.threads.ThreadPoolExecutor.runWorker(ThreadPoolExecutor.java:1191)
		at org.apache.tomcat.util.threads.ThreadPoolExecutor$Worker.run(ThreadPoolExecutor.java:659)
		at org.apache.tomcat.util.threads.TaskThread$WrappingRunnable.run(TaskThread.java:61)
		at java.base/java.lang.Thread.run(Thread.java:831)
	Caused by: org.apache.catalina.LifecycleException: Failed to start component [StandardEngine[Catalina].StandardHost[localhost].StandardContext[/webapp]]
		at org.apache.catalina.util.LifecycleBase.handleSubClassException(LifecycleBase.java:440)
		at org.apache.catalina.util.LifecycleBase.start(LifecycleBase.java:198)
		at org.apache.catalina.core.ContainerBase.addChildInternal(ContainerBase.java:726)
		... 44 more
	Caused by: org.jboss.weld.exceptions.DeploymentException: Exception List with 4 exceptions:
Exception 0 :
org.jboss.weld.exceptions.DeploymentException: WELD-001409: Ambiguous dependencies for type ProductoService with qualifiers @Default
  at injection point [BackedAnnotatedField] @Inject private cabecera.controllers.AgregarCarroServlet.service
  at cabecera.controllers.AgregarCarroServlet.service(AgregarCarroServlet.java:0)
  Possible dependencies: 
  - Managed Bean [class cabecera.services.ProductoServiceImpl] with qualifiers [@Any @Default],
  - Managed Bean [class cabecera.services.ProductoServiceJdbcImpl] with qualifiers [@Any @Default]

	at org.jboss.weld.bootstrap.Validator.validateInjectionPointForDeploymentProblems(Validator.java:386)
	at org.jboss.weld.bootstrap.Validator.validateInjectionPoint(Validator.java:290)
	at org.jboss.weld.bootstrap.Validator.validateGeneralBean(Validator.java:143)
	at org.jboss.weld.bootstrap.Validator.validateRIBean(Validator.java:164)
	at org.jboss.weld.bootstrap.Validator.validateBean(Validator.java:526)
	at org.jboss.weld.bootstrap.ConcurrentValidator$1.doWork(ConcurrentValidator.java:64)
	at org.jboss.weld.bootstrap.ConcurrentValidator$1.doWork(ConcurrentValidator.java:62)
	at org.jboss.weld.executor.IterativeWorkerTaskFactory$1.call(IterativeWorkerTaskFactory.java:62)
	at org.jboss.weld.executor.IterativeWorkerTaskFactory$1.call(IterativeWorkerTaskFactory.java:55)
	at java.base/java.util.concurrent.FutureTask.run(FutureTask.java:264)
	at java.base/java.util.concurrent.ThreadPoolExecutor.runWorker(ThreadPoolExecutor.java:1130)
	at java.base/java.util.concurrent.ThreadPoolExecutor$Worker.run(ThreadPoolExecutor.java:630)
	at java.base/java.lang.Thread.run(Thread.java:831)
Exception 1 :
org.jboss.weld.exceptions.DeploymentException: WELD-001409: Ambiguous dependencies for type ProductoService with qualifiers @Default
  at injection point [BackedAnnotatedField] @Inject private cabecera.controllers.ProductoEliminarServlet.service
  at cabecera.controllers.ProductoEliminarServlet.service(ProductoEliminarServlet.java:0)
  Possible dependencies: 
  - Managed Bean [class cabecera.services.ProductoServiceImpl] with qualifiers [@Any @Default],
  - Managed Bean [class cabecera.services.ProductoServiceJdbcImpl] with qualifiers [@Any @Default]

	at org.jboss.weld.bootstrap.Validator.validateInjectionPointForDeploymentProblems(Validator.java:386)
	at org.jboss.weld.bootstrap.Validator.validateInjectionPoint(Validator.java:290)
	at org.jboss.weld.bootstrap.Validator.validateGeneralBean(Validator.java:143)
	at org.jboss.weld.bootstrap.Validator.validateRIBean(Validator.java:164)
	at org.jboss.weld.bootstrap.Validator.validateBean(Validator.java:526)
	at org.jboss.weld.bootstrap.ConcurrentValidator$1.doWork(ConcurrentValidator.java:64)
	at org.jboss.weld.bootstrap.ConcurrentValidator$1.doWork(ConcurrentValidator.java:62)
	at org.jboss.weld.executor.IterativeWorkerTaskFactory$1.call(IterativeWorkerTaskFactory.java:62)
	at org.jboss.weld.executor.IterativeWorkerTaskFactory$1.call(IterativeWorkerTaskFactory.java:55)
	at java.base/java.util.concurrent.FutureTask.run(FutureTask.java:264)
	at java.base/java.util.concurrent.ThreadPoolExecutor.runWorker(ThreadPoolExecutor.java:1130)
	at java.base/java.util.concurrent.ThreadPoolExecutor$Worker.run(ThreadPoolExecutor.java:630)
	at java.base/java.lang.Thread.run(Thread.java:831)
Exception 2 :
org.jboss.weld.exceptions.DeploymentException: WELD-001409: Ambiguous dependencies for type ProductoService with qualifiers @Default
  at injection point [BackedAnnotatedField] @Inject private cabecera.controllers.ProductoFormServlet.service
  at cabecera.controllers.ProductoFormServlet.service(ProductoFormServlet.java:0)
  Possible dependencies: 
  - Managed Bean [class cabecera.services.ProductoServiceImpl] with qualifiers [@Any @Default],
  - Managed Bean [class cabecera.services.ProductoServiceJdbcImpl] with qualifiers [@Any @Default]

	at org.jboss.weld.bootstrap.Validator.validateInjectionPointForDeploymentProblems(Validator.java:386)
	at org.jboss.weld.bootstrap.Validator.validateInjectionPoint(Validator.java:290)
	at org.jboss.weld.bootstrap.Validator.validateGeneralBean(Validator.java:143)
	at org.jboss.weld.bootstrap.Validator.validateRIBean(Validator.java:164)
	at org.jboss.weld.bootstrap.Validator.validateBean(Validator.java:526)
	at org.jboss.weld.bootstrap.ConcurrentValidator$1.doWork(ConcurrentValidator.java:64)
	at org.jboss.weld.bootstrap.ConcurrentValidator$1.doWork(ConcurrentValidator.java:62)
	at org.jboss.weld.executor.IterativeWorkerTaskFactory$1.call(IterativeWorkerTaskFactory.java:62)
	at org.jboss.weld.executor.IterativeWorkerTaskFactory$1.call(IterativeWorkerTaskFactory.java:55)
	at java.base/java.util.concurrent.FutureTask.run(FutureTask.java:264)
	at java.base/java.util.concurrent.ThreadPoolExecutor.runWorker(ThreadPoolExecutor.java:1130)
	at java.base/java.util.concurrent.ThreadPoolExecutor$Worker.run(ThreadPoolExecutor.java:630)
	at java.base/java.lang.Thread.run(Thread.java:831)
Exception 3 :
org.jboss.weld.exceptions.DeploymentException: WELD-001409: Ambiguous dependencies for type ProductoService with qualifiers @Default
  at injection point [BackedAnnotatedField] @Inject private cabecera.controllers.ProductoServlet.service
  at cabecera.controllers.ProductoServlet.service(ProductoServlet.java:0)
  Possible dependencies: 
  - Managed Bean [class cabecera.services.ProductoServiceImpl] with qualifiers [@Any @Default],
  - Managed Bean [class cabecera.services.ProductoServiceJdbcImpl] with qualifiers [@Any @Default]

	at org.jboss.weld.bootstrap.Validator.validateInjectionPointForDeploymentProblems(Validator.java:386)
	at org.jboss.weld.bootstrap.Validator.validateInjectionPoint(Validator.java:290)
	at org.jboss.weld.bootstrap.Validator.validateGeneralBean(Validator.java:143)
	at org.jboss.weld.bootstrap.Validator.validateRIBean(Validator.java:164)
	at org.jboss.weld.bootstrap.Validator.validateBean(Validator.java:526)
	at org.jboss.weld.bootstrap.ConcurrentValidator$1.doWork(ConcurrentValidator.java:64)
	at org.jboss.weld.bootstrap.ConcurrentValidator$1.doWork(ConcurrentValidator.java:62)
	at org.jboss.weld.executor.IterativeWorkerTaskFactory$1.call(IterativeWorkerTaskFactory.java:62)
	at org.jboss.weld.executor.IterativeWorkerTaskFactory$1.call(IterativeWorkerTaskFactory.java:55)
	at java.base/java.util.concurrent.FutureTask.run(FutureTask.java:264)
	at java.base/java.util.concurrent.ThreadPoolExecutor.runWorker(ThreadPoolExecutor.java:1130)
	at java.base/java.util.concurrent.ThreadPoolExecutor$Worker.run(ThreadPoolExecutor.java:630)
	at java.base/java.lang.Thread.run(Thread.java:831)

		at org.jboss.weld.bootstrap.ConcurrentValidator.validateBeans(ConcurrentValidator.java:72)
		at org.jboss.weld.bootstrap.Validator.validateDeployment(Validator.java:487)
		at org.jboss.weld.bootstrap.WeldStartup.validateBeans(WeldStartup.java:501)
		at org.jboss.weld.bootstrap.WeldBootstrap.validateBeans(WeldBootstrap.java:93)
		at org.jboss.weld.environment.servlet.WeldServletLifecycle.initialize(WeldServletLifecycle.java:236)
		at org.jboss.weld.environment.servlet.EnhancedListener.onStartup(EnhancedListener.java:62)
		at org.apache.catalina.core.StandardContext.startInternal(StandardContext.java:5168)
		at org.apache.catalina.util.LifecycleBase.start(LifecycleBase.java:183)
		... 45 more
		Suppressed: org.jboss.weld.exceptions.DeploymentException: WELD-001409: Ambiguous dependencies for type ProductoService with qualifiers @Default
  at injection point [BackedAnnotatedField] @Inject private cabecera.controllers.AgregarCarroServlet.service
  at cabecera.controllers.AgregarCarroServlet.service(AgregarCarroServlet.java:0)
  Possible dependencies: 
  - Managed Bean [class cabecera.services.ProductoServiceImpl] with qualifiers [@Any @Default],
  - Managed Bean [class cabecera.services.ProductoServiceJdbcImpl] with qualifiers [@Any @Default]

			at org.jboss.weld.bootstrap.Validator.validateInjectionPointForDeploymentProblems(Validator.java:386)
			at org.jboss.weld.bootstrap.Validator.validateInjectionPoint(Validator.java:290)
			at org.jboss.weld.bootstrap.Validator.validateGeneralBean(Validator.java:143)
			at org.jboss.weld.bootstrap.Validator.validateRIBean(Validator.java:164)
			at org.jboss.weld.bootstrap.Validator.validateBean(Validator.java:526)
			at org.jboss.weld.bootstrap.ConcurrentValidator$1.doWork(ConcurrentValidator.java:64)
			at org.jboss.weld.bootstrap.ConcurrentValidator$1.doWork(ConcurrentValidator.java:62)
			at org.jboss.weld.executor.IterativeWorkerTaskFactory$1.call(IterativeWorkerTaskFactory.java:62)
			at org.jboss.weld.executor.IterativeWorkerTaskFactory$1.call(IterativeWorkerTaskFactory.java:55)
			at java.base/java.util.concurrent.FutureTask.run(FutureTask.java:264)
			at java.base/java.util.concurrent.ThreadPoolExecutor.runWorker(ThreadPoolExecutor.java:1130)
			at java.base/java.util.concurrent.ThreadPoolExecutor$Worker.run(ThreadPoolExecutor.java:630)
			... 1 more
		Suppressed: org.jboss.weld.exceptions.DeploymentException: WELD-001409: Ambiguous dependencies for type ProductoService with qualifiers @Default
  at injection point [BackedAnnotatedField] @Inject private cabecera.controllers.ProductoEliminarServlet.service
  at cabecera.controllers.ProductoEliminarServlet.service(ProductoEliminarServlet.java:0)
  Possible dependencies: 
  - Managed Bean [class cabecera.services.ProductoServiceImpl] with qualifiers [@Any @Default],
  - Managed Bean [class cabecera.services.ProductoServiceJdbcImpl] with qualifiers [@Any @Default]

			at org.jboss.weld.bootstrap.Validator.validateInjectionPointForDeploymentProblems(Validator.java:386)
			at org.jboss.weld.bootstrap.Validator.validateInjectionPoint(Validator.java:290)
			at org.jboss.weld.bootstrap.Validator.validateGeneralBean(Validator.java:143)
			at org.jboss.weld.bootstrap.Validator.validateRIBean(Validator.java:164)
			at org.jboss.weld.bootstrap.Validator.validateBean(Validator.java:526)
			at org.jboss.weld.bootstrap.ConcurrentValidator$1.doWork(ConcurrentValidator.java:64)
			at org.jboss.weld.bootstrap.ConcurrentValidator$1.doWork(ConcurrentValidator.java:62)
			at org.jboss.weld.executor.IterativeWorkerTaskFactory$1.call(IterativeWorkerTaskFactory.java:62)
			at org.jboss.weld.executor.IterativeWorkerTaskFactory$1.call(IterativeWorkerTaskFactory.java:55)
			at java.base/java.util.concurrent.FutureTask.run(FutureTask.java:264)
			at java.base/java.util.concurrent.ThreadPoolExecutor.runWorker(ThreadPoolExecutor.java:1130)
			at java.base/java.util.concurrent.ThreadPoolExecutor$Worker.run(ThreadPoolExecutor.java:630)
			... 1 more
		Suppressed: org.jboss.weld.exceptions.DeploymentException: WELD-001409: Ambiguous dependencies for type ProductoService with qualifiers @Default
  at injection point [BackedAnnotatedField] @Inject private cabecera.controllers.ProductoFormServlet.service
  at cabecera.controllers.ProductoFormServlet.service(ProductoFormServlet.java:0)
  Possible dependencies: 
  - Managed Bean [class cabecera.services.ProductoServiceImpl] with qualifiers [@Any @Default],
  - Managed Bean [class cabecera.services.ProductoServiceJdbcImpl] with qualifiers [@Any @Default]

			at org.jboss.weld.bootstrap.Validator.validateInjectionPointForDeploymentProblems(Validator.java:386)
			at org.jboss.weld.bootstrap.Validator.validateInjectionPoint(Validator.java:290)
			at org.jboss.weld.bootstrap.Validator.validateGeneralBean(Validator.java:143)
			at org.jboss.weld.bootstrap.Validator.validateRIBean(Validator.java:164)
			at org.jboss.weld.bootstrap.Validator.validateBean(Validator.java:526)
			at org.jboss.weld.bootstrap.ConcurrentValidator$1.doWork(ConcurrentValidator.java:64)
			at org.jboss.weld.bootstrap.ConcurrentValidator$1.doWork(ConcurrentValidator.java:62)
			at org.jboss.weld.executor.IterativeWorkerTaskFactory$1.call(IterativeWorkerTaskFactory.java:62)
			at org.jboss.weld.executor.IterativeWorkerTaskFactory$1.call(IterativeWorkerTaskFactory.java:55)
			at java.base/java.util.concurrent.FutureTask.run(FutureTask.java:264)
			at java.base/java.util.concurrent.ThreadPoolExecutor.runWorker(ThreadPoolExecutor.java:1130)
			at java.base/java.util.concurrent.ThreadPoolExecutor$Worker.run(ThreadPoolExecutor.java:630)
			... 1 more
		Suppressed: org.jboss.weld.exceptions.DeploymentException: WELD-001409: Ambiguous dependencies for type ProductoService with qualifiers @Default
  at injection point [BackedAnnotatedField] @Inject private cabecera.controllers.ProductoServlet.service
  at cabecera.controllers.ProductoServlet.service(ProductoServlet.java:0)
  Possible dependencies: 
  - Managed Bean [class cabecera.services.ProductoServiceImpl] with qualifiers [@Any @Default],
  - Managed Bean [class cabecera.services.ProductoServiceJdbcImpl] with qualifiers [@Any @Default]

			at org.jboss.weld.bootstrap.Validator.validateInjectionPointForDeploymentProblems(Validator.java:386)
			at org.jboss.weld.bootstrap.Validator.validateInjectionPoint(Validator.java:290)
			at org.jboss.weld.bootstrap.Validator.validateGeneralBean(Validator.java:143)
			at org.jboss.weld.bootstrap.Validator.validateRIBean(Validator.java:164)
			at org.jboss.weld.bootstrap.Validator.validateBean(Validator.java:526)
			at org.jboss.weld.bootstrap.ConcurrentValidator$1.doWork(ConcurrentValidator.java:64)
			at org.jboss.weld.bootstrap.ConcurrentValidator$1.doWork(ConcurrentValidator.java:62)
			at org.jboss.weld.executor.IterativeWorkerTaskFactory$1.call(IterativeWorkerTaskFactory.java:62)
			at org.jboss.weld.executor.IterativeWorkerTaskFactory$1.call(IterativeWorkerTaskFactory.java:55)
			at java.base/java.util.concurrent.FutureTask.run(FutureTask.java:264)
			at java.base/java.util.concurrent.ThreadPoolExecutor.runWorker(ThreadPoolExecutor.java:1130)
			at java.base/java.util.concurrent.ThreadPoolExecutor$Worker.run(ThreadPoolExecutor.java:630)
			... 1 more
25-Feb-2022 02:11:53.614 INFO [http-nio-8080-exec-234] org.apache.catalina.startup.HostConfig.deployWAR Deployment of web application archive [D:\Master Completo en Java\apache-tomcat-10.0.16\webapps\webapp.war] has finished in [1.451] ms
25-Feb-2022 02:18:25.629 INFO [http-nio-8080-exec-244] org.apache.catalina.startup.HostConfig.undeploy Repliegue (undeploy) de la aplicación web que tiene como trayectoria de contexto [/webapp]
25-Feb-2022 02:18:25.631 WARNING [http-nio-8080-exec-244] org.apache.catalina.loader.WebappClassLoaderBase.clearReferencesThreads The web application [webapp] appears to have started a thread named [weld-worker-1] but has failed to stop it. This is very likely to create a memory leak. Stack trace of thread:
 java.base@16.0.1/jdk.internal.misc.Unsafe.park(Native Method)
 java.base@16.0.1/java.util.concurrent.locks.LockSupport.park(LockSupport.java:341)
 java.base@16.0.1/java.util.concurrent.locks.AbstractQueuedSynchronizer$ConditionNode.block(AbstractQueuedSynchronizer.java:505)
 java.base@16.0.1/java.util.concurrent.ForkJoinPool.managedBlock(ForkJoinPool.java:3137)
 java.base@16.0.1/java.util.concurrent.locks.AbstractQueuedSynchronizer$ConditionObject.await(AbstractQueuedSynchronizer.java:1614)
 java.base@16.0.1/java.util.concurrent.LinkedBlockingQueue.take(LinkedBlockingQueue.java:435)
 java.base@16.0.1/java.util.concurrent.ThreadPoolExecutor.getTask(ThreadPoolExecutor.java:1056)
 java.base@16.0.1/java.util.concurrent.ThreadPoolExecutor.runWorker(ThreadPoolExecutor.java:1116)
 java.base@16.0.1/java.util.concurrent.ThreadPoolExecutor$Worker.run(ThreadPoolExecutor.java:630)
 java.base@16.0.1/java.lang.Thread.run(Thread.java:831)
25-Feb-2022 02:18:25.631 WARNING [http-nio-8080-exec-244] org.apache.catalina.loader.WebappClassLoaderBase.clearReferencesThreads The web application [webapp] appears to have started a thread named [weld-worker-2] but has failed to stop it. This is very likely to create a memory leak. Stack trace of thread:
 java.base@16.0.1/jdk.internal.misc.Unsafe.park(Native Method)
 java.base@16.0.1/java.util.concurrent.locks.LockSupport.park(LockSupport.java:341)
 java.base@16.0.1/java.util.concurrent.locks.AbstractQueuedSynchronizer$ConditionNode.block(AbstractQueuedSynchronizer.java:505)
 java.base@16.0.1/java.util.concurrent.ForkJoinPool.managedBlock(ForkJoinPool.java:3137)
 java.base@16.0.1/java.util.concurrent.locks.AbstractQueuedSynchronizer$ConditionObject.await(AbstractQueuedSynchronizer.java:1614)
 java.base@16.0.1/java.util.concurrent.LinkedBlockingQueue.take(LinkedBlockingQueue.java:435)
 java.base@16.0.1/java.util.concurrent.ThreadPoolExecutor.getTask(ThreadPoolExecutor.java:1056)
 java.base@16.0.1/java.util.concurrent.ThreadPoolExecutor.runWorker(ThreadPoolExecutor.java:1116)
 java.base@16.0.1/java.util.concurrent.ThreadPoolExecutor$Worker.run(ThreadPoolExecutor.java:630)
 java.base@16.0.1/java.lang.Thread.run(Thread.java:831)
25-Feb-2022 02:18:25.632 WARNING [http-nio-8080-exec-244] org.apache.catalina.loader.WebappClassLoaderBase.clearReferencesThreads The web application [webapp] appears to have started a thread named [weld-worker-3] but has failed to stop it. This is very likely to create a memory leak. Stack trace of thread:
 java.base@16.0.1/jdk.internal.misc.Unsafe.park(Native Method)
 java.base@16.0.1/java.util.concurrent.locks.LockSupport.park(LockSupport.java:341)
 java.base@16.0.1/java.util.concurrent.locks.AbstractQueuedSynchronizer$ConditionNode.block(AbstractQueuedSynchronizer.java:505)
 java.base@16.0.1/java.util.concurrent.ForkJoinPool.managedBlock(ForkJoinPool.java:3137)
 java.base@16.0.1/java.util.concurrent.locks.AbstractQueuedSynchronizer$ConditionObject.await(AbstractQueuedSynchronizer.java:1614)
 java.base@16.0.1/java.util.concurrent.LinkedBlockingQueue.take(LinkedBlockingQueue.java:435)
 java.base@16.0.1/java.util.concurrent.ThreadPoolExecutor.getTask(ThreadPoolExecutor.java:1056)
 java.base@16.0.1/java.util.concurrent.ThreadPoolExecutor.runWorker(ThreadPoolExecutor.java:1116)
 java.base@16.0.1/java.util.concurrent.ThreadPoolExecutor$Worker.run(ThreadPoolExecutor.java:630)
 java.base@16.0.1/java.lang.Thread.run(Thread.java:831)
25-Feb-2022 02:18:25.632 WARNING [http-nio-8080-exec-244] org.apache.catalina.loader.WebappClassLoaderBase.clearReferencesThreads The web application [webapp] appears to have started a thread named [weld-worker-4] but has failed to stop it. This is very likely to create a memory leak. Stack trace of thread:
 java.base@16.0.1/jdk.internal.misc.Unsafe.park(Native Method)
 java.base@16.0.1/java.util.concurrent.locks.LockSupport.park(LockSupport.java:341)
 java.base@16.0.1/java.util.concurrent.locks.AbstractQueuedSynchronizer$ConditionNode.block(AbstractQueuedSynchronizer.java:505)
 java.base@16.0.1/java.util.concurrent.ForkJoinPool.managedBlock(ForkJoinPool.java:3137)
 java.base@16.0.1/java.util.concurrent.locks.AbstractQueuedSynchronizer$ConditionObject.await(AbstractQueuedSynchronizer.java:1614)
 java.base@16.0.1/java.util.concurrent.LinkedBlockingQueue.take(LinkedBlockingQueue.java:435)
 java.base@16.0.1/java.util.concurrent.ThreadPoolExecutor.getTask(ThreadPoolExecutor.java:1056)
 java.base@16.0.1/java.util.concurrent.ThreadPoolExecutor.runWorker(ThreadPoolExecutor.java:1116)
 java.base@16.0.1/java.util.concurrent.ThreadPoolExecutor$Worker.run(ThreadPoolExecutor.java:630)
 java.base@16.0.1/java.lang.Thread.run(Thread.java:831)
25-Feb-2022 02:18:25.633 WARNING [http-nio-8080-exec-244] org.apache.catalina.loader.WebappClassLoaderBase.clearReferencesThreads The web application [webapp] appears to have started a thread named [weld-worker-5] but has failed to stop it. This is very likely to create a memory leak. Stack trace of thread:
 java.base@16.0.1/jdk.internal.misc.Unsafe.park(Native Method)
 java.base@16.0.1/java.util.concurrent.locks.LockSupport.park(LockSupport.java:341)
 java.base@16.0.1/java.util.concurrent.locks.AbstractQueuedSynchronizer$ConditionNode.block(AbstractQueuedSynchronizer.java:505)
 java.base@16.0.1/java.util.concurrent.ForkJoinPool.managedBlock(ForkJoinPool.java:3137)
 java.base@16.0.1/java.util.concurrent.locks.AbstractQueuedSynchronizer$ConditionObject.await(AbstractQueuedSynchronizer.java:1614)
 java.base@16.0.1/java.util.concurrent.LinkedBlockingQueue.take(LinkedBlockingQueue.java:435)
 java.base@16.0.1/java.util.concurrent.ThreadPoolExecutor.getTask(ThreadPoolExecutor.java:1056)
 java.base@16.0.1/java.util.concurrent.ThreadPoolExecutor.runWorker(ThreadPoolExecutor.java:1116)
 java.base@16.0.1/java.util.concurrent.ThreadPoolExecutor$Worker.run(ThreadPoolExecutor.java:630)
 java.base@16.0.1/java.lang.Thread.run(Thread.java:831)
25-Feb-2022 02:18:25.633 WARNING [http-nio-8080-exec-244] org.apache.catalina.loader.WebappClassLoaderBase.clearReferencesThreads The web application [webapp] appears to have started a thread named [weld-worker-6] but has failed to stop it. This is very likely to create a memory leak. Stack trace of thread:
 java.base@16.0.1/jdk.internal.misc.Unsafe.park(Native Method)
 java.base@16.0.1/java.util.concurrent.locks.LockSupport.park(LockSupport.java:341)
 java.base@16.0.1/java.util.concurrent.locks.AbstractQueuedSynchronizer$ConditionNode.block(AbstractQueuedSynchronizer.java:505)
 java.base@16.0.1/java.util.concurrent.ForkJoinPool.managedBlock(ForkJoinPool.java:3137)
 java.base@16.0.1/java.util.concurrent.locks.AbstractQueuedSynchronizer$ConditionObject.await(AbstractQueuedSynchronizer.java:1614)
 java.base@16.0.1/java.util.concurrent.LinkedBlockingQueue.take(LinkedBlockingQueue.java:435)
 java.base@16.0.1/java.util.concurrent.ThreadPoolExecutor.getTask(ThreadPoolExecutor.java:1056)
 java.base@16.0.1/java.util.concurrent.ThreadPoolExecutor.runWorker(ThreadPoolExecutor.java:1116)
 java.base@16.0.1/java.util.concurrent.ThreadPoolExecutor$Worker.run(ThreadPoolExecutor.java:630)
 java.base@16.0.1/java.lang.Thread.run(Thread.java:831)
25-Feb-2022 02:18:25.634 WARNING [http-nio-8080-exec-244] org.apache.catalina.loader.WebappClassLoaderBase.clearReferencesThreads The web application [webapp] appears to have started a thread named [weld-worker-7] but has failed to stop it. This is very likely to create a memory leak. Stack trace of thread:
 java.base@16.0.1/jdk.internal.misc.Unsafe.park(Native Method)
 java.base@16.0.1/java.util.concurrent.locks.LockSupport.park(LockSupport.java:341)
 java.base@16.0.1/java.util.concurrent.locks.AbstractQueuedSynchronizer$ConditionNode.block(AbstractQueuedSynchronizer.java:505)
 java.base@16.0.1/java.util.concurrent.ForkJoinPool.managedBlock(ForkJoinPool.java:3137)
 java.base@16.0.1/java.util.concurrent.locks.AbstractQueuedSynchronizer$ConditionObject.await(AbstractQueuedSynchronizer.java:1614)
 java.base@16.0.1/java.util.concurrent.LinkedBlockingQueue.take(LinkedBlockingQueue.java:435)
 java.base@16.0.1/java.util.concurrent.ThreadPoolExecutor.getTask(ThreadPoolExecutor.java:1056)
 java.base@16.0.1/java.util.concurrent.ThreadPoolExecutor.runWorker(ThreadPoolExecutor.java:1116)
 java.base@16.0.1/java.util.concurrent.ThreadPoolExecutor$Worker.run(ThreadPoolExecutor.java:630)
 java.base@16.0.1/java.lang.Thread.run(Thread.java:831)
25-Feb-2022 02:18:25.634 WARNING [http-nio-8080-exec-244] org.apache.catalina.loader.WebappClassLoaderBase.clearReferencesThreads The web application [webapp] appears to have started a thread named [weld-worker-8] but has failed to stop it. This is very likely to create a memory leak. Stack trace of thread:
 java.base@16.0.1/jdk.internal.misc.Unsafe.park(Native Method)
 java.base@16.0.1/java.util.concurrent.locks.LockSupport.park(LockSupport.java:341)
 java.base@16.0.1/java.util.concurrent.locks.AbstractQueuedSynchronizer$ConditionNode.block(AbstractQueuedSynchronizer.java:505)
 java.base@16.0.1/java.util.concurrent.ForkJoinPool.managedBlock(ForkJoinPool.java:3137)
 java.base@16.0.1/java.util.concurrent.locks.AbstractQueuedSynchronizer$ConditionObject.await(AbstractQueuedSynchronizer.java:1614)
 java.base@16.0.1/java.util.concurrent.LinkedBlockingQueue.take(LinkedBlockingQueue.java:435)
 java.base@16.0.1/java.util.concurrent.ThreadPoolExecutor.getTask(ThreadPoolExecutor.java:1056)
 java.base@16.0.1/java.util.concurrent.ThreadPoolExecutor.runWorker(ThreadPoolExecutor.java:1116)
 java.base@16.0.1/java.util.concurrent.ThreadPoolExecutor$Worker.run(ThreadPoolExecutor.java:630)
 java.base@16.0.1/java.lang.Thread.run(Thread.java:831)
25-Feb-2022 02:18:25.635 WARNING [http-nio-8080-exec-244] org.apache.catalina.loader.WebappClassLoaderBase.clearReferencesThreads The web application [webapp] appears to have started a thread named [weld-worker-9] but has failed to stop it. This is very likely to create a memory leak. Stack trace of thread:
 java.base@16.0.1/jdk.internal.misc.Unsafe.park(Native Method)
 java.base@16.0.1/java.util.concurrent.locks.LockSupport.park(LockSupport.java:341)
 java.base@16.0.1/java.util.concurrent.locks.AbstractQueuedSynchronizer$ConditionNode.block(AbstractQueuedSynchronizer.java:505)
 java.base@16.0.1/java.util.concurrent.ForkJoinPool.managedBlock(ForkJoinPool.java:3137)
 java.base@16.0.1/java.util.concurrent.locks.AbstractQueuedSynchronizer$ConditionObject.await(AbstractQueuedSynchronizer.java:1614)
 java.base@16.0.1/java.util.concurrent.LinkedBlockingQueue.take(LinkedBlockingQueue.java:435)
 java.base@16.0.1/java.util.concurrent.ThreadPoolExecutor.getTask(ThreadPoolExecutor.java:1056)
 java.base@16.0.1/java.util.concurrent.ThreadPoolExecutor.runWorker(ThreadPoolExecutor.java:1116)
 java.base@16.0.1/java.util.concurrent.ThreadPoolExecutor$Worker.run(ThreadPoolExecutor.java:630)
 java.base@16.0.1/java.lang.Thread.run(Thread.java:831)
25-Feb-2022 02:18:25.636 WARNING [http-nio-8080-exec-244] org.apache.catalina.loader.WebappClassLoaderBase.clearReferencesThreads The web application [webapp] appears to have started a thread named [weld-worker-10] but has failed to stop it. This is very likely to create a memory leak. Stack trace of thread:
 java.base@16.0.1/jdk.internal.misc.Unsafe.park(Native Method)
 java.base@16.0.1/java.util.concurrent.locks.LockSupport.park(LockSupport.java:341)
 java.base@16.0.1/java.util.concurrent.locks.AbstractQueuedSynchronizer$ConditionNode.block(AbstractQueuedSynchronizer.java:505)
 java.base@16.0.1/java.util.concurrent.ForkJoinPool.managedBlock(ForkJoinPool.java:3137)
 java.base@16.0.1/java.util.concurrent.locks.AbstractQueuedSynchronizer$ConditionObject.await(AbstractQueuedSynchronizer.java:1614)
 java.base@16.0.1/java.util.concurrent.LinkedBlockingQueue.take(LinkedBlockingQueue.java:435)
 java.base@16.0.1/java.util.concurrent.ThreadPoolExecutor.getTask(ThreadPoolExecutor.java:1056)
 java.base@16.0.1/java.util.concurrent.ThreadPoolExecutor.runWorker(ThreadPoolExecutor.java:1116)
 java.base@16.0.1/java.util.concurrent.ThreadPoolExecutor$Worker.run(ThreadPoolExecutor.java:630)
 java.base@16.0.1/java.lang.Thread.run(Thread.java:831)
25-Feb-2022 02:18:25.636 WARNING [http-nio-8080-exec-244] org.apache.catalina.loader.WebappClassLoaderBase.clearReferencesThreads The web application [webapp] appears to have started a thread named [weld-worker-11] but has failed to stop it. This is very likely to create a memory leak. Stack trace of thread:
 java.base@16.0.1/jdk.internal.misc.Unsafe.park(Native Method)
 java.base@16.0.1/java.util.concurrent.locks.LockSupport.park(LockSupport.java:341)
 java.base@16.0.1/java.util.concurrent.locks.AbstractQueuedSynchronizer$ConditionNode.block(AbstractQueuedSynchronizer.java:505)
 java.base@16.0.1/java.util.concurrent.ForkJoinPool.managedBlock(ForkJoinPool.java:3137)
 java.base@16.0.1/java.util.concurrent.locks.AbstractQueuedSynchronizer$ConditionObject.await(AbstractQueuedSynchronizer.java:1614)
 java.base@16.0.1/java.util.concurrent.LinkedBlockingQueue.take(LinkedBlockingQueue.java:435)
 java.base@16.0.1/java.util.concurrent.ThreadPoolExecutor.getTask(ThreadPoolExecutor.java:1056)
 java.base@16.0.1/java.util.concurrent.ThreadPoolExecutor.runWorker(ThreadPoolExecutor.java:1116)
 java.base@16.0.1/java.util.concurrent.ThreadPoolExecutor$Worker.run(ThreadPoolExecutor.java:630)
 java.base@16.0.1/java.lang.Thread.run(Thread.java:831)
25-Feb-2022 02:18:25.636 WARNING [http-nio-8080-exec-244] org.apache.catalina.loader.WebappClassLoaderBase.clearReferencesThreads The web application [webapp] appears to have started a thread named [weld-worker-12] but has failed to stop it. This is very likely to create a memory leak. Stack trace of thread:
 java.base@16.0.1/jdk.internal.misc.Unsafe.park(Native Method)
 java.base@16.0.1/java.util.concurrent.locks.LockSupport.park(LockSupport.java:341)
 java.base@16.0.1/java.util.concurrent.locks.AbstractQueuedSynchronizer$ConditionNode.block(AbstractQueuedSynchronizer.java:505)
 java.base@16.0.1/java.util.concurrent.ForkJoinPool.managedBlock(ForkJoinPool.java:3137)
 java.base@16.0.1/java.util.concurrent.locks.AbstractQueuedSynchronizer$ConditionObject.await(AbstractQueuedSynchronizer.java:1614)
 java.base@16.0.1/java.util.concurrent.LinkedBlockingQueue.take(LinkedBlockingQueue.java:435)
 java.base@16.0.1/java.util.concurrent.ThreadPoolExecutor.getTask(ThreadPoolExecutor.java:1056)
 java.base@16.0.1/java.util.concurrent.ThreadPoolExecutor.runWorker(ThreadPoolExecutor.java:1116)
 java.base@16.0.1/java.util.concurrent.ThreadPoolExecutor$Worker.run(ThreadPoolExecutor.java:630)
 java.base@16.0.1/java.lang.Thread.run(Thread.java:831)
25-Feb-2022 02:18:25.662 INFO [http-nio-8080-exec-244] org.apache.catalina.startup.HostConfig.deployWAR Despliegue del archivo [D:\Master Completo en Java\apache-tomcat-10.0.16\webapps\webapp.war] de la aplicación web
25-Feb-2022 02:18:26.710 INFO [http-nio-8080-exec-244] org.apache.jasper.servlet.TldScanner.scanJars Al menos un JAR, que se ha explorado buscando TLDs, aún no contenía TLDs. Activar historial de depuración para este historiador para una completa lista de los JARs que fueron explorados y de los que nos se halló TLDs. Saltarse JARs no necesarios durante la exploración puede dar lugar a una mejora de tiempo significativa en el arranque y compilación de JSP .
25-Feb-2022 02:18:26.726 INFO [http-nio-8080-exec-244] org.jboss.weld.environment.servlet.EnhancedListener.onStartup WELD-ENV-001008: Initialize Weld using ServletContainerInitializer
25-Feb-2022 02:18:26.740 INFO [http-nio-8080-exec-244] org.jboss.weld.bootstrap.WeldStartup.<clinit> WELD-000900: 4.0.1 (SP1)
25-Feb-2022 02:18:26.844 INFO [http-nio-8080-exec-244] org.jboss.weld.bootstrap.WeldStartup.startContainer WELD-000101: Transactional services not available. Injection of @Inject UserTransaction not available. Transactional observers will be invoked synchronously.
25-Feb-2022 02:18:26.969 INFO [http-nio-8080-exec-244] org.jboss.weld.environment.tomcat.TomcatContainer.initialize WELD-ENV-001100: Tomcat 7+ detected, CDI injection will be available in Servlets, Filters and Listeners.
25-Feb-2022 02:18:27.077 INFO [http-nio-8080-exec-244] org.apache.catalina.startup.HostConfig.deployWAR Deployment of web application archive [D:\Master Completo en Java\apache-tomcat-10.0.16\webapps\webapp.war] has finished in [1.415] ms
25-Feb-2022 02:20:03.804 INFO [http-nio-8080-exec-252] org.apache.catalina.startup.HostConfig.undeploy Repliegue (undeploy) de la aplicación web que tiene como trayectoria de contexto [/webapp]
25-Feb-2022 02:20:03.848 INFO [http-nio-8080-exec-252] org.apache.catalina.startup.HostConfig.deployWAR Despliegue del archivo [D:\Master Completo en Java\apache-tomcat-10.0.16\webapps\webapp.war] de la aplicación web
25-Feb-2022 02:20:04.988 INFO [http-nio-8080-exec-252] org.apache.jasper.servlet.TldScanner.scanJars Al menos un JAR, que se ha explorado buscando TLDs, aún no contenía TLDs. Activar historial de depuración para este historiador para una completa lista de los JARs que fueron explorados y de los que nos se halló TLDs. Saltarse JARs no necesarios durante la exploración puede dar lugar a una mejora de tiempo significativa en el arranque y compilación de JSP .
25-Feb-2022 02:20:05.003 INFO [http-nio-8080-exec-252] org.jboss.weld.environment.servlet.EnhancedListener.onStartup WELD-ENV-001008: Initialize Weld using ServletContainerInitializer
25-Feb-2022 02:20:05.018 INFO [http-nio-8080-exec-252] org.jboss.weld.bootstrap.WeldStartup.<clinit> WELD-000900: 4.0.1 (SP1)
25-Feb-2022 02:20:05.124 INFO [http-nio-8080-exec-252] org.jboss.weld.bootstrap.WeldStartup.startContainer WELD-000101: Transactional services not available. Injection of @Inject UserTransaction not available. Transactional observers will be invoked synchronously.
25-Feb-2022 02:20:05.261 INFO [http-nio-8080-exec-252] org.jboss.weld.environment.tomcat.TomcatContainer.initialize WELD-ENV-001100: Tomcat 7+ detected, CDI injection will be available in Servlets, Filters and Listeners.
25-Feb-2022 02:20:05.375 INFO [http-nio-8080-exec-252] org.apache.catalina.startup.HostConfig.deployWAR Deployment of web application archive [D:\Master Completo en Java\apache-tomcat-10.0.16\webapps\webapp.war] has finished in [1.527] ms
