28-Feb-2022 23:13:15.525 INFO [main] org.apache.catalina.startup.VersionLoggerListener.log Nombre de la versión del servidor: Apache Tomcat/10.0.16
28-Feb-2022 23:13:15.529 INFO [main] org.apache.catalina.startup.VersionLoggerListener.log Server built:                      Jan 15 2022 13:19:56 UTC
28-Feb-2022 23:13:15.529 INFO [main] org.apache.catalina.startup.VersionLoggerListener.log Número de versión de servidor:     10.0.16.0
28-Feb-2022 23:13:15.529 INFO [main] org.apache.catalina.startup.VersionLoggerListener.log OS Name:                           Windows 10
28-Feb-2022 23:13:15.530 INFO [main] org.apache.catalina.startup.VersionLoggerListener.log Versión de Systema Operativo:      10.0
28-Feb-2022 23:13:15.530 INFO [main] org.apache.catalina.startup.VersionLoggerListener.log Arquitectura:                      amd64
28-Feb-2022 23:13:15.530 INFO [main] org.apache.catalina.startup.VersionLoggerListener.log Java Home:                         C:\Program Files\Java\jdk-16.0.1
28-Feb-2022 23:13:15.530 INFO [main] org.apache.catalina.startup.VersionLoggerListener.log JVM Version:                       16.0.1+9-24
28-Feb-2022 23:13:15.530 INFO [main] org.apache.catalina.startup.VersionLoggerListener.log Vededor JVM:                       Oracle Corporation
28-Feb-2022 23:13:15.532 INFO [main] org.apache.catalina.startup.VersionLoggerListener.log CATALINA_BASE:                     D:\Master Completo en Java\apache-tomcat-10.0.16
28-Feb-2022 23:13:15.532 INFO [main] org.apache.catalina.startup.VersionLoggerListener.log CATALINA_HOME:                     D:\Master Completo en Java\apache-tomcat-10.0.16
28-Feb-2022 23:13:15.543 INFO [main] org.apache.catalina.startup.VersionLoggerListener.log Command line argument:             --add-opens=java.base/java.lang=ALL-UNNAMED
28-Feb-2022 23:13:15.544 INFO [main] org.apache.catalina.startup.VersionLoggerListener.log Command line argument:             --add-opens=java.base/java.io=ALL-UNNAMED
28-Feb-2022 23:13:15.544 INFO [main] org.apache.catalina.startup.VersionLoggerListener.log Command line argument:             --add-opens=java.base/java.util=ALL-UNNAMED
28-Feb-2022 23:13:15.544 INFO [main] org.apache.catalina.startup.VersionLoggerListener.log Command line argument:             --add-opens=java.base/java.util.concurrent=ALL-UNNAMED
28-Feb-2022 23:13:15.544 INFO [main] org.apache.catalina.startup.VersionLoggerListener.log Command line argument:             --add-opens=java.rmi/sun.rmi.transport=ALL-UNNAMED
28-Feb-2022 23:13:15.545 INFO [main] org.apache.catalina.startup.VersionLoggerListener.log Command line argument:             -Djava.util.logging.config.file=D:\Master Completo en Java\apache-tomcat-10.0.16\conf\logging.properties
28-Feb-2022 23:13:15.545 INFO [main] org.apache.catalina.startup.VersionLoggerListener.log Command line argument:             -Djava.util.logging.manager=org.apache.juli.ClassLoaderLogManager
28-Feb-2022 23:13:15.545 INFO [main] org.apache.catalina.startup.VersionLoggerListener.log Command line argument:             -Djdk.tls.ephemeralDHKeySize=2048
28-Feb-2022 23:13:15.548 INFO [main] org.apache.catalina.startup.VersionLoggerListener.log Command line argument:             -Djava.protocol.handler.pkgs=org.apache.catalina.webresources
28-Feb-2022 23:13:15.548 INFO [main] org.apache.catalina.startup.VersionLoggerListener.log Command line argument:             -Dignore.endorsed.dirs=
28-Feb-2022 23:13:15.549 INFO [main] org.apache.catalina.startup.VersionLoggerListener.log Command line argument:             -Dcatalina.base=D:\Master Completo en Java\apache-tomcat-10.0.16
28-Feb-2022 23:13:15.549 INFO [main] org.apache.catalina.startup.VersionLoggerListener.log Command line argument:             -Dcatalina.home=D:\Master Completo en Java\apache-tomcat-10.0.16
28-Feb-2022 23:13:15.550 INFO [main] org.apache.catalina.startup.VersionLoggerListener.log Command line argument:             -Djava.io.tmpdir=D:\Master Completo en Java\apache-tomcat-10.0.16\temp
28-Feb-2022 23:13:15.590 INFO [main] org.apache.catalina.core.AprLifecycleListener.lifecycleEvent Cargada la biblioteca nativa APR de Apache Tomcat [1.2.31] con la versión APR [1.7.0].
28-Feb-2022 23:13:15.590 INFO [main] org.apache.catalina.core.AprLifecycleListener.lifecycleEvent Capacidades APR: IPv6 [true], enviar fichero [true], aceptar filtros [false], aleatorio [true], UDS [true].
28-Feb-2022 23:13:15.614 INFO [main] org.apache.catalina.core.AprLifecycleListener.initializeSSL OpenSSL inicializado correctamente [OpenSSL 1.1.1l  24 Aug 2021]
28-Feb-2022 23:13:15.883 INFO [main] org.apache.coyote.AbstractProtocol.init Inicializando el manejador de protocolo ["http-nio-8080"]

28-Feb-2022 23:13:15.906 INFO [main] org.apache.catalina.startup.Catalina.load Server initialization in [594] milliseconds
28-Feb-2022 23:13:15.954 INFO [main] org.apache.catalina.core.StandardService.startInternal Arrancando servicio [Catalina]
28-Feb-2022 23:13:15.954 INFO [main] org.apache.catalina.core.StandardEngine.startInternal Starting Servlet engine: [Apache Tomcat/10.0.16]
28-Feb-2022 23:13:15.993 INFO [main] org.apache.catalina.startup.HostConfig.deployWAR Despliegue del archivo [D:\Master Completo en Java\apache-tomcat-10.0.16\webapps\42.CabecerasHTTPStatus.war] de la aplicación web
28-Feb-2022 23:13:16.844 INFO [main] org.apache.jasper.servlet.TldScanner.scanJars Al menos un JAR, que se ha explorado buscando TLDs, aún no contenía TLDs. Activar historial de depuración para este historiador para una completa lista de los JARs que fueron explorados y de los que nos se halló TLDs. Saltarse JARs no necesarios durante la exploración puede dar lugar a una mejora de tiempo significativa en el arranque y compilación de JSP .
28-Feb-2022 23:13:16.927 INFO [main] org.apache.catalina.startup.HostConfig.deployWAR Deployment of web application archive [D:\Master Completo en Java\apache-tomcat-10.0.16\webapps\42.CabecerasHTTPStatus.war] has finished in [931] ms
28-Feb-2022 23:13:16.944 INFO [main] org.apache.catalina.startup.HostConfig.deployWAR Despliegue del archivo [D:\Master Completo en Java\apache-tomcat-10.0.16\webapps\webapp.war] de la aplicación web
28-Feb-2022 23:13:19.117 INFO [main] org.apache.jasper.servlet.TldScanner.scanJars Al menos un JAR, que se ha explorado buscando TLDs, aún no contenía TLDs. Activar historial de depuración para este historiador para una completa lista de los JARs que fueron explorados y de los que nos se halló TLDs. Saltarse JARs no necesarios durante la exploración puede dar lugar a una mejora de tiempo significativa en el arranque y compilación de JSP .
28-Feb-2022 23:13:19.155 INFO [main] org.jboss.weld.environment.servlet.EnhancedListener.onStartup WELD-ENV-001008: Initialize Weld using ServletContainerInitializer
28-Feb-2022 23:13:19.182 INFO [main] org.jboss.weld.bootstrap.WeldStartup.<clinit> WELD-000900: 4.0.1 (SP1)
28-Feb-2022 23:13:19.340 INFO [main] org.jboss.weld.environment.deployment.discovery.ReflectionDiscoveryStrategy.processAnnotatedDiscovery WELD-ENV-000014: Falling back to Java Reflection for bean-discovery-mode="annotated" discovery. Add org.jboss:jandex to the classpath to speed-up startup.
28-Feb-2022 23:13:19.520 INFO [main] org.jboss.weld.bootstrap.WeldStartup.startContainer WELD-000101: Transactional services not available. Injection of @Inject UserTransaction not available. Transactional observers will be invoked synchronously.
28-Feb-2022 23:13:19.776 INFO [main] org.jboss.weld.environment.tomcat.TomcatContainer.initialize WELD-ENV-001100: Tomcat 7+ detected, CDI injection will be available in Servlets, Filters and Listeners.
28-Feb-2022 23:13:20.008 INFO [main] org.apache.catalina.startup.HostConfig.deployWAR Deployment of web application archive [D:\Master Completo en Java\apache-tomcat-10.0.16\webapps\webapp.war] has finished in [3.063] ms
28-Feb-2022 23:13:20.009 INFO [main] org.apache.catalina.startup.HostConfig.deployDirectory Desplegando el directorio [D:\Master Completo en Java\apache-tomcat-10.0.16\webapps\docs] de la aplicación web
28-Feb-2022 23:13:20.301 INFO [main] org.apache.jasper.servlet.TldScanner.scanJars Al menos un JAR, que se ha explorado buscando TLDs, aún no contenía TLDs. Activar historial de depuración para este historiador para una completa lista de los JARs que fueron explorados y de los que nos se halló TLDs. Saltarse JARs no necesarios durante la exploración puede dar lugar a una mejora de tiempo significativa en el arranque y compilación de JSP .
28-Feb-2022 23:13:20.303 INFO [main] org.apache.catalina.startup.HostConfig.deployDirectory Deployment of web application directory [D:\Master Completo en Java\apache-tomcat-10.0.16\webapps\docs] has finished in [294] ms
28-Feb-2022 23:13:20.304 INFO [main] org.apache.catalina.startup.HostConfig.deployDirectory Desplegando el directorio [D:\Master Completo en Java\apache-tomcat-10.0.16\webapps\examples] de la aplicación web
28-Feb-2022 23:13:21.145 INFO [main] org.apache.jasper.servlet.TldScanner.scanJars Al menos un JAR, que se ha explorado buscando TLDs, aún no contenía TLDs. Activar historial de depuración para este historiador para una completa lista de los JARs que fueron explorados y de los que nos se halló TLDs. Saltarse JARs no necesarios durante la exploración puede dar lugar a una mejora de tiempo significativa en el arranque y compilación de JSP .
28-Feb-2022 23:13:21.190 INFO [main] org.apache.catalina.startup.HostConfig.deployDirectory Deployment of web application directory [D:\Master Completo en Java\apache-tomcat-10.0.16\webapps\examples] has finished in [886] ms
28-Feb-2022 23:13:21.190 INFO [main] org.apache.catalina.startup.HostConfig.deployDirectory Desplegando el directorio [D:\Master Completo en Java\apache-tomcat-10.0.16\webapps\host-manager] de la aplicación web
28-Feb-2022 23:13:21.488 INFO [main] org.apache.jasper.servlet.TldScanner.scanJars Al menos un JAR, que se ha explorado buscando TLDs, aún no contenía TLDs. Activar historial de depuración para este historiador para una completa lista de los JARs que fueron explorados y de los que nos se halló TLDs. Saltarse JARs no necesarios durante la exploración puede dar lugar a una mejora de tiempo significativa en el arranque y compilación de JSP .
28-Feb-2022 23:13:21.495 INFO [main] org.apache.catalina.startup.HostConfig.deployDirectory Deployment of web application directory [D:\Master Completo en Java\apache-tomcat-10.0.16\webapps\host-manager] has finished in [305] ms
28-Feb-2022 23:13:21.496 INFO [main] org.apache.catalina.startup.HostConfig.deployDirectory Desplegando el directorio [D:\Master Completo en Java\apache-tomcat-10.0.16\webapps\manager] de la aplicación web
28-Feb-2022 23:13:21.812 INFO [main] org.apache.jasper.servlet.TldScanner.scanJars Al menos un JAR, que se ha explorado buscando TLDs, aún no contenía TLDs. Activar historial de depuración para este historiador para una completa lista de los JARs que fueron explorados y de los que nos se halló TLDs. Saltarse JARs no necesarios durante la exploración puede dar lugar a una mejora de tiempo significativa en el arranque y compilación de JSP .
28-Feb-2022 23:13:21.815 INFO [main] org.apache.catalina.startup.HostConfig.deployDirectory Deployment of web application directory [D:\Master Completo en Java\apache-tomcat-10.0.16\webapps\manager] has finished in [320] ms
28-Feb-2022 23:13:21.815 INFO [main] org.apache.catalina.startup.HostConfig.deployDirectory Desplegando el directorio [D:\Master Completo en Java\apache-tomcat-10.0.16\webapps\ROOT] de la aplicación web
28-Feb-2022 23:13:22.123 INFO [main] org.apache.jasper.servlet.TldScanner.scanJars Al menos un JAR, que se ha explorado buscando TLDs, aún no contenía TLDs. Activar historial de depuración para este historiador para una completa lista de los JARs que fueron explorados y de los que nos se halló TLDs. Saltarse JARs no necesarios durante la exploración puede dar lugar a una mejora de tiempo significativa en el arranque y compilación de JSP .
28-Feb-2022 23:13:22.127 INFO [main] org.apache.catalina.startup.HostConfig.deployDirectory Deployment of web application directory [D:\Master Completo en Java\apache-tomcat-10.0.16\webapps\ROOT] has finished in [311] ms
28-Feb-2022 23:13:22.130 INFO [main] org.apache.coyote.AbstractProtocol.start Starting ProtocolHandler ["http-nio-8080"]
28-Feb-2022 23:13:22.197 INFO [main] org.apache.catalina.startup.Catalina.start Server startup in [6290] milliseconds
28-Feb-2022 23:13:50.400 INFO [http-nio-8080-exec-1] org.apache.catalina.startup.HostConfig.undeploy Repliegue (undeploy) de la aplicación web que tiene como trayectoria de contexto [/webapp]
28-Feb-2022 23:13:50.517 INFO [http-nio-8080-exec-1] org.apache.catalina.startup.HostConfig.deployWAR Despliegue del archivo [D:\Master Completo en Java\apache-tomcat-10.0.16\webapps\webapp.war] de la aplicación web
28-Feb-2022 23:13:53.762 INFO [http-nio-8080-exec-1] org.apache.jasper.servlet.TldScanner.scanJars Al menos un JAR, que se ha explorado buscando TLDs, aún no contenía TLDs. Activar historial de depuración para este historiador para una completa lista de los JARs que fueron explorados y de los que nos se halló TLDs. Saltarse JARs no necesarios durante la exploración puede dar lugar a una mejora de tiempo significativa en el arranque y compilación de JSP .
28-Feb-2022 23:13:53.790 INFO [http-nio-8080-exec-1] org.jboss.weld.environment.servlet.EnhancedListener.onStartup WELD-ENV-001008: Initialize Weld using ServletContainerInitializer
28-Feb-2022 23:13:53.816 INFO [http-nio-8080-exec-1] org.jboss.weld.bootstrap.WeldStartup.<clinit> WELD-000900: 4.0.1 (SP1)
28-Feb-2022 23:13:53.877 INFO [http-nio-8080-exec-1] org.jboss.weld.environment.deployment.discovery.DiscoveryStrategyFactory.create WELD-ENV-000020: Using jandex for bean discovery
28-Feb-2022 23:13:54.105 INFO [http-nio-8080-exec-1] org.jboss.weld.bootstrap.WeldStartup.startContainer WELD-000101: Transactional services not available. Injection of @Inject UserTransaction not available. Transactional observers will be invoked synchronously.
28-Feb-2022 23:13:54.346 INFO [http-nio-8080-exec-1] org.jboss.weld.environment.tomcat.TomcatContainer.initialize WELD-ENV-001100: Tomcat 7+ detected, CDI injection will be available in Servlets, Filters and Listeners.
28-Feb-2022 23:13:54.552 INFO [http-nio-8080-exec-1] org.apache.catalina.startup.HostConfig.deployWAR Deployment of web application archive [D:\Master Completo en Java\apache-tomcat-10.0.16\webapps\webapp.war] has finished in [4.035] ms
28-Feb-2022 23:14:00.493 WARN [http-nio-8080-exec-6] org.jboss.weld.injection.producer.AbstractMemberProducer.getReceiver WELD-000018: Executing producer field or method [BackedAnnotatedMethod] @Produces private cabecera.configs.ProducerResources.beanLogger(InjectionPoint) on incomplete declaring bean Managed Bean [class cabecera.configs.ProducerResources] with qualifiers [@Any @Default] due to circular injection
28-Feb-2022 23:14:00.499 INFO [http-nio-8080-exec-6] cabecera.models.Carro.inicializar Inicializando el carro compra
28-Feb-2022 23:14:05.186 INFO [http-nio-8080-exec-2] cabecera.interceptors.LoggingInterceptor.logging  ***** entrando antes de invocar el metodo listar de la clase class cabecera.services.ProductoServiceImpl
28-Feb-2022 23:14:05.187 INFO [http-nio-8080-exec-2] cabecera.interceptors.TransactionalJpaInterceptor.transactional  -------> iniciando transaccion listar de la clase class cabecera.services.ProductoServiceImpl
28-Feb-2022 23:14:05.273 INFO [http-nio-8080-exec-2] org.hibernate.jpa.internal.util.LogHelper.logPersistenceUnitInformation HHH000204: Processing PersistenceUnitInfo [name: ejemploJpa]
28-Feb-2022 23:14:05.360 INFO [http-nio-8080-exec-2] org.hibernate.Version.logVersion HHH000412: Hibernate ORM core version 5.5.8.Final
28-Feb-2022 23:14:05.627 INFO [http-nio-8080-exec-2] org.hibernate.annotations.common.reflection.java.JavaReflectionManager.<clinit> HCANN000001: Hibernate Commons Annotations {5.1.2.Final}
28-Feb-2022 23:14:05.845 WARN [http-nio-8080-exec-2] org.hibernate.engine.jdbc.connections.internal.DriverManagerConnectionProviderImpl.configure HHH10001002: Using Hibernate built-in connection pool (not for production use!)
28-Feb-2022 23:14:05.847 INFO [http-nio-8080-exec-2] org.hibernate.engine.jdbc.connections.internal.DriverManagerConnectionProviderImpl.buildCreator HHH10001005: using driver [com.mysql.cj.jdbc.Driver] at URL [jdbc:mysql://localhost:3306/java_curso?serverTimezone=UTC]
28-Feb-2022 23:14:05.848 INFO [http-nio-8080-exec-2] org.hibernate.engine.jdbc.connections.internal.DriverManagerConnectionProviderImpl.buildCreator HHH10001001: Connection properties: {password=****, user=root}
28-Feb-2022 23:14:05.848 INFO [http-nio-8080-exec-2] org.hibernate.engine.jdbc.connections.internal.DriverManagerConnectionProviderImpl.buildCreator HHH10001003: Autocommit mode: false
28-Feb-2022 23:14:05.853 INFO [http-nio-8080-exec-2] org.hibernate.engine.jdbc.connections.internal.DriverManagerConnectionProviderImpl$PooledConnections.<init> HHH000115: Hibernate connection pool size: 20 (min=1)
28-Feb-2022 23:14:06.195 INFO [http-nio-8080-exec-2] org.hibernate.dialect.Dialect.<init> HHH000400: Using dialect: org.hibernate.dialect.MySQL8Dialect
28-Feb-2022 23:14:06.241 INFO [http-nio-8080-exec-2] org.hibernate.resource.beans.spi.ManagedBeanRegistryInitiator.resolveBeanContainer HHH10005002: No explicit CDI BeanManager reference was passed to Hibernate, but CDI is available on the Hibernate ClassLoader.
28-Feb-2022 23:14:07.101 INFO [http-nio-8080-exec-2] org.hibernate.engine.transaction.jta.platform.internal.JtaPlatformInitiator.initiateService HHH000490: Using JtaPlatform implementation: [org.hibernate.engine.transaction.jta.platform.internal.NoJtaPlatform]
28-Feb-2022 23:14:07.448 INFO [http-nio-8080-exec-2] cabecera.interceptors.TransactionalJpaInterceptor.transactional  -------> realizando commit y finalizando transaccion listar de la clase class cabecera.services.ProductoServiceImpl
28-Feb-2022 23:14:07.449 INFO [http-nio-8080-exec-2] cabecera.interceptors.LoggingInterceptor.logging  ***** saliendo de la invocacion del metodo listar
28-Feb-2022 23:14:07.672 INFO [http-nio-8080-exec-2] cabecera.configs.ProducerResources.close Cerrando la conexion del entity manager
28-Feb-2022 23:14:16.305 INFO [http-nio-8080-exec-3] cabecera.interceptors.LoggingInterceptor.logging  ***** entrando antes de invocar el metodo login de la clase class cabecera.services.UsuarioServiceImpl
28-Feb-2022 23:14:16.306 INFO [http-nio-8080-exec-3] cabecera.interceptors.TransactionalJpaInterceptor.transactional  -------> iniciando transaccion login de la clase class cabecera.services.UsuarioServiceImpl
28-Feb-2022 23:14:16.335 INFO [http-nio-8080-exec-3] cabecera.interceptors.TransactionalJpaInterceptor.transactional  -------> realizando commit y finalizando transaccion login de la clase class cabecera.services.UsuarioServiceImpl
28-Feb-2022 23:14:16.336 INFO [http-nio-8080-exec-3] cabecera.interceptors.LoggingInterceptor.logging  ***** saliendo de la invocacion del metodo login
28-Feb-2022 23:14:16.337 INFO [http-nio-8080-exec-3] cabecera.configs.ProducerResources.close Cerrando la conexion del entity manager
28-Feb-2022 23:14:27.739 INFO [http-nio-8080-exec-12] cabecera.interceptors.LoggingInterceptor.logging  ***** entrando antes de invocar el metodo listar de la clase class cabecera.services.ProductoServiceImpl
28-Feb-2022 23:14:27.739 INFO [http-nio-8080-exec-12] cabecera.interceptors.TransactionalJpaInterceptor.transactional  -------> iniciando transaccion listar de la clase class cabecera.services.ProductoServiceImpl
28-Feb-2022 23:14:27.749 INFO [http-nio-8080-exec-12] cabecera.interceptors.TransactionalJpaInterceptor.transactional  -------> realizando commit y finalizando transaccion listar de la clase class cabecera.services.ProductoServiceImpl
28-Feb-2022 23:14:27.749 INFO [http-nio-8080-exec-12] cabecera.interceptors.LoggingInterceptor.logging  ***** saliendo de la invocacion del metodo listar
28-Feb-2022 23:14:27.764 INFO [http-nio-8080-exec-12] cabecera.configs.ProducerResources.close Cerrando la conexion del entity manager
