28-Feb-2022 23:13:19.991 INFO [main] org.apache.catalina.core.ApplicationContext.log Inicializando la aplicacion
28-Feb-2022 23:13:21.179 INFO [main] org.apache.catalina.core.ApplicationContext.log ContextListener: contextInitialized()
28-Feb-2022 23:13:21.179 INFO [main] org.apache.catalina.core.ApplicationContext.log SessionListener: contextInitialized()
28-Feb-2022 23:13:21.181 INFO [main] org.apache.catalina.core.ApplicationContext.log ContextListener: attributeAdded('StockTicker', 'async.Stockticker@7a9794bd')
28-Feb-2022 23:13:50.422 INFO [http-nio-8080-exec-1] org.apache.catalina.core.ApplicationContext.log Destruyendo la aplicacion
28-Feb-2022 23:13:54.539 INFO [http-nio-8080-exec-1] org.apache.catalina.core.ApplicationContext.log Inicializando la aplicacion
28-Feb-2022 23:13:59.427 INFO [http-nio-8080-exec-6] org.apache.catalina.core.ApplicationContext.log Inicializando el request
28-Feb-2022 23:14:00.326 INFO [http-nio-8080-exec-6] org.apache.catalina.core.ApplicationContext.log Creando la sesion
28-Feb-2022 23:14:00.630 INFO [http-nio-8080-exec-6] org.apache.catalina.core.ApplicationContext.log Destruyendo el request
28-Feb-2022 23:14:05.124 INFO [http-nio-8080-exec-2] org.apache.catalina.core.ApplicationContext.log Inicializando el request
28-Feb-2022 23:14:07.672 INFO [http-nio-8080-exec-2] org.apache.catalina.core.ApplicationContext.log Destruyendo el request
28-Feb-2022 23:14:12.056 INFO [http-nio-8080-exec-5] org.apache.catalina.core.ApplicationContext.log Inicializando el request
28-Feb-2022 23:14:12.299 INFO [http-nio-8080-exec-5] org.apache.catalina.core.ApplicationContext.log Destruyendo el request
28-Feb-2022 23:14:16.300 INFO [http-nio-8080-exec-3] org.apache.catalina.core.ApplicationContext.log Inicializando el request
28-Feb-2022 23:14:16.337 INFO [http-nio-8080-exec-3] org.apache.catalina.core.ApplicationContext.log Destruyendo el request
28-Feb-2022 23:14:16.399 INFO [http-nio-8080-exec-7] org.apache.catalina.core.ApplicationContext.log Inicializando el request
28-Feb-2022 23:14:16.400 INFO [http-nio-8080-exec-7] org.apache.catalina.core.ApplicationContext.log Destruyendo el request
28-Feb-2022 23:14:26.632 INFO [http-nio-8080-exec-11] org.apache.catalina.core.ApplicationContext.log Inicializando el request
28-Feb-2022 23:14:26.636 INFO [http-nio-8080-exec-11] org.apache.catalina.core.ApplicationContext.log Destruyendo el request
28-Feb-2022 23:14:27.738 INFO [http-nio-8080-exec-12] org.apache.catalina.core.ApplicationContext.log Inicializando el request
28-Feb-2022 23:14:27.765 INFO [http-nio-8080-exec-12] org.apache.catalina.core.ApplicationContext.log Destruyendo el request
