25-Feb-2022 00:20:09.393 INFO [Catalina-utility-1] org.apache.catalina.core.ApplicationContext.log Destruyendo la sesion
25-Feb-2022 01:56:24.178 INFO [http-nio-8080-exec-224] org.apache.catalina.core.ApplicationContext.log Destruyendo la aplicacion
25-Feb-2022 01:56:25.767 INFO [http-nio-8080-exec-224] org.apache.catalina.core.ApplicationContext.log Inicializando la aplicacion
25-Feb-2022 01:56:31.448 INFO [http-nio-8080-exec-226] org.apache.catalina.core.ApplicationContext.log Destruyendo la aplicacion
25-Feb-2022 01:56:33.019 INFO [http-nio-8080-exec-226] org.apache.catalina.core.ApplicationContext.log Inicializando la aplicacion
25-Feb-2022 01:56:35.030 INFO [http-nio-8080-exec-230] org.apache.catalina.core.ApplicationContext.log Inicializando el request
25-Feb-2022 01:56:35.100 INFO [http-nio-8080-exec-230] org.apache.catalina.core.ApplicationContext.log Creando la sesion
25-Feb-2022 01:56:35.172 INFO [http-nio-8080-exec-230] org.apache.catalina.core.ApplicationContext.log Destruyendo el request
25-Feb-2022 01:56:36.567 INFO [http-nio-8080-exec-231] org.apache.catalina.core.ApplicationContext.log Inicializando el request
25-Feb-2022 01:56:36.641 INFO [http-nio-8080-exec-231] org.apache.catalina.core.ApplicationContext.log Destruyendo el request
25-Feb-2022 02:11:52.134 INFO [http-nio-8080-exec-234] org.apache.catalina.core.ApplicationContext.log Destruyendo la sesion
25-Feb-2022 02:11:52.136 INFO [http-nio-8080-exec-234] org.apache.catalina.core.ApplicationContext.log Destruyendo la aplicacion
25-Feb-2022 02:18:27.058 INFO [http-nio-8080-exec-244] org.apache.catalina.core.ApplicationContext.log Inicializando la aplicacion
25-Feb-2022 02:18:33.227 INFO [http-nio-8080-exec-249] org.apache.catalina.core.ApplicationContext.log Inicializando el request
25-Feb-2022 02:18:33.290 INFO [http-nio-8080-exec-249] org.apache.catalina.core.ApplicationContext.log Creando la sesion
25-Feb-2022 02:18:33.368 INFO [http-nio-8080-exec-249] org.apache.catalina.core.ApplicationContext.log Destruyendo el request
25-Feb-2022 02:18:34.525 INFO [http-nio-8080-exec-245] org.apache.catalina.core.ApplicationContext.log Inicializando el request
25-Feb-2022 02:18:34.597 INFO [http-nio-8080-exec-245] org.apache.catalina.core.ApplicationContext.log Destruyendo el request
25-Feb-2022 02:20:03.809 INFO [http-nio-8080-exec-252] org.apache.catalina.core.ApplicationContext.log Destruyendo la sesion
25-Feb-2022 02:20:03.813 INFO [http-nio-8080-exec-252] org.apache.catalina.core.ApplicationContext.log Destruyendo la aplicacion
25-Feb-2022 02:20:05.355 INFO [http-nio-8080-exec-252] org.apache.catalina.core.ApplicationContext.log Inicializando la aplicacion
25-Feb-2022 02:20:10.239 INFO [http-nio-8080-exec-255] org.apache.catalina.core.ApplicationContext.log Inicializando el request
25-Feb-2022 02:20:10.301 INFO [http-nio-8080-exec-255] org.apache.catalina.core.ApplicationContext.log Creando la sesion
25-Feb-2022 02:20:10.375 INFO [http-nio-8080-exec-255] org.apache.catalina.core.ApplicationContext.log Destruyendo el request
25-Feb-2022 02:20:11.438 INFO [http-nio-8080-exec-258] org.apache.catalina.core.ApplicationContext.log Inicializando el request
25-Feb-2022 02:20:11.509 INFO [http-nio-8080-exec-258] org.apache.catalina.core.ApplicationContext.log Destruyendo el request
25-Feb-2022 02:50:58.410 INFO [Catalina-utility-1] org.apache.catalina.core.ApplicationContext.log Destruyendo la sesion
