23-Feb-2022 00:02:26.558 INFO [Catalina-utility-1] org.apache.catalina.core.ApplicationContext.log Destruyendo la sesion
23-Feb-2022 02:00:58.085 INFO [http-nio-8080-exec-122] org.apache.catalina.core.ApplicationContext.log Destruyendo la aplicacion
23-Feb-2022 02:00:58.550 INFO [http-nio-8080-exec-122] org.apache.catalina.core.ApplicationContext.log Inicializando la aplicacion
23-Feb-2022 18:32:28.375 INFO [main] org.apache.catalina.core.ApplicationContext.log Inicializando la aplicacion
23-Feb-2022 18:32:29.200 INFO [main] org.apache.catalina.core.ApplicationContext.log ContextListener: contextInitialized()
23-Feb-2022 18:32:29.200 INFO [main] org.apache.catalina.core.ApplicationContext.log SessionListener: contextInitialized()
23-Feb-2022 18:32:29.201 INFO [main] org.apache.catalina.core.ApplicationContext.log ContextListener: attributeAdded('StockTicker', 'async.Stockticker@7a1587e8')
23-Feb-2022 18:32:34.001 INFO [http-nio-8080-exec-1] org.apache.catalina.core.ApplicationContext.log Destruyendo la aplicacion
23-Feb-2022 18:32:34.820 INFO [http-nio-8080-exec-1] org.apache.catalina.core.ApplicationContext.log Inicializando la aplicacion
23-Feb-2022 18:32:41.610 INFO [http-nio-8080-exec-2] org.apache.catalina.core.ApplicationContext.log Inicializando el request
23-Feb-2022 18:32:41.831 INFO [http-nio-8080-exec-2] org.apache.catalina.core.ApplicationContext.log Destruyendo el request
23-Feb-2022 18:32:44.105 INFO [http-nio-8080-exec-3] org.apache.catalina.core.ApplicationContext.log Inicializando el request
23-Feb-2022 18:32:44.203 SEVERE [http-nio-8080-exec-3] org.apache.catalina.core.ApplicationDispatcher.invoke El Servlet.service() para servlet [jsp] lanzó una excepción
	org.apache.jasper.JasperException: /listar.jsp (línea: [12], columna: [36]) Tag [&lt;c:if] no terminado
		at org.apache.jasper.compiler.DefaultErrorHandler.jspError(DefaultErrorHandler.java:41)
		at org.apache.jasper.compiler.ErrorDispatcher.dispatch(ErrorDispatcher.java:292)
		at org.apache.jasper.compiler.ErrorDispatcher.jspError(ErrorDispatcher.java:98)
		at org.apache.jasper.compiler.Parser.parseOptionalBody(Parser.java:1004)
		at org.apache.jasper.compiler.Parser.parseCustomTag(Parser.java:1289)
		at org.apache.jasper.compiler.Parser.parseElements(Parser.java:1469)
		at org.apache.jasper.compiler.Parser.parse(Parser.java:138)
		at org.apache.jasper.compiler.ParserController.doParse(ParserController.java:244)
		at org.apache.jasper.compiler.ParserController.parse(ParserController.java:105)
		at org.apache.jasper.compiler.Compiler.generateJava(Compiler.java:206)
		at org.apache.jasper.compiler.Compiler.compile(Compiler.java:391)
		at org.apache.jasper.compiler.Compiler.compile(Compiler.java:367)
		at org.apache.jasper.compiler.Compiler.compile(Compiler.java:351)
		at org.apache.jasper.JspCompilationContext.compile(JspCompilationContext.java:603)
		at org.apache.jasper.servlet.JspServletWrapper.service(JspServletWrapper.java:399)
		at org.apache.jasper.servlet.JspServlet.serviceJspFile(JspServlet.java:380)
		at org.apache.jasper.servlet.JspServlet.service(JspServlet.java:328)
		at jakarta.servlet.http.HttpServlet.service(HttpServlet.java:777)
		at org.apache.catalina.core.ApplicationFilterChain.internalDoFilter(ApplicationFilterChain.java:223)
		at org.apache.catalina.core.ApplicationFilterChain.doFilter(ApplicationFilterChain.java:158)
		at org.apache.tomcat.websocket.server.WsFilter.doFilter(WsFilter.java:53)
		at org.apache.catalina.core.ApplicationFilterChain.internalDoFilter(ApplicationFilterChain.java:185)
		at org.apache.catalina.core.ApplicationFilterChain.doFilter(ApplicationFilterChain.java:158)
		at org.apache.catalina.core.ApplicationDispatcher.invoke(ApplicationDispatcher.java:691)
		at org.apache.catalina.core.ApplicationDispatcher.processRequest(ApplicationDispatcher.java:441)
		at org.apache.catalina.core.ApplicationDispatcher.doForward(ApplicationDispatcher.java:367)
		at org.apache.catalina.core.ApplicationDispatcher.forward(ApplicationDispatcher.java:295)
		at cabecera.controllers.ProductoServlet.doGet(ProductoServlet.java:31)
		at jakarta.servlet.http.HttpServlet.service(HttpServlet.java:668)
		at jakarta.servlet.http.HttpServlet.service(HttpServlet.java:777)
		at org.apache.catalina.core.ApplicationFilterChain.internalDoFilter(ApplicationFilterChain.java:223)
		at org.apache.catalina.core.ApplicationFilterChain.doFilter(ApplicationFilterChain.java:158)
		at org.apache.tomcat.websocket.server.WsFilter.doFilter(WsFilter.java:53)
		at org.apache.catalina.core.ApplicationFilterChain.internalDoFilter(ApplicationFilterChain.java:185)
		at org.apache.catalina.core.ApplicationFilterChain.doFilter(ApplicationFilterChain.java:158)
		at cabecera.filters.ConexionFilter.doFilter(ConexionFilter.java:24)
		at org.apache.catalina.core.ApplicationFilterChain.internalDoFilter(ApplicationFilterChain.java:185)
		at org.apache.catalina.core.ApplicationFilterChain.doFilter(ApplicationFilterChain.java:158)
		at org.apache.catalina.core.StandardWrapperValve.invoke(StandardWrapperValve.java:197)
		at org.apache.catalina.core.StandardContextValve.invoke(StandardContextValve.java:97)
		at org.apache.catalina.authenticator.AuthenticatorBase.invoke(AuthenticatorBase.java:541)
		at org.apache.catalina.core.StandardHostValve.invoke(StandardHostValve.java:119)
		at org.apache.catalina.valves.ErrorReportValve.invoke(ErrorReportValve.java:92)
		at org.apache.catalina.valves.AbstractAccessLogValve.invoke(AbstractAccessLogValve.java:690)
		at org.apache.catalina.core.StandardEngineValve.invoke(StandardEngineValve.java:78)
		at org.apache.catalina.connector.CoyoteAdapter.service(CoyoteAdapter.java:355)
		at org.apache.coyote.http11.Http11Processor.service(Http11Processor.java:399)
		at org.apache.coyote.AbstractProcessorLight.process(AbstractProcessorLight.java:65)
		at org.apache.coyote.AbstractProtocol$ConnectionHandler.process(AbstractProtocol.java:866)
		at org.apache.tomcat.util.net.NioEndpoint$SocketProcessor.doRun(NioEndpoint.java:1708)
		at org.apache.tomcat.util.net.SocketProcessorBase.run(SocketProcessorBase.java:49)
		at org.apache.tomcat.util.threads.ThreadPoolExecutor.runWorker(ThreadPoolExecutor.java:1191)
		at org.apache.tomcat.util.threads.ThreadPoolExecutor$Worker.run(ThreadPoolExecutor.java:659)
		at org.apache.tomcat.util.threads.TaskThread$WrappingRunnable.run(TaskThread.java:61)
		at java.base/java.lang.Thread.run(Thread.java:831)
23-Feb-2022 18:32:44.204 SEVERE [http-nio-8080-exec-3] org.apache.catalina.core.StandardWrapperValve.invoke El Servlet.service() para el servlet [cabecera.controllers.ProductoServlet] en el contexto con ruta [/webapp] lanzó la excepción [/listar.jsp (línea: [12], columna: [36]) Tag [&lt;c:if] no terminado] con causa raíz
	org.apache.jasper.JasperException: /listar.jsp (línea: [12], columna: [36]) Tag [&lt;c:if] no terminado
		at org.apache.jasper.compiler.DefaultErrorHandler.jspError(DefaultErrorHandler.java:41)
		at org.apache.jasper.compiler.ErrorDispatcher.dispatch(ErrorDispatcher.java:292)
		at org.apache.jasper.compiler.ErrorDispatcher.jspError(ErrorDispatcher.java:98)
		at org.apache.jasper.compiler.Parser.parseOptionalBody(Parser.java:1004)
		at org.apache.jasper.compiler.Parser.parseCustomTag(Parser.java:1289)
		at org.apache.jasper.compiler.Parser.parseElements(Parser.java:1469)
		at org.apache.jasper.compiler.Parser.parse(Parser.java:138)
		at org.apache.jasper.compiler.ParserController.doParse(ParserController.java:244)
		at org.apache.jasper.compiler.ParserController.parse(ParserController.java:105)
		at org.apache.jasper.compiler.Compiler.generateJava(Compiler.java:206)
		at org.apache.jasper.compiler.Compiler.compile(Compiler.java:391)
		at org.apache.jasper.compiler.Compiler.compile(Compiler.java:367)
		at org.apache.jasper.compiler.Compiler.compile(Compiler.java:351)
		at org.apache.jasper.JspCompilationContext.compile(JspCompilationContext.java:603)
		at org.apache.jasper.servlet.JspServletWrapper.service(JspServletWrapper.java:399)
		at org.apache.jasper.servlet.JspServlet.serviceJspFile(JspServlet.java:380)
		at org.apache.jasper.servlet.JspServlet.service(JspServlet.java:328)
		at jakarta.servlet.http.HttpServlet.service(HttpServlet.java:777)
		at org.apache.catalina.core.ApplicationFilterChain.internalDoFilter(ApplicationFilterChain.java:223)
		at org.apache.catalina.core.ApplicationFilterChain.doFilter(ApplicationFilterChain.java:158)
		at org.apache.tomcat.websocket.server.WsFilter.doFilter(WsFilter.java:53)
		at org.apache.catalina.core.ApplicationFilterChain.internalDoFilter(ApplicationFilterChain.java:185)
		at org.apache.catalina.core.ApplicationFilterChain.doFilter(ApplicationFilterChain.java:158)
		at org.apache.catalina.core.ApplicationDispatcher.invoke(ApplicationDispatcher.java:691)
		at org.apache.catalina.core.ApplicationDispatcher.processRequest(ApplicationDispatcher.java:441)
		at org.apache.catalina.core.ApplicationDispatcher.doForward(ApplicationDispatcher.java:367)
		at org.apache.catalina.core.ApplicationDispatcher.forward(ApplicationDispatcher.java:295)
		at cabecera.controllers.ProductoServlet.doGet(ProductoServlet.java:31)
		at jakarta.servlet.http.HttpServlet.service(HttpServlet.java:668)
		at jakarta.servlet.http.HttpServlet.service(HttpServlet.java:777)
		at org.apache.catalina.core.ApplicationFilterChain.internalDoFilter(ApplicationFilterChain.java:223)
		at org.apache.catalina.core.ApplicationFilterChain.doFilter(ApplicationFilterChain.java:158)
		at org.apache.tomcat.websocket.server.WsFilter.doFilter(WsFilter.java:53)
		at org.apache.catalina.core.ApplicationFilterChain.internalDoFilter(ApplicationFilterChain.java:185)
		at org.apache.catalina.core.ApplicationFilterChain.doFilter(ApplicationFilterChain.java:158)
		at cabecera.filters.ConexionFilter.doFilter(ConexionFilter.java:24)
		at org.apache.catalina.core.ApplicationFilterChain.internalDoFilter(ApplicationFilterChain.java:185)
		at org.apache.catalina.core.ApplicationFilterChain.doFilter(ApplicationFilterChain.java:158)
		at org.apache.catalina.core.StandardWrapperValve.invoke(StandardWrapperValve.java:197)
		at org.apache.catalina.core.StandardContextValve.invoke(StandardContextValve.java:97)
		at org.apache.catalina.authenticator.AuthenticatorBase.invoke(AuthenticatorBase.java:541)
		at org.apache.catalina.core.StandardHostValve.invoke(StandardHostValve.java:119)
		at org.apache.catalina.valves.ErrorReportValve.invoke(ErrorReportValve.java:92)
		at org.apache.catalina.valves.AbstractAccessLogValve.invoke(AbstractAccessLogValve.java:690)
		at org.apache.catalina.core.StandardEngineValve.invoke(StandardEngineValve.java:78)
		at org.apache.catalina.connector.CoyoteAdapter.service(CoyoteAdapter.java:355)
		at org.apache.coyote.http11.Http11Processor.service(Http11Processor.java:399)
		at org.apache.coyote.AbstractProcessorLight.process(AbstractProcessorLight.java:65)
		at org.apache.coyote.AbstractProtocol$ConnectionHandler.process(AbstractProtocol.java:866)
		at org.apache.tomcat.util.net.NioEndpoint$SocketProcessor.doRun(NioEndpoint.java:1708)
		at org.apache.tomcat.util.net.SocketProcessorBase.run(SocketProcessorBase.java:49)
		at org.apache.tomcat.util.threads.ThreadPoolExecutor.runWorker(ThreadPoolExecutor.java:1191)
		at org.apache.tomcat.util.threads.ThreadPoolExecutor$Worker.run(ThreadPoolExecutor.java:659)
		at org.apache.tomcat.util.threads.TaskThread$WrappingRunnable.run(TaskThread.java:61)
		at java.base/java.lang.Thread.run(Thread.java:831)
23-Feb-2022 18:32:44.204 INFO [http-nio-8080-exec-3] org.apache.catalina.core.ApplicationContext.log Destruyendo el request
23-Feb-2022 18:33:32.415 INFO [http-nio-8080-exec-8] org.apache.catalina.core.ApplicationContext.log Destruyendo la aplicacion
23-Feb-2022 18:33:33.187 INFO [http-nio-8080-exec-8] org.apache.catalina.core.ApplicationContext.log Inicializando la aplicacion
23-Feb-2022 18:33:36.162 INFO [http-nio-8080-exec-2] org.apache.catalina.core.ApplicationContext.log Inicializando el request
23-Feb-2022 18:33:36.741 INFO [http-nio-8080-exec-2] org.apache.catalina.core.ApplicationContext.log Creando la sesion
23-Feb-2022 18:33:36.771 INFO [http-nio-8080-exec-2] org.apache.catalina.core.ApplicationContext.log Destruyendo el request
23-Feb-2022 18:33:38.248 INFO [http-nio-8080-exec-12] org.apache.catalina.core.ApplicationContext.log Inicializando el request
23-Feb-2022 18:33:38.268 INFO [http-nio-8080-exec-12] org.apache.catalina.core.ApplicationContext.log Destruyendo el request
23-Feb-2022 18:33:40.879 INFO [http-nio-8080-exec-10] org.apache.catalina.core.ApplicationContext.log Inicializando el request
23-Feb-2022 18:33:40.976 INFO [http-nio-8080-exec-10] org.apache.catalina.core.ApplicationContext.log Destruyendo el request
23-Feb-2022 18:36:05.799 INFO [http-nio-8080-exec-15] org.apache.catalina.core.ApplicationContext.log Destruyendo la sesion
23-Feb-2022 18:36:05.799 INFO [http-nio-8080-exec-15] org.apache.catalina.core.ApplicationContext.log Destruyendo la aplicacion
23-Feb-2022 18:36:06.523 INFO [http-nio-8080-exec-15] org.apache.catalina.core.ApplicationContext.log Inicializando la aplicacion
23-Feb-2022 18:36:15.741 INFO [http-nio-8080-exec-22] org.apache.catalina.core.ApplicationContext.log Inicializando el request
23-Feb-2022 18:36:15.843 INFO [http-nio-8080-exec-22] org.apache.catalina.core.ApplicationContext.log Creando la sesion
23-Feb-2022 18:36:15.857 INFO [http-nio-8080-exec-22] org.apache.catalina.core.ApplicationContext.log Destruyendo el request
23-Feb-2022 18:51:34.716 INFO [http-nio-8080-exec-24] org.apache.catalina.core.ApplicationContext.log Destruyendo la sesion
23-Feb-2022 18:51:34.716 INFO [http-nio-8080-exec-24] org.apache.catalina.core.ApplicationContext.log Destruyendo la aplicacion
23-Feb-2022 18:51:35.404 INFO [http-nio-8080-exec-24] org.apache.catalina.core.ApplicationContext.log Inicializando la aplicacion
23-Feb-2022 18:51:45.069 INFO [http-nio-8080-exec-28] org.apache.catalina.core.ApplicationContext.log Inicializando el request
23-Feb-2022 18:51:45.169 INFO [http-nio-8080-exec-28] org.apache.catalina.core.ApplicationContext.log Creando la sesion
23-Feb-2022 18:51:45.182 INFO [http-nio-8080-exec-28] org.apache.catalina.core.ApplicationContext.log Destruyendo el request
23-Feb-2022 18:51:46.342 INFO [http-nio-8080-exec-31] org.apache.catalina.core.ApplicationContext.log Inicializando el request
23-Feb-2022 18:51:46.355 INFO [http-nio-8080-exec-31] org.apache.catalina.core.ApplicationContext.log Destruyendo el request
23-Feb-2022 18:52:33.375 INFO [http-nio-8080-exec-32] org.apache.catalina.core.ApplicationContext.log Destruyendo la sesion
23-Feb-2022 18:52:33.375 INFO [http-nio-8080-exec-32] org.apache.catalina.core.ApplicationContext.log Destruyendo la aplicacion
23-Feb-2022 18:52:34.064 INFO [http-nio-8080-exec-32] org.apache.catalina.core.ApplicationContext.log Inicializando la aplicacion
23-Feb-2022 18:52:44.580 INFO [http-nio-8080-exec-34] org.apache.catalina.core.ApplicationContext.log Destruyendo la aplicacion
23-Feb-2022 18:52:45.283 INFO [http-nio-8080-exec-34] org.apache.catalina.core.ApplicationContext.log Inicializando la aplicacion
23-Feb-2022 18:52:48.340 INFO [http-nio-8080-exec-33] org.apache.catalina.core.ApplicationContext.log Inicializando el request
23-Feb-2022 18:52:48.434 INFO [http-nio-8080-exec-33] org.apache.catalina.core.ApplicationContext.log Creando la sesion
23-Feb-2022 18:52:48.447 INFO [http-nio-8080-exec-33] org.apache.catalina.core.ApplicationContext.log Destruyendo el request
23-Feb-2022 18:52:49.195 INFO [http-nio-8080-exec-30] org.apache.catalina.core.ApplicationContext.log Inicializando el request
23-Feb-2022 18:52:49.271 SEVERE [http-nio-8080-exec-30] org.apache.catalina.core.ApplicationDispatcher.invoke El Servlet.service() para servlet [jsp] lanzó una excepción
	org.apache.jasper.JasperException: No se puede compilar la clase para JSP: 

Ha tenido lugar un error en la línea: [66] en el archivo jsp: [/form.jsp]
producto cannot be resolved
63:     <div>
64:         <input type="submit" value="${producto.id != null && producto.id() > 0 ? "Editar" : "Crear"}">
65:     </div>
66:     <input type="hidden" name="id" value="<%=producto.getId()%>">
67: </form>
68: </body>
69: </html>


Stacktrace:
		at org.apache.jasper.compiler.DefaultErrorHandler.javacError(DefaultErrorHandler.java:102)
		at org.apache.jasper.compiler.ErrorDispatcher.javacError(ErrorDispatcher.java:213)
		at org.apache.jasper.compiler.JDTCompiler.generateClass(JDTCompiler.java:498)
		at org.apache.jasper.compiler.Compiler.compile(Compiler.java:397)
		at org.apache.jasper.compiler.Compiler.compile(Compiler.java:367)
		at org.apache.jasper.compiler.Compiler.compile(Compiler.java:351)
		at org.apache.jasper.JspCompilationContext.compile(JspCompilationContext.java:603)
		at org.apache.jasper.servlet.JspServletWrapper.service(JspServletWrapper.java:399)
		at org.apache.jasper.servlet.JspServlet.serviceJspFile(JspServlet.java:380)
		at org.apache.jasper.servlet.JspServlet.service(JspServlet.java:328)
		at jakarta.servlet.http.HttpServlet.service(HttpServlet.java:777)
		at org.apache.catalina.core.ApplicationFilterChain.internalDoFilter(ApplicationFilterChain.java:223)
		at org.apache.catalina.core.ApplicationFilterChain.doFilter(ApplicationFilterChain.java:158)
		at org.apache.tomcat.websocket.server.WsFilter.doFilter(WsFilter.java:53)
		at org.apache.catalina.core.ApplicationFilterChain.internalDoFilter(ApplicationFilterChain.java:185)
		at org.apache.catalina.core.ApplicationFilterChain.doFilter(ApplicationFilterChain.java:158)
		at org.apache.catalina.core.ApplicationDispatcher.invoke(ApplicationDispatcher.java:691)
		at org.apache.catalina.core.ApplicationDispatcher.processRequest(ApplicationDispatcher.java:441)
		at org.apache.catalina.core.ApplicationDispatcher.doForward(ApplicationDispatcher.java:367)
		at org.apache.catalina.core.ApplicationDispatcher.forward(ApplicationDispatcher.java:295)
		at cabecera.controllers.ProductoFormServlet.doGet(ProductoFormServlet.java:44)
		at jakarta.servlet.http.HttpServlet.service(HttpServlet.java:668)
		at jakarta.servlet.http.HttpServlet.service(HttpServlet.java:777)
		at org.apache.catalina.core.ApplicationFilterChain.internalDoFilter(ApplicationFilterChain.java:223)
		at org.apache.catalina.core.ApplicationFilterChain.doFilter(ApplicationFilterChain.java:158)
		at org.apache.tomcat.websocket.server.WsFilter.doFilter(WsFilter.java:53)
		at org.apache.catalina.core.ApplicationFilterChain.internalDoFilter(ApplicationFilterChain.java:185)
		at org.apache.catalina.core.ApplicationFilterChain.doFilter(ApplicationFilterChain.java:158)
		at cabecera.filters.LoginFiltro.doFilter(LoginFiltro.java:22)
		at org.apache.catalina.core.ApplicationFilterChain.internalDoFilter(ApplicationFilterChain.java:185)
		at org.apache.catalina.core.ApplicationFilterChain.doFilter(ApplicationFilterChain.java:158)
		at cabecera.filters.ConexionFilter.doFilter(ConexionFilter.java:24)
		at org.apache.catalina.core.ApplicationFilterChain.internalDoFilter(ApplicationFilterChain.java:185)
		at org.apache.catalina.core.ApplicationFilterChain.doFilter(ApplicationFilterChain.java:158)
		at org.apache.catalina.core.StandardWrapperValve.invoke(StandardWrapperValve.java:197)
		at org.apache.catalina.core.StandardContextValve.invoke(StandardContextValve.java:97)
		at org.apache.catalina.authenticator.AuthenticatorBase.invoke(AuthenticatorBase.java:541)
		at org.apache.catalina.core.StandardHostValve.invoke(StandardHostValve.java:119)
		at org.apache.catalina.valves.ErrorReportValve.invoke(ErrorReportValve.java:92)
		at org.apache.catalina.valves.AbstractAccessLogValve.invoke(AbstractAccessLogValve.java:690)
		at org.apache.catalina.core.StandardEngineValve.invoke(StandardEngineValve.java:78)
		at org.apache.catalina.connector.CoyoteAdapter.service(CoyoteAdapter.java:355)
		at org.apache.coyote.http11.Http11Processor.service(Http11Processor.java:399)
		at org.apache.coyote.AbstractProcessorLight.process(AbstractProcessorLight.java:65)
		at org.apache.coyote.AbstractProtocol$ConnectionHandler.process(AbstractProtocol.java:866)
		at org.apache.tomcat.util.net.NioEndpoint$SocketProcessor.doRun(NioEndpoint.java:1708)
		at org.apache.tomcat.util.net.SocketProcessorBase.run(SocketProcessorBase.java:49)
		at org.apache.tomcat.util.threads.ThreadPoolExecutor.runWorker(ThreadPoolExecutor.java:1191)
		at org.apache.tomcat.util.threads.ThreadPoolExecutor$Worker.run(ThreadPoolExecutor.java:659)
		at org.apache.tomcat.util.threads.TaskThread$WrappingRunnable.run(TaskThread.java:61)
		at java.base/java.lang.Thread.run(Thread.java:831)
23-Feb-2022 18:52:49.272 SEVERE [http-nio-8080-exec-30] org.apache.catalina.core.StandardWrapperValve.invoke El Servlet.service() para el servlet [cabecera.controllers.ProductoFormServlet] en el contexto con ruta [/webapp] lanzó la excepción [No se puede compilar la clase para JSP: 

Ha tenido lugar un error en la línea: [66] en el archivo jsp: [/form.jsp]
producto cannot be resolved
63:     <div>
64:         <input type="submit" value="${producto.id != null && producto.id() > 0 ? "Editar" : "Crear"}">
65:     </div>
66:     <input type="hidden" name="id" value="<%=producto.getId()%>">
67: </form>
68: </body>
69: </html>


Stacktrace:] con causa raíz
	org.apache.jasper.JasperException: No se puede compilar la clase para JSP: 

Ha tenido lugar un error en la línea: [66] en el archivo jsp: [/form.jsp]
producto cannot be resolved
63:     <div>
64:         <input type="submit" value="${producto.id != null && producto.id() > 0 ? "Editar" : "Crear"}">
65:     </div>
66:     <input type="hidden" name="id" value="<%=producto.getId()%>">
67: </form>
68: </body>
69: </html>


Stacktrace:
		at org.apache.jasper.compiler.DefaultErrorHandler.javacError(DefaultErrorHandler.java:102)
		at org.apache.jasper.compiler.ErrorDispatcher.javacError(ErrorDispatcher.java:213)
		at org.apache.jasper.compiler.JDTCompiler.generateClass(JDTCompiler.java:498)
		at org.apache.jasper.compiler.Compiler.compile(Compiler.java:397)
		at org.apache.jasper.compiler.Compiler.compile(Compiler.java:367)
		at org.apache.jasper.compiler.Compiler.compile(Compiler.java:351)
		at org.apache.jasper.JspCompilationContext.compile(JspCompilationContext.java:603)
		at org.apache.jasper.servlet.JspServletWrapper.service(JspServletWrapper.java:399)
		at org.apache.jasper.servlet.JspServlet.serviceJspFile(JspServlet.java:380)
		at org.apache.jasper.servlet.JspServlet.service(JspServlet.java:328)
		at jakarta.servlet.http.HttpServlet.service(HttpServlet.java:777)
		at org.apache.catalina.core.ApplicationFilterChain.internalDoFilter(ApplicationFilterChain.java:223)
		at org.apache.catalina.core.ApplicationFilterChain.doFilter(ApplicationFilterChain.java:158)
		at org.apache.tomcat.websocket.server.WsFilter.doFilter(WsFilter.java:53)
		at org.apache.catalina.core.ApplicationFilterChain.internalDoFilter(ApplicationFilterChain.java:185)
		at org.apache.catalina.core.ApplicationFilterChain.doFilter(ApplicationFilterChain.java:158)
		at org.apache.catalina.core.ApplicationDispatcher.invoke(ApplicationDispatcher.java:691)
		at org.apache.catalina.core.ApplicationDispatcher.processRequest(ApplicationDispatcher.java:441)
		at org.apache.catalina.core.ApplicationDispatcher.doForward(ApplicationDispatcher.java:367)
		at org.apache.catalina.core.ApplicationDispatcher.forward(ApplicationDispatcher.java:295)
		at cabecera.controllers.ProductoFormServlet.doGet(ProductoFormServlet.java:44)
		at jakarta.servlet.http.HttpServlet.service(HttpServlet.java:668)
		at jakarta.servlet.http.HttpServlet.service(HttpServlet.java:777)
		at org.apache.catalina.core.ApplicationFilterChain.internalDoFilter(ApplicationFilterChain.java:223)
		at org.apache.catalina.core.ApplicationFilterChain.doFilter(ApplicationFilterChain.java:158)
		at org.apache.tomcat.websocket.server.WsFilter.doFilter(WsFilter.java:53)
		at org.apache.catalina.core.ApplicationFilterChain.internalDoFilter(ApplicationFilterChain.java:185)
		at org.apache.catalina.core.ApplicationFilterChain.doFilter(ApplicationFilterChain.java:158)
		at cabecera.filters.LoginFiltro.doFilter(LoginFiltro.java:22)
		at org.apache.catalina.core.ApplicationFilterChain.internalDoFilter(ApplicationFilterChain.java:185)
		at org.apache.catalina.core.ApplicationFilterChain.doFilter(ApplicationFilterChain.java:158)
		at cabecera.filters.ConexionFilter.doFilter(ConexionFilter.java:24)
		at org.apache.catalina.core.ApplicationFilterChain.internalDoFilter(ApplicationFilterChain.java:185)
		at org.apache.catalina.core.ApplicationFilterChain.doFilter(ApplicationFilterChain.java:158)
		at org.apache.catalina.core.StandardWrapperValve.invoke(StandardWrapperValve.java:197)
		at org.apache.catalina.core.StandardContextValve.invoke(StandardContextValve.java:97)
		at org.apache.catalina.authenticator.AuthenticatorBase.invoke(AuthenticatorBase.java:541)
		at org.apache.catalina.core.StandardHostValve.invoke(StandardHostValve.java:119)
		at org.apache.catalina.valves.ErrorReportValve.invoke(ErrorReportValve.java:92)
		at org.apache.catalina.valves.AbstractAccessLogValve.invoke(AbstractAccessLogValve.java:690)
		at org.apache.catalina.core.StandardEngineValve.invoke(StandardEngineValve.java:78)
		at org.apache.catalina.connector.CoyoteAdapter.service(CoyoteAdapter.java:355)
		at org.apache.coyote.http11.Http11Processor.service(Http11Processor.java:399)
		at org.apache.coyote.AbstractProcessorLight.process(AbstractProcessorLight.java:65)
		at org.apache.coyote.AbstractProtocol$ConnectionHandler.process(AbstractProtocol.java:866)
		at org.apache.tomcat.util.net.NioEndpoint$SocketProcessor.doRun(NioEndpoint.java:1708)
		at org.apache.tomcat.util.net.SocketProcessorBase.run(SocketProcessorBase.java:49)
		at org.apache.tomcat.util.threads.ThreadPoolExecutor.runWorker(ThreadPoolExecutor.java:1191)
		at org.apache.tomcat.util.threads.ThreadPoolExecutor$Worker.run(ThreadPoolExecutor.java:659)
		at org.apache.tomcat.util.threads.TaskThread$WrappingRunnable.run(TaskThread.java:61)
		at java.base/java.lang.Thread.run(Thread.java:831)
23-Feb-2022 18:52:49.272 INFO [http-nio-8080-exec-30] org.apache.catalina.core.ApplicationContext.log Destruyendo el request
23-Feb-2022 18:53:15.702 INFO [http-nio-8080-exec-35] org.apache.catalina.core.ApplicationContext.log Destruyendo la sesion
23-Feb-2022 18:53:15.702 INFO [http-nio-8080-exec-35] org.apache.catalina.core.ApplicationContext.log Destruyendo la aplicacion
23-Feb-2022 18:53:16.412 INFO [http-nio-8080-exec-35] org.apache.catalina.core.ApplicationContext.log Inicializando la aplicacion
23-Feb-2022 18:53:19.799 INFO [http-nio-8080-exec-42] org.apache.catalina.core.ApplicationContext.log Inicializando el request
23-Feb-2022 18:53:19.892 INFO [http-nio-8080-exec-42] org.apache.catalina.core.ApplicationContext.log Creando la sesion
23-Feb-2022 18:53:19.902 SEVERE [http-nio-8080-exec-42] org.apache.catalina.core.ApplicationDispatcher.invoke El Servlet.service() para servlet [jsp] lanzó una excepción
	jakarta.el.MethodNotFoundException: Method not found: class cabecera.models.Producto.fechaRegistro()
		at jakarta.el.Util.findWrapper(Util.java:375)
		at jakarta.el.Util.findMethod(Util.java:217)
		at jakarta.el.BeanELResolver.invoke(BeanELResolver.java:141)
		at org.apache.jasper.el.JasperELResolver.invoke(JasperELResolver.java:162)
		at org.apache.el.parser.AstValue.getValue(AstValue.java:158)
		at org.apache.el.parser.AstNotEqual.getValue(AstNotEqual.java:36)
		at org.apache.el.parser.AstChoice.getValue(AstChoice.java:43)
		at org.apache.el.ValueExpressionImpl.getValue(ValueExpressionImpl.java:189)
		at org.apache.jasper.runtime.PageContextImpl.proprietaryEvaluate(PageContextImpl.java:702)
		at org.apache.jsp.form_jsp._jspService(form_jsp.java:185)
		at org.apache.jasper.runtime.HttpJspBase.service(HttpJspBase.java:70)
		at jakarta.servlet.http.HttpServlet.service(HttpServlet.java:777)
		at org.apache.jasper.servlet.JspServletWrapper.service(JspServletWrapper.java:466)
		at org.apache.jasper.servlet.JspServlet.serviceJspFile(JspServlet.java:380)
		at org.apache.jasper.servlet.JspServlet.service(JspServlet.java:328)
		at jakarta.servlet.http.HttpServlet.service(HttpServlet.java:777)
		at org.apache.catalina.core.ApplicationFilterChain.internalDoFilter(ApplicationFilterChain.java:223)
		at org.apache.catalina.core.ApplicationFilterChain.doFilter(ApplicationFilterChain.java:158)
		at org.apache.tomcat.websocket.server.WsFilter.doFilter(WsFilter.java:53)
		at org.apache.catalina.core.ApplicationFilterChain.internalDoFilter(ApplicationFilterChain.java:185)
		at org.apache.catalina.core.ApplicationFilterChain.doFilter(ApplicationFilterChain.java:158)
		at org.apache.catalina.core.ApplicationDispatcher.invoke(ApplicationDispatcher.java:691)
		at org.apache.catalina.core.ApplicationDispatcher.processRequest(ApplicationDispatcher.java:441)
		at org.apache.catalina.core.ApplicationDispatcher.doForward(ApplicationDispatcher.java:367)
		at org.apache.catalina.core.ApplicationDispatcher.forward(ApplicationDispatcher.java:295)
		at cabecera.controllers.ProductoFormServlet.doGet(ProductoFormServlet.java:44)
		at jakarta.servlet.http.HttpServlet.service(HttpServlet.java:668)
		at jakarta.servlet.http.HttpServlet.service(HttpServlet.java:777)
		at org.apache.catalina.core.ApplicationFilterChain.internalDoFilter(ApplicationFilterChain.java:223)
		at org.apache.catalina.core.ApplicationFilterChain.doFilter(ApplicationFilterChain.java:158)
		at org.apache.tomcat.websocket.server.WsFilter.doFilter(WsFilter.java:53)
		at org.apache.catalina.core.ApplicationFilterChain.internalDoFilter(ApplicationFilterChain.java:185)
		at org.apache.catalina.core.ApplicationFilterChain.doFilter(ApplicationFilterChain.java:158)
		at cabecera.filters.LoginFiltro.doFilter(LoginFiltro.java:22)
		at org.apache.catalina.core.ApplicationFilterChain.internalDoFilter(ApplicationFilterChain.java:185)
		at org.apache.catalina.core.ApplicationFilterChain.doFilter(ApplicationFilterChain.java:158)
		at cabecera.filters.ConexionFilter.doFilter(ConexionFilter.java:24)
		at org.apache.catalina.core.ApplicationFilterChain.internalDoFilter(ApplicationFilterChain.java:185)
		at org.apache.catalina.core.ApplicationFilterChain.doFilter(ApplicationFilterChain.java:158)
		at org.apache.catalina.core.StandardWrapperValve.invoke(StandardWrapperValve.java:197)
		at org.apache.catalina.core.StandardContextValve.invoke(StandardContextValve.java:97)
		at org.apache.catalina.authenticator.AuthenticatorBase.invoke(AuthenticatorBase.java:541)
		at org.apache.catalina.core.StandardHostValve.invoke(StandardHostValve.java:119)
		at org.apache.catalina.valves.ErrorReportValve.invoke(ErrorReportValve.java:92)
		at org.apache.catalina.valves.AbstractAccessLogValve.invoke(AbstractAccessLogValve.java:690)
		at org.apache.catalina.core.StandardEngineValve.invoke(StandardEngineValve.java:78)
		at org.apache.catalina.connector.CoyoteAdapter.service(CoyoteAdapter.java:355)
		at org.apache.coyote.http11.Http11Processor.service(Http11Processor.java:399)
		at org.apache.coyote.AbstractProcessorLight.process(AbstractProcessorLight.java:65)
		at org.apache.coyote.AbstractProtocol$ConnectionHandler.process(AbstractProtocol.java:866)
		at org.apache.tomcat.util.net.NioEndpoint$SocketProcessor.doRun(NioEndpoint.java:1708)
		at org.apache.tomcat.util.net.SocketProcessorBase.run(SocketProcessorBase.java:49)
		at org.apache.tomcat.util.threads.ThreadPoolExecutor.runWorker(ThreadPoolExecutor.java:1191)
		at org.apache.tomcat.util.threads.ThreadPoolExecutor$Worker.run(ThreadPoolExecutor.java:659)
		at org.apache.tomcat.util.threads.TaskThread$WrappingRunnable.run(TaskThread.java:61)
		at java.base/java.lang.Thread.run(Thread.java:831)
23-Feb-2022 18:53:19.903 SEVERE [http-nio-8080-exec-42] org.apache.catalina.core.StandardWrapperValve.invoke El Servlet.service() para el servlet [cabecera.controllers.ProductoFormServlet] en el contexto con ruta [/webapp] lanzó la excepción [jakarta.el.MethodNotFoundException: Method not found: class cabecera.models.Producto.fechaRegistro()] con causa raíz
	jakarta.el.MethodNotFoundException: Method not found: class cabecera.models.Producto.fechaRegistro()
		at jakarta.el.Util.findWrapper(Util.java:375)
		at jakarta.el.Util.findMethod(Util.java:217)
		at jakarta.el.BeanELResolver.invoke(BeanELResolver.java:141)
		at org.apache.jasper.el.JasperELResolver.invoke(JasperELResolver.java:162)
		at org.apache.el.parser.AstValue.getValue(AstValue.java:158)
		at org.apache.el.parser.AstNotEqual.getValue(AstNotEqual.java:36)
		at org.apache.el.parser.AstChoice.getValue(AstChoice.java:43)
		at org.apache.el.ValueExpressionImpl.getValue(ValueExpressionImpl.java:189)
		at org.apache.jasper.runtime.PageContextImpl.proprietaryEvaluate(PageContextImpl.java:702)
		at org.apache.jsp.form_jsp._jspService(form_jsp.java:185)
		at org.apache.jasper.runtime.HttpJspBase.service(HttpJspBase.java:70)
		at jakarta.servlet.http.HttpServlet.service(HttpServlet.java:777)
		at org.apache.jasper.servlet.JspServletWrapper.service(JspServletWrapper.java:466)
		at org.apache.jasper.servlet.JspServlet.serviceJspFile(JspServlet.java:380)
		at org.apache.jasper.servlet.JspServlet.service(JspServlet.java:328)
		at jakarta.servlet.http.HttpServlet.service(HttpServlet.java:777)
		at org.apache.catalina.core.ApplicationFilterChain.internalDoFilter(ApplicationFilterChain.java:223)
		at org.apache.catalina.core.ApplicationFilterChain.doFilter(ApplicationFilterChain.java:158)
		at org.apache.tomcat.websocket.server.WsFilter.doFilter(WsFilter.java:53)
		at org.apache.catalina.core.ApplicationFilterChain.internalDoFilter(ApplicationFilterChain.java:185)
		at org.apache.catalina.core.ApplicationFilterChain.doFilter(ApplicationFilterChain.java:158)
		at org.apache.catalina.core.ApplicationDispatcher.invoke(ApplicationDispatcher.java:691)
		at org.apache.catalina.core.ApplicationDispatcher.processRequest(ApplicationDispatcher.java:441)
		at org.apache.catalina.core.ApplicationDispatcher.doForward(ApplicationDispatcher.java:367)
		at org.apache.catalina.core.ApplicationDispatcher.forward(ApplicationDispatcher.java:295)
		at cabecera.controllers.ProductoFormServlet.doGet(ProductoFormServlet.java:44)
		at jakarta.servlet.http.HttpServlet.service(HttpServlet.java:668)
		at jakarta.servlet.http.HttpServlet.service(HttpServlet.java:777)
		at org.apache.catalina.core.ApplicationFilterChain.internalDoFilter(ApplicationFilterChain.java:223)
		at org.apache.catalina.core.ApplicationFilterChain.doFilter(ApplicationFilterChain.java:158)
		at org.apache.tomcat.websocket.server.WsFilter.doFilter(WsFilter.java:53)
		at org.apache.catalina.core.ApplicationFilterChain.internalDoFilter(ApplicationFilterChain.java:185)
		at org.apache.catalina.core.ApplicationFilterChain.doFilter(ApplicationFilterChain.java:158)
		at cabecera.filters.LoginFiltro.doFilter(LoginFiltro.java:22)
		at org.apache.catalina.core.ApplicationFilterChain.internalDoFilter(ApplicationFilterChain.java:185)
		at org.apache.catalina.core.ApplicationFilterChain.doFilter(ApplicationFilterChain.java:158)
		at cabecera.filters.ConexionFilter.doFilter(ConexionFilter.java:24)
		at org.apache.catalina.core.ApplicationFilterChain.internalDoFilter(ApplicationFilterChain.java:185)
		at org.apache.catalina.core.ApplicationFilterChain.doFilter(ApplicationFilterChain.java:158)
		at org.apache.catalina.core.StandardWrapperValve.invoke(StandardWrapperValve.java:197)
		at org.apache.catalina.core.StandardContextValve.invoke(StandardContextValve.java:97)
		at org.apache.catalina.authenticator.AuthenticatorBase.invoke(AuthenticatorBase.java:541)
		at org.apache.catalina.core.StandardHostValve.invoke(StandardHostValve.java:119)
		at org.apache.catalina.valves.ErrorReportValve.invoke(ErrorReportValve.java:92)
		at org.apache.catalina.valves.AbstractAccessLogValve.invoke(AbstractAccessLogValve.java:690)
		at org.apache.catalina.core.StandardEngineValve.invoke(StandardEngineValve.java:78)
		at org.apache.catalina.connector.CoyoteAdapter.service(CoyoteAdapter.java:355)
		at org.apache.coyote.http11.Http11Processor.service(Http11Processor.java:399)
		at org.apache.coyote.AbstractProcessorLight.process(AbstractProcessorLight.java:65)
		at org.apache.coyote.AbstractProtocol$ConnectionHandler.process(AbstractProtocol.java:866)
		at org.apache.tomcat.util.net.NioEndpoint$SocketProcessor.doRun(NioEndpoint.java:1708)
		at org.apache.tomcat.util.net.SocketProcessorBase.run(SocketProcessorBase.java:49)
		at org.apache.tomcat.util.threads.ThreadPoolExecutor.runWorker(ThreadPoolExecutor.java:1191)
		at org.apache.tomcat.util.threads.ThreadPoolExecutor$Worker.run(ThreadPoolExecutor.java:659)
		at org.apache.tomcat.util.threads.TaskThread$WrappingRunnable.run(TaskThread.java:61)
		at java.base/java.lang.Thread.run(Thread.java:831)
23-Feb-2022 18:53:19.903 INFO [http-nio-8080-exec-42] org.apache.catalina.core.ApplicationContext.log Destruyendo el request
23-Feb-2022 18:53:43.792 INFO [http-nio-8080-exec-38] org.apache.catalina.core.ApplicationContext.log Destruyendo la sesion
23-Feb-2022 18:53:43.792 INFO [http-nio-8080-exec-38] org.apache.catalina.core.ApplicationContext.log Destruyendo la aplicacion
23-Feb-2022 18:53:44.456 INFO [http-nio-8080-exec-38] org.apache.catalina.core.ApplicationContext.log Inicializando la aplicacion
23-Feb-2022 18:53:45.632 INFO [http-nio-8080-exec-45] org.apache.catalina.core.ApplicationContext.log Inicializando el request
23-Feb-2022 18:53:45.727 INFO [http-nio-8080-exec-45] org.apache.catalina.core.ApplicationContext.log Creando la sesion
23-Feb-2022 18:53:45.738 INFO [http-nio-8080-exec-45] org.apache.catalina.core.ApplicationContext.log Destruyendo el request
23-Feb-2022 18:53:47.443 INFO [http-nio-8080-exec-46] org.apache.catalina.core.ApplicationContext.log Inicializando el request
23-Feb-2022 18:53:47.457 SEVERE [http-nio-8080-exec-46] org.apache.catalina.core.ApplicationDispatcher.invoke El Servlet.service() para servlet [jsp] lanzó una excepción
	jakarta.el.MethodNotFoundException: Method not found: class cabecera.models.Producto.id()
		at jakarta.el.Util.findWrapper(Util.java:375)
		at jakarta.el.Util.findMethod(Util.java:217)
		at jakarta.el.BeanELResolver.invoke(BeanELResolver.java:141)
		at org.apache.jasper.el.JasperELResolver.invoke(JasperELResolver.java:162)
		at org.apache.el.parser.AstValue.getValue(AstValue.java:158)
		at org.apache.el.parser.AstGreaterThan.getValue(AstGreaterThan.java:36)
		at org.apache.el.parser.AstAnd.getValue(AstAnd.java:41)
		at org.apache.el.parser.AstChoice.getValue(AstChoice.java:43)
		at org.apache.el.ValueExpressionImpl.getValue(ValueExpressionImpl.java:189)
		at org.apache.jasper.runtime.PageContextImpl.proprietaryEvaluate(PageContextImpl.java:702)
		at org.apache.jsp.form_jsp._jspService(form_jsp.java:211)
		at org.apache.jasper.runtime.HttpJspBase.service(HttpJspBase.java:70)
		at jakarta.servlet.http.HttpServlet.service(HttpServlet.java:777)
		at org.apache.jasper.servlet.JspServletWrapper.service(JspServletWrapper.java:466)
		at org.apache.jasper.servlet.JspServlet.serviceJspFile(JspServlet.java:380)
		at org.apache.jasper.servlet.JspServlet.service(JspServlet.java:328)
		at jakarta.servlet.http.HttpServlet.service(HttpServlet.java:777)
		at org.apache.catalina.core.ApplicationFilterChain.internalDoFilter(ApplicationFilterChain.java:223)
		at org.apache.catalina.core.ApplicationFilterChain.doFilter(ApplicationFilterChain.java:158)
		at org.apache.tomcat.websocket.server.WsFilter.doFilter(WsFilter.java:53)
		at org.apache.catalina.core.ApplicationFilterChain.internalDoFilter(ApplicationFilterChain.java:185)
		at org.apache.catalina.core.ApplicationFilterChain.doFilter(ApplicationFilterChain.java:158)
		at org.apache.catalina.core.ApplicationDispatcher.invoke(ApplicationDispatcher.java:691)
		at org.apache.catalina.core.ApplicationDispatcher.processRequest(ApplicationDispatcher.java:441)
		at org.apache.catalina.core.ApplicationDispatcher.doForward(ApplicationDispatcher.java:367)
		at org.apache.catalina.core.ApplicationDispatcher.forward(ApplicationDispatcher.java:295)
		at cabecera.controllers.ProductoFormServlet.doPost(ProductoFormServlet.java:117)
		at jakarta.servlet.http.HttpServlet.service(HttpServlet.java:694)
		at jakarta.servlet.http.HttpServlet.service(HttpServlet.java:777)
		at org.apache.catalina.core.ApplicationFilterChain.internalDoFilter(ApplicationFilterChain.java:223)
		at org.apache.catalina.core.ApplicationFilterChain.doFilter(ApplicationFilterChain.java:158)
		at org.apache.tomcat.websocket.server.WsFilter.doFilter(WsFilter.java:53)
		at org.apache.catalina.core.ApplicationFilterChain.internalDoFilter(ApplicationFilterChain.java:185)
		at org.apache.catalina.core.ApplicationFilterChain.doFilter(ApplicationFilterChain.java:158)
		at cabecera.filters.LoginFiltro.doFilter(LoginFiltro.java:22)
		at org.apache.catalina.core.ApplicationFilterChain.internalDoFilter(ApplicationFilterChain.java:185)
		at org.apache.catalina.core.ApplicationFilterChain.doFilter(ApplicationFilterChain.java:158)
		at cabecera.filters.ConexionFilter.doFilter(ConexionFilter.java:24)
		at org.apache.catalina.core.ApplicationFilterChain.internalDoFilter(ApplicationFilterChain.java:185)
		at org.apache.catalina.core.ApplicationFilterChain.doFilter(ApplicationFilterChain.java:158)
		at org.apache.catalina.core.StandardWrapperValve.invoke(StandardWrapperValve.java:197)
		at org.apache.catalina.core.StandardContextValve.invoke(StandardContextValve.java:97)
		at org.apache.catalina.authenticator.AuthenticatorBase.invoke(AuthenticatorBase.java:541)
		at org.apache.catalina.core.StandardHostValve.invoke(StandardHostValve.java:119)
		at org.apache.catalina.valves.ErrorReportValve.invoke(ErrorReportValve.java:92)
		at org.apache.catalina.valves.AbstractAccessLogValve.invoke(AbstractAccessLogValve.java:690)
		at org.apache.catalina.core.StandardEngineValve.invoke(StandardEngineValve.java:78)
		at org.apache.catalina.connector.CoyoteAdapter.service(CoyoteAdapter.java:355)
		at org.apache.coyote.http11.Http11Processor.service(Http11Processor.java:399)
		at org.apache.coyote.AbstractProcessorLight.process(AbstractProcessorLight.java:65)
		at org.apache.coyote.AbstractProtocol$ConnectionHandler.process(AbstractProtocol.java:866)
		at org.apache.tomcat.util.net.NioEndpoint$SocketProcessor.doRun(NioEndpoint.java:1708)
		at org.apache.tomcat.util.net.SocketProcessorBase.run(SocketProcessorBase.java:49)
		at org.apache.tomcat.util.threads.ThreadPoolExecutor.runWorker(ThreadPoolExecutor.java:1191)
		at org.apache.tomcat.util.threads.ThreadPoolExecutor$Worker.run(ThreadPoolExecutor.java:659)
		at org.apache.tomcat.util.threads.TaskThread$WrappingRunnable.run(TaskThread.java:61)
		at java.base/java.lang.Thread.run(Thread.java:831)
23-Feb-2022 18:53:47.458 SEVERE [http-nio-8080-exec-46] org.apache.catalina.core.StandardWrapperValve.invoke El Servlet.service() para el servlet [cabecera.controllers.ProductoFormServlet] en el contexto con ruta [/webapp] lanzó la excepción [jakarta.el.MethodNotFoundException: Method not found: class cabecera.models.Producto.id()] con causa raíz
	jakarta.el.MethodNotFoundException: Method not found: class cabecera.models.Producto.id()
		at jakarta.el.Util.findWrapper(Util.java:375)
		at jakarta.el.Util.findMethod(Util.java:217)
		at jakarta.el.BeanELResolver.invoke(BeanELResolver.java:141)
		at org.apache.jasper.el.JasperELResolver.invoke(JasperELResolver.java:162)
		at org.apache.el.parser.AstValue.getValue(AstValue.java:158)
		at org.apache.el.parser.AstGreaterThan.getValue(AstGreaterThan.java:36)
		at org.apache.el.parser.AstAnd.getValue(AstAnd.java:41)
		at org.apache.el.parser.AstChoice.getValue(AstChoice.java:43)
		at org.apache.el.ValueExpressionImpl.getValue(ValueExpressionImpl.java:189)
		at org.apache.jasper.runtime.PageContextImpl.proprietaryEvaluate(PageContextImpl.java:702)
		at org.apache.jsp.form_jsp._jspService(form_jsp.java:211)
		at org.apache.jasper.runtime.HttpJspBase.service(HttpJspBase.java:70)
		at jakarta.servlet.http.HttpServlet.service(HttpServlet.java:777)
		at org.apache.jasper.servlet.JspServletWrapper.service(JspServletWrapper.java:466)
		at org.apache.jasper.servlet.JspServlet.serviceJspFile(JspServlet.java:380)
		at org.apache.jasper.servlet.JspServlet.service(JspServlet.java:328)
		at jakarta.servlet.http.HttpServlet.service(HttpServlet.java:777)
		at org.apache.catalina.core.ApplicationFilterChain.internalDoFilter(ApplicationFilterChain.java:223)
		at org.apache.catalina.core.ApplicationFilterChain.doFilter(ApplicationFilterChain.java:158)
		at org.apache.tomcat.websocket.server.WsFilter.doFilter(WsFilter.java:53)
		at org.apache.catalina.core.ApplicationFilterChain.internalDoFilter(ApplicationFilterChain.java:185)
		at org.apache.catalina.core.ApplicationFilterChain.doFilter(ApplicationFilterChain.java:158)
		at org.apache.catalina.core.ApplicationDispatcher.invoke(ApplicationDispatcher.java:691)
		at org.apache.catalina.core.ApplicationDispatcher.processRequest(ApplicationDispatcher.java:441)
		at org.apache.catalina.core.ApplicationDispatcher.doForward(ApplicationDispatcher.java:367)
		at org.apache.catalina.core.ApplicationDispatcher.forward(ApplicationDispatcher.java:295)
		at cabecera.controllers.ProductoFormServlet.doPost(ProductoFormServlet.java:117)
		at jakarta.servlet.http.HttpServlet.service(HttpServlet.java:694)
		at jakarta.servlet.http.HttpServlet.service(HttpServlet.java:777)
		at org.apache.catalina.core.ApplicationFilterChain.internalDoFilter(ApplicationFilterChain.java:223)
		at org.apache.catalina.core.ApplicationFilterChain.doFilter(ApplicationFilterChain.java:158)
		at org.apache.tomcat.websocket.server.WsFilter.doFilter(WsFilter.java:53)
		at org.apache.catalina.core.ApplicationFilterChain.internalDoFilter(ApplicationFilterChain.java:185)
		at org.apache.catalina.core.ApplicationFilterChain.doFilter(ApplicationFilterChain.java:158)
		at cabecera.filters.LoginFiltro.doFilter(LoginFiltro.java:22)
		at org.apache.catalina.core.ApplicationFilterChain.internalDoFilter(ApplicationFilterChain.java:185)
		at org.apache.catalina.core.ApplicationFilterChain.doFilter(ApplicationFilterChain.java:158)
		at cabecera.filters.ConexionFilter.doFilter(ConexionFilter.java:24)
		at org.apache.catalina.core.ApplicationFilterChain.internalDoFilter(ApplicationFilterChain.java:185)
		at org.apache.catalina.core.ApplicationFilterChain.doFilter(ApplicationFilterChain.java:158)
		at org.apache.catalina.core.StandardWrapperValve.invoke(StandardWrapperValve.java:197)
		at org.apache.catalina.core.StandardContextValve.invoke(StandardContextValve.java:97)
		at org.apache.catalina.authenticator.AuthenticatorBase.invoke(AuthenticatorBase.java:541)
		at org.apache.catalina.core.StandardHostValve.invoke(StandardHostValve.java:119)
		at org.apache.catalina.valves.ErrorReportValve.invoke(ErrorReportValve.java:92)
		at org.apache.catalina.valves.AbstractAccessLogValve.invoke(AbstractAccessLogValve.java:690)
		at org.apache.catalina.core.StandardEngineValve.invoke(StandardEngineValve.java:78)
		at org.apache.catalina.connector.CoyoteAdapter.service(CoyoteAdapter.java:355)
		at org.apache.coyote.http11.Http11Processor.service(Http11Processor.java:399)
		at org.apache.coyote.AbstractProcessorLight.process(AbstractProcessorLight.java:65)
		at org.apache.coyote.AbstractProtocol$ConnectionHandler.process(AbstractProtocol.java:866)
		at org.apache.tomcat.util.net.NioEndpoint$SocketProcessor.doRun(NioEndpoint.java:1708)
		at org.apache.tomcat.util.net.SocketProcessorBase.run(SocketProcessorBase.java:49)
		at org.apache.tomcat.util.threads.ThreadPoolExecutor.runWorker(ThreadPoolExecutor.java:1191)
		at org.apache.tomcat.util.threads.ThreadPoolExecutor$Worker.run(ThreadPoolExecutor.java:659)
		at org.apache.tomcat.util.threads.TaskThread$WrappingRunnable.run(TaskThread.java:61)
		at java.base/java.lang.Thread.run(Thread.java:831)
23-Feb-2022 18:53:47.458 INFO [http-nio-8080-exec-46] org.apache.catalina.core.ApplicationContext.log Destruyendo el request
23-Feb-2022 18:53:59.869 INFO [http-nio-8080-exec-40] org.apache.catalina.core.ApplicationContext.log Destruyendo la sesion
23-Feb-2022 18:53:59.870 INFO [http-nio-8080-exec-40] org.apache.catalina.core.ApplicationContext.log Destruyendo la aplicacion
23-Feb-2022 18:54:00.556 INFO [http-nio-8080-exec-40] org.apache.catalina.core.ApplicationContext.log Inicializando la aplicacion
23-Feb-2022 18:54:00.856 INFO [http-nio-8080-exec-47] org.apache.catalina.core.ApplicationContext.log Inicializando el request
23-Feb-2022 18:54:00.943 INFO [http-nio-8080-exec-47] org.apache.catalina.core.ApplicationContext.log Creando la sesion
23-Feb-2022 18:54:00.954 INFO [http-nio-8080-exec-47] org.apache.catalina.core.ApplicationContext.log Destruyendo el request
23-Feb-2022 18:54:03.072 INFO [http-nio-8080-exec-29] org.apache.catalina.core.ApplicationContext.log Inicializando el request
23-Feb-2022 18:54:03.084 INFO [http-nio-8080-exec-29] org.apache.catalina.core.ApplicationContext.log Destruyendo el request
23-Feb-2022 19:01:21.685 INFO [http-nio-8080-exec-50] org.apache.catalina.core.ApplicationContext.log Destruyendo la sesion
23-Feb-2022 19:01:21.685 INFO [http-nio-8080-exec-50] org.apache.catalina.core.ApplicationContext.log Destruyendo la aplicacion
23-Feb-2022 19:01:22.405 INFO [http-nio-8080-exec-50] org.apache.catalina.core.ApplicationContext.log Inicializando la aplicacion
23-Feb-2022 19:01:29.033 INFO [http-nio-8080-exec-55] org.apache.catalina.core.ApplicationContext.log Inicializando el request
23-Feb-2022 19:01:29.119 INFO [http-nio-8080-exec-55] org.apache.catalina.core.ApplicationContext.log Creando la sesion
23-Feb-2022 19:01:29.127 INFO [http-nio-8080-exec-55] org.apache.catalina.core.ApplicationContext.log Destruyendo el request
23-Feb-2022 19:01:31.203 INFO [http-nio-8080-exec-54] org.apache.catalina.core.ApplicationContext.log Inicializando el request
23-Feb-2022 19:01:31.277 INFO [http-nio-8080-exec-54] org.apache.catalina.core.ApplicationContext.log Destruyendo el request
23-Feb-2022 19:01:33.002 INFO [http-nio-8080-exec-51] org.apache.catalina.core.ApplicationContext.log Inicializando el request
23-Feb-2022 19:01:33.013 INFO [http-nio-8080-exec-51] org.apache.catalina.core.ApplicationContext.log Destruyendo el request
23-Feb-2022 19:02:46.610 INFO [http-nio-8080-exec-60] org.apache.catalina.core.ApplicationContext.log Destruyendo la sesion
23-Feb-2022 19:02:46.610 INFO [http-nio-8080-exec-60] org.apache.catalina.core.ApplicationContext.log Destruyendo la aplicacion
23-Feb-2022 19:02:47.308 INFO [http-nio-8080-exec-60] org.apache.catalina.core.ApplicationContext.log Inicializando la aplicacion
23-Feb-2022 19:02:51.154 INFO [http-nio-8080-exec-68] org.apache.catalina.core.ApplicationContext.log Inicializando el request
23-Feb-2022 19:02:51.235 INFO [http-nio-8080-exec-68] org.apache.catalina.core.ApplicationContext.log Creando la sesion
23-Feb-2022 19:02:51.244 INFO [http-nio-8080-exec-68] org.apache.catalina.core.ApplicationContext.log Destruyendo el request
23-Feb-2022 19:02:52.200 INFO [http-nio-8080-exec-61] org.apache.catalina.core.ApplicationContext.log Inicializando el request
23-Feb-2022 19:02:52.272 INFO [http-nio-8080-exec-61] org.apache.catalina.core.ApplicationContext.log Destruyendo el request
23-Feb-2022 19:02:53.588 INFO [http-nio-8080-exec-67] org.apache.catalina.core.ApplicationContext.log Inicializando el request
23-Feb-2022 19:02:53.605 INFO [http-nio-8080-exec-67] org.apache.catalina.core.ApplicationContext.log Destruyendo el request
23-Feb-2022 19:02:53.607 INFO [http-nio-8080-exec-64] org.apache.catalina.core.ApplicationContext.log Inicializando el request
23-Feb-2022 19:02:53.621 INFO [http-nio-8080-exec-64] org.apache.catalina.core.ApplicationContext.log Destruyendo el request
23-Feb-2022 19:02:54.722 INFO [http-nio-8080-exec-63] org.apache.catalina.core.ApplicationContext.log Inicializando el request
23-Feb-2022 19:02:54.735 INFO [http-nio-8080-exec-63] org.apache.catalina.core.ApplicationContext.log Destruyendo el request
23-Feb-2022 19:02:55.733 INFO [http-nio-8080-exec-62] org.apache.catalina.core.ApplicationContext.log Inicializando el request
23-Feb-2022 19:02:55.745 INFO [http-nio-8080-exec-62] org.apache.catalina.core.ApplicationContext.log Destruyendo el request
23-Feb-2022 19:02:55.748 INFO [http-nio-8080-exec-57] org.apache.catalina.core.ApplicationContext.log Inicializando el request
23-Feb-2022 19:02:55.759 INFO [http-nio-8080-exec-57] org.apache.catalina.core.ApplicationContext.log Destruyendo el request
23-Feb-2022 19:02:57.037 INFO [http-nio-8080-exec-66] org.apache.catalina.core.ApplicationContext.log Inicializando el request
23-Feb-2022 19:02:57.051 INFO [http-nio-8080-exec-66] org.apache.catalina.core.ApplicationContext.log Destruyendo el request
23-Feb-2022 19:02:57.837 INFO [http-nio-8080-exec-69] org.apache.catalina.core.ApplicationContext.log Inicializando el request
23-Feb-2022 19:02:57.848 INFO [http-nio-8080-exec-69] org.apache.catalina.core.ApplicationContext.log Destruyendo el request
23-Feb-2022 19:02:57.851 INFO [http-nio-8080-exec-65] org.apache.catalina.core.ApplicationContext.log Inicializando el request
23-Feb-2022 19:02:57.861 INFO [http-nio-8080-exec-65] org.apache.catalina.core.ApplicationContext.log Destruyendo el request
23-Feb-2022 19:33:43.531 INFO [Catalina-utility-2] org.apache.catalina.core.ApplicationContext.log Destruyendo la sesion
