24-Feb-2022 00:00:43.156 INFO [http-nio-8080-exec-72] org.apache.catalina.core.ApplicationContext.log Destruyendo la aplicacion
24-Feb-2022 00:00:44.074 INFO [http-nio-8080-exec-72] org.apache.catalina.core.ApplicationContext.log Inicializando la aplicacion
24-Feb-2022 00:00:44.543 INFO [http-nio-8080-exec-73] org.apache.catalina.core.ApplicationContext.log Inicializando el request
24-Feb-2022 00:00:44.580 INFO [http-nio-8080-exec-73] org.apache.catalina.core.ApplicationContext.log Destruyendo el request
24-Feb-2022 00:00:46.142 INFO [http-nio-8080-exec-70] org.apache.catalina.core.ApplicationContext.log Inicializando el request
24-Feb-2022 00:00:46.245 INFO [http-nio-8080-exec-70] org.apache.catalina.core.ApplicationContext.log Creando la sesion
24-Feb-2022 00:00:46.258 INFO [http-nio-8080-exec-70] org.apache.catalina.core.ApplicationContext.log Destruyendo el request
24-Feb-2022 00:00:50.617 INFO [http-nio-8080-exec-77] org.apache.catalina.core.ApplicationContext.log Inicializando el request
24-Feb-2022 00:00:50.628 INFO [http-nio-8080-exec-77] org.apache.catalina.core.ApplicationContext.log Destruyendo el request
24-Feb-2022 00:00:51.356 INFO [http-nio-8080-exec-69] org.apache.catalina.core.ApplicationContext.log Inicializando el request
24-Feb-2022 00:00:51.372 INFO [http-nio-8080-exec-69] org.apache.catalina.core.ApplicationContext.log Destruyendo el request
24-Feb-2022 00:00:58.186 INFO [http-nio-8080-exec-75] org.apache.catalina.core.ApplicationContext.log Inicializando el request
24-Feb-2022 00:00:58.260 INFO [http-nio-8080-exec-75] org.apache.catalina.core.ApplicationContext.log Destruyendo el request
24-Feb-2022 00:01:22.307 INFO [http-nio-8080-exec-79] org.apache.catalina.core.ApplicationContext.log Inicializando el request
24-Feb-2022 00:01:22.320 INFO [http-nio-8080-exec-79] org.apache.catalina.core.ApplicationContext.log Destruyendo el request
24-Feb-2022 00:01:25.766 INFO [http-nio-8080-exec-78] org.apache.catalina.core.ApplicationContext.log Inicializando el request
24-Feb-2022 00:01:25.780 INFO [http-nio-8080-exec-78] org.apache.catalina.core.ApplicationContext.log Destruyendo el request
24-Feb-2022 00:02:33.397 INFO [http-nio-8080-exec-81] org.apache.catalina.core.ApplicationContext.log Destruyendo la sesion
24-Feb-2022 00:02:33.397 INFO [http-nio-8080-exec-81] org.apache.catalina.core.ApplicationContext.log Destruyendo la aplicacion
24-Feb-2022 00:02:34.114 INFO [http-nio-8080-exec-81] org.apache.catalina.core.ApplicationContext.log Inicializando la aplicacion
24-Feb-2022 00:02:43.191 INFO [http-nio-8080-exec-88] org.apache.catalina.core.ApplicationContext.log Inicializando el request
24-Feb-2022 00:02:43.278 INFO [http-nio-8080-exec-88] org.apache.catalina.core.ApplicationContext.log Creando la sesion
24-Feb-2022 00:02:43.292 INFO [http-nio-8080-exec-88] org.apache.catalina.core.ApplicationContext.log Destruyendo el request
24-Feb-2022 00:02:45.924 INFO [http-nio-8080-exec-80] org.apache.catalina.core.ApplicationContext.log Inicializando el request
24-Feb-2022 00:02:45.991 INFO [http-nio-8080-exec-80] org.apache.catalina.core.ApplicationContext.log Destruyendo el request
24-Feb-2022 00:07:14.247 INFO [http-nio-8080-exec-89] org.apache.catalina.core.ApplicationContext.log Destruyendo la sesion
24-Feb-2022 00:07:14.247 INFO [http-nio-8080-exec-89] org.apache.catalina.core.ApplicationContext.log Destruyendo la aplicacion
24-Feb-2022 00:07:14.934 INFO [http-nio-8080-exec-89] org.apache.catalina.core.ApplicationContext.log Inicializando la aplicacion
24-Feb-2022 00:07:26.384 INFO [http-nio-8080-exec-90] org.apache.catalina.core.ApplicationContext.log Inicializando el request
24-Feb-2022 00:07:26.398 INFO [http-nio-8080-exec-90] org.apache.catalina.core.ApplicationContext.log Destruyendo el request
24-Feb-2022 00:07:27.255 INFO [http-nio-8080-exec-95] org.apache.catalina.core.ApplicationContext.log Inicializando el request
24-Feb-2022 00:07:27.373 INFO [http-nio-8080-exec-95] org.apache.catalina.core.ApplicationContext.log Creando la sesion
24-Feb-2022 00:07:27.384 INFO [http-nio-8080-exec-95] org.apache.catalina.core.ApplicationContext.log Destruyendo el request
24-Feb-2022 00:07:32.059 INFO [http-nio-8080-exec-91] org.apache.catalina.core.ApplicationContext.log Inicializando el request
24-Feb-2022 00:07:32.072 INFO [http-nio-8080-exec-91] org.apache.catalina.core.ApplicationContext.log Destruyendo el request
24-Feb-2022 00:07:36.088 INFO [http-nio-8080-exec-98] org.apache.catalina.core.ApplicationContext.log Inicializando el request
24-Feb-2022 00:07:36.155 INFO [http-nio-8080-exec-98] org.apache.catalina.core.ApplicationContext.log Destruyendo el request
24-Feb-2022 00:07:37.973 INFO [http-nio-8080-exec-97] org.apache.catalina.core.ApplicationContext.log Inicializando el request
24-Feb-2022 00:07:37.986 INFO [http-nio-8080-exec-97] org.apache.catalina.core.ApplicationContext.log Destruyendo el request
24-Feb-2022 00:07:38.796 INFO [http-nio-8080-exec-93] org.apache.catalina.core.ApplicationContext.log Inicializando el request
24-Feb-2022 00:07:38.937 INFO [http-nio-8080-exec-93] org.apache.catalina.core.ApplicationContext.log Destruyendo el request
24-Feb-2022 00:08:12.746 INFO [http-nio-8080-exec-99] org.apache.catalina.core.ApplicationContext.log Destruyendo la sesion
24-Feb-2022 00:08:12.746 INFO [http-nio-8080-exec-99] org.apache.catalina.core.ApplicationContext.log Destruyendo la aplicacion
24-Feb-2022 00:08:13.531 INFO [http-nio-8080-exec-99] org.apache.catalina.core.ApplicationContext.log Inicializando la aplicacion
24-Feb-2022 00:08:19.044 INFO [http-nio-8080-exec-105] org.apache.catalina.core.ApplicationContext.log Inicializando el request
24-Feb-2022 00:08:19.120 INFO [http-nio-8080-exec-105] org.apache.catalina.core.ApplicationContext.log Creando la sesion
24-Feb-2022 00:08:19.132 INFO [http-nio-8080-exec-105] org.apache.catalina.core.ApplicationContext.log Destruyendo el request
24-Feb-2022 00:20:09.230 INFO [http-nio-8080-exec-106] org.apache.catalina.core.ApplicationContext.log Destruyendo la sesion
24-Feb-2022 00:20:09.230 INFO [http-nio-8080-exec-106] org.apache.catalina.core.ApplicationContext.log Destruyendo la aplicacion
24-Feb-2022 00:20:09.924 INFO [http-nio-8080-exec-106] org.apache.catalina.core.ApplicationContext.log Inicializando la aplicacion
24-Feb-2022 00:20:15.151 INFO [http-nio-8080-exec-111] org.apache.catalina.core.ApplicationContext.log Inicializando el request
24-Feb-2022 00:20:15.166 INFO [http-nio-8080-exec-111] org.apache.catalina.core.ApplicationContext.log Destruyendo el request
24-Feb-2022 00:20:56.045 INFO [http-nio-8080-exec-113] org.apache.catalina.core.ApplicationContext.log Inicializando el request
24-Feb-2022 00:20:56.056 INFO [http-nio-8080-exec-113] org.apache.catalina.core.ApplicationContext.log Destruyendo el request
24-Feb-2022 00:21:00.987 INFO [http-nio-8080-exec-108] org.apache.catalina.core.ApplicationContext.log Destruyendo la aplicacion
24-Feb-2022 00:21:01.667 INFO [http-nio-8080-exec-108] org.apache.catalina.core.ApplicationContext.log Inicializando la aplicacion
24-Feb-2022 00:21:19.529 INFO [http-nio-8080-exec-112] org.apache.catalina.core.ApplicationContext.log Destruyendo la aplicacion
24-Feb-2022 00:21:20.211 INFO [http-nio-8080-exec-112] org.apache.catalina.core.ApplicationContext.log Inicializando la aplicacion
24-Feb-2022 00:21:24.841 INFO [http-nio-8080-exec-116] org.apache.catalina.core.ApplicationContext.log Inicializando el request
24-Feb-2022 00:21:24.889 INFO [http-nio-8080-exec-116] org.apache.catalina.core.ApplicationContext.log Creando la sesion
24-Feb-2022 00:21:24.968 INFO [http-nio-8080-exec-116] org.apache.catalina.core.ApplicationContext.log Destruyendo el request
24-Feb-2022 00:21:30.208 INFO [http-nio-8080-exec-114] org.apache.catalina.core.ApplicationContext.log Inicializando el request
24-Feb-2022 00:21:30.290 INFO [http-nio-8080-exec-114] org.apache.catalina.core.ApplicationContext.log Destruyendo el request
24-Feb-2022 00:21:34.267 INFO [http-nio-8080-exec-121] org.apache.catalina.core.ApplicationContext.log Inicializando el request
24-Feb-2022 00:21:34.278 INFO [http-nio-8080-exec-121] org.apache.catalina.core.ApplicationContext.log Destruyendo el request
24-Feb-2022 00:21:37.275 INFO [http-nio-8080-exec-119] org.apache.catalina.core.ApplicationContext.log Inicializando el request
24-Feb-2022 00:21:37.285 INFO [http-nio-8080-exec-119] org.apache.catalina.core.ApplicationContext.log Destruyendo el request
24-Feb-2022 00:21:37.287 INFO [http-nio-8080-exec-120] org.apache.catalina.core.ApplicationContext.log Inicializando el request
24-Feb-2022 00:21:37.329 INFO [http-nio-8080-exec-120] org.apache.catalina.core.ApplicationContext.log Destruyendo el request
24-Feb-2022 00:21:43.295 INFO [http-nio-8080-exec-123] org.apache.catalina.core.ApplicationContext.log Inicializando el request
24-Feb-2022 00:21:43.306 INFO [http-nio-8080-exec-123] org.apache.catalina.core.ApplicationContext.log Destruyendo el request
24-Feb-2022 00:21:43.309 INFO [http-nio-8080-exec-117] org.apache.catalina.core.ApplicationContext.log Inicializando el request
24-Feb-2022 00:21:43.318 INFO [http-nio-8080-exec-117] org.apache.catalina.core.ApplicationContext.log Destruyendo el request
24-Feb-2022 00:21:44.596 INFO [http-nio-8080-exec-122] org.apache.catalina.core.ApplicationContext.log Inicializando el request
24-Feb-2022 00:21:44.607 INFO [http-nio-8080-exec-122] org.apache.catalina.core.ApplicationContext.log Destruyendo el request
24-Feb-2022 00:21:46.430 INFO [http-nio-8080-exec-109] org.apache.catalina.core.ApplicationContext.log Inicializando el request
24-Feb-2022 00:21:46.495 INFO [http-nio-8080-exec-109] org.apache.catalina.core.ApplicationContext.log Destruyendo el request
24-Feb-2022 00:21:47.613 INFO [http-nio-8080-exec-125] org.apache.catalina.core.ApplicationContext.log Inicializando el request
24-Feb-2022 00:21:47.623 INFO [http-nio-8080-exec-125] org.apache.catalina.core.ApplicationContext.log Destruyendo el request
24-Feb-2022 00:21:48.507 INFO [http-nio-8080-exec-126] org.apache.catalina.core.ApplicationContext.log Inicializando el request
24-Feb-2022 00:21:48.520 INFO [http-nio-8080-exec-126] org.apache.catalina.core.ApplicationContext.log Destruyendo el request
24-Feb-2022 00:21:49.605 INFO [http-nio-8080-exec-127] org.apache.catalina.core.ApplicationContext.log Inicializando el request
24-Feb-2022 00:21:49.618 INFO [http-nio-8080-exec-127] org.apache.catalina.core.ApplicationContext.log Destruyendo el request
24-Feb-2022 00:21:49.625 INFO [http-nio-8080-exec-128] org.apache.catalina.core.ApplicationContext.log Inicializando el request
24-Feb-2022 00:21:49.639 INFO [http-nio-8080-exec-128] org.apache.catalina.core.ApplicationContext.log Destruyendo el request
24-Feb-2022 00:26:43.319 INFO [http-nio-8080-exec-130] org.apache.catalina.core.ApplicationContext.log Destruyendo la sesion
24-Feb-2022 00:26:43.319 INFO [http-nio-8080-exec-130] org.apache.catalina.core.ApplicationContext.log Destruyendo la aplicacion
24-Feb-2022 00:26:44.044 INFO [http-nio-8080-exec-130] org.apache.catalina.core.ApplicationContext.log Inicializando la aplicacion
24-Feb-2022 00:26:51.912 INFO [http-nio-8080-exec-128] org.apache.catalina.core.ApplicationContext.log Inicializando el request
24-Feb-2022 00:26:51.961 INFO [http-nio-8080-exec-128] org.apache.catalina.core.ApplicationContext.log Creando la sesion
24-Feb-2022 00:26:52.038 INFO [http-nio-8080-exec-128] org.apache.catalina.core.ApplicationContext.log Destruyendo el request
24-Feb-2022 00:27:01.614 INFO [http-nio-8080-exec-124] org.apache.catalina.core.ApplicationContext.log Inicializando el request
24-Feb-2022 00:27:01.625 INFO [http-nio-8080-exec-124] org.apache.catalina.core.ApplicationContext.log Destruyendo el request
24-Feb-2022 00:27:03.664 INFO [http-nio-8080-exec-127] org.apache.catalina.core.ApplicationContext.log Inicializando el request
24-Feb-2022 00:27:03.745 INFO [http-nio-8080-exec-127] org.apache.catalina.core.ApplicationContext.log Destruyendo el request
24-Feb-2022 00:27:06.524 INFO [http-nio-8080-exec-131] org.apache.catalina.core.ApplicationContext.log Inicializando el request
24-Feb-2022 00:27:06.534 INFO [http-nio-8080-exec-131] org.apache.catalina.core.ApplicationContext.log Destruyendo el request
24-Feb-2022 00:27:09.596 INFO [http-nio-8080-exec-133] org.apache.catalina.core.ApplicationContext.log Inicializando el request
24-Feb-2022 00:27:09.606 INFO [http-nio-8080-exec-133] org.apache.catalina.core.ApplicationContext.log Destruyendo el request
24-Feb-2022 00:27:25.602 INFO [http-nio-8080-exec-134] org.apache.catalina.core.ApplicationContext.log Inicializando el request
24-Feb-2022 00:27:25.613 INFO [http-nio-8080-exec-134] org.apache.catalina.core.ApplicationContext.log Destruyendo el request
24-Feb-2022 00:27:26.902 INFO [http-nio-8080-exec-129] org.apache.catalina.core.ApplicationContext.log Inicializando el request
24-Feb-2022 00:27:26.912 INFO [http-nio-8080-exec-129] org.apache.catalina.core.ApplicationContext.log Destruyendo el request
24-Feb-2022 00:27:26.914 INFO [http-nio-8080-exec-135] org.apache.catalina.core.ApplicationContext.log Inicializando el request
24-Feb-2022 00:27:26.972 INFO [http-nio-8080-exec-135] org.apache.catalina.core.ApplicationContext.log Destruyendo el request
24-Feb-2022 00:27:28.656 INFO [http-nio-8080-exec-128] org.apache.catalina.core.ApplicationContext.log Inicializando el request
24-Feb-2022 00:27:28.666 INFO [http-nio-8080-exec-128] org.apache.catalina.core.ApplicationContext.log Destruyendo el request
24-Feb-2022 00:27:39.264 INFO [http-nio-8080-exec-136] org.apache.catalina.core.ApplicationContext.log Destruyendo la sesion
24-Feb-2022 00:27:39.264 INFO [http-nio-8080-exec-136] org.apache.catalina.core.ApplicationContext.log Destruyendo la aplicacion
24-Feb-2022 00:27:39.973 INFO [http-nio-8080-exec-136] org.apache.catalina.core.ApplicationContext.log Inicializando la aplicacion
24-Feb-2022 00:27:42.434 INFO [http-nio-8080-exec-134] org.apache.catalina.core.ApplicationContext.log Inicializando el request
24-Feb-2022 00:27:42.481 INFO [http-nio-8080-exec-134] org.apache.catalina.core.ApplicationContext.log Creando la sesion
24-Feb-2022 00:27:42.556 INFO [http-nio-8080-exec-134] org.apache.catalina.core.ApplicationContext.log Destruyendo el request
24-Feb-2022 00:27:44.657 INFO [http-nio-8080-exec-135] org.apache.catalina.core.ApplicationContext.log Inicializando el request
24-Feb-2022 00:27:44.667 INFO [http-nio-8080-exec-135] org.apache.catalina.core.ApplicationContext.log Destruyendo el request
24-Feb-2022 00:27:45.698 INFO [http-nio-8080-exec-137] org.apache.catalina.core.ApplicationContext.log Inicializando el request
24-Feb-2022 00:27:45.741 INFO [http-nio-8080-exec-137] org.apache.catalina.core.ApplicationContext.log Destruyendo el request
24-Feb-2022 00:27:49.185 INFO [http-nio-8080-exec-142] org.apache.catalina.core.ApplicationContext.log Inicializando el request
24-Feb-2022 00:27:49.194 INFO [http-nio-8080-exec-142] org.apache.catalina.core.ApplicationContext.log Destruyendo el request
24-Feb-2022 00:27:49.196 INFO [http-nio-8080-exec-140] org.apache.catalina.core.ApplicationContext.log Inicializando el request
24-Feb-2022 00:27:49.205 INFO [http-nio-8080-exec-140] org.apache.catalina.core.ApplicationContext.log Destruyendo el request
24-Feb-2022 00:27:50.821 INFO [http-nio-8080-exec-138] org.apache.catalina.core.ApplicationContext.log Inicializando el request
24-Feb-2022 00:27:50.832 INFO [http-nio-8080-exec-138] org.apache.catalina.core.ApplicationContext.log Destruyendo el request
24-Feb-2022 00:28:03.551 INFO [http-nio-8080-exec-144] org.apache.catalina.core.ApplicationContext.log Inicializando el request
24-Feb-2022 00:28:03.562 INFO [http-nio-8080-exec-144] org.apache.catalina.core.ApplicationContext.log Destruyendo el request
24-Feb-2022 00:28:24.561 INFO [http-nio-8080-exec-146] org.apache.catalina.core.ApplicationContext.log Destruyendo la sesion
24-Feb-2022 00:28:24.561 INFO [http-nio-8080-exec-146] org.apache.catalina.core.ApplicationContext.log Destruyendo la aplicacion
24-Feb-2022 00:28:25.334 INFO [http-nio-8080-exec-146] org.apache.catalina.core.ApplicationContext.log Inicializando la aplicacion
24-Feb-2022 00:29:20.859 INFO [http-nio-8080-exec-147] org.apache.catalina.core.ApplicationContext.log Inicializando el request
24-Feb-2022 00:29:20.906 INFO [http-nio-8080-exec-147] org.apache.catalina.core.ApplicationContext.log Creando la sesion
24-Feb-2022 00:29:20.984 INFO [http-nio-8080-exec-147] org.apache.catalina.core.ApplicationContext.log Destruyendo el request
24-Feb-2022 00:29:22.131 INFO [http-nio-8080-exec-152] org.apache.catalina.core.ApplicationContext.log Inicializando el request
24-Feb-2022 00:29:22.204 INFO [http-nio-8080-exec-152] org.apache.catalina.core.ApplicationContext.log Destruyendo el request
24-Feb-2022 00:29:27.772 INFO [http-nio-8080-exec-153] org.apache.catalina.core.ApplicationContext.log Inicializando el request
24-Feb-2022 00:29:27.782 INFO [http-nio-8080-exec-153] org.apache.catalina.core.ApplicationContext.log Destruyendo el request
24-Feb-2022 00:29:27.784 INFO [http-nio-8080-exec-154] org.apache.catalina.core.ApplicationContext.log Inicializando el request
24-Feb-2022 00:29:27.847 INFO [http-nio-8080-exec-154] org.apache.catalina.core.ApplicationContext.log Destruyendo el request
24-Feb-2022 00:29:29.986 INFO [http-nio-8080-exec-147] org.apache.catalina.core.ApplicationContext.log Inicializando el request
24-Feb-2022 00:29:29.998 INFO [http-nio-8080-exec-147] org.apache.catalina.core.ApplicationContext.log Destruyendo el request
24-Feb-2022 00:29:31.249 INFO [http-nio-8080-exec-155] org.apache.catalina.core.ApplicationContext.log Inicializando el request
24-Feb-2022 00:29:31.261 INFO [http-nio-8080-exec-155] org.apache.catalina.core.ApplicationContext.log Destruyendo el request
24-Feb-2022 00:29:31.274 INFO [http-nio-8080-exec-144] org.apache.catalina.core.ApplicationContext.log Inicializando el request
24-Feb-2022 00:29:31.287 INFO [http-nio-8080-exec-144] org.apache.catalina.core.ApplicationContext.log Destruyendo el request
24-Feb-2022 00:29:34.134 INFO [http-nio-8080-exec-149] org.apache.catalina.core.ApplicationContext.log Inicializando el request
24-Feb-2022 00:29:34.146 INFO [http-nio-8080-exec-149] org.apache.catalina.core.ApplicationContext.log Destruyendo el request
24-Feb-2022 00:29:35.685 INFO [http-nio-8080-exec-151] org.apache.catalina.core.ApplicationContext.log Inicializando el request
24-Feb-2022 00:29:35.697 INFO [http-nio-8080-exec-151] org.apache.catalina.core.ApplicationContext.log Destruyendo el request
24-Feb-2022 00:29:37.691 INFO [http-nio-8080-exec-145] org.apache.catalina.core.ApplicationContext.log Inicializando el request
24-Feb-2022 00:29:37.754 INFO [http-nio-8080-exec-145] org.apache.catalina.core.ApplicationContext.log Destruyendo el request
24-Feb-2022 00:29:40.928 INFO [http-nio-8080-exec-156] org.apache.catalina.core.ApplicationContext.log Inicializando el request
24-Feb-2022 00:29:40.942 INFO [http-nio-8080-exec-156] org.apache.catalina.core.ApplicationContext.log Destruyendo el request
24-Feb-2022 00:29:45.248 INFO [http-nio-8080-exec-153] org.apache.catalina.core.ApplicationContext.log Inicializando el request
24-Feb-2022 00:29:45.271 INFO [http-nio-8080-exec-153] org.apache.catalina.core.ApplicationContext.log Destruyendo el request
24-Feb-2022 00:29:45.273 INFO [http-nio-8080-exec-154] org.apache.catalina.core.ApplicationContext.log Inicializando el request
24-Feb-2022 00:29:45.285 INFO [http-nio-8080-exec-154] org.apache.catalina.core.ApplicationContext.log Destruyendo el request
24-Feb-2022 00:29:49.714 INFO [http-nio-8080-exec-158] org.apache.catalina.core.ApplicationContext.log Inicializando el request
24-Feb-2022 00:29:49.727 INFO [http-nio-8080-exec-158] org.apache.catalina.core.ApplicationContext.log Destruyendo el request
24-Feb-2022 00:29:49.730 INFO [http-nio-8080-exec-155] org.apache.catalina.core.ApplicationContext.log Inicializando el request
24-Feb-2022 00:29:49.743 INFO [http-nio-8080-exec-155] org.apache.catalina.core.ApplicationContext.log Destruyendo el request
24-Feb-2022 00:29:51.521 INFO [http-nio-8080-exec-159] org.apache.catalina.core.ApplicationContext.log Inicializando el request
24-Feb-2022 00:29:51.533 INFO [http-nio-8080-exec-159] org.apache.catalina.core.ApplicationContext.log Destruyendo el request
24-Feb-2022 00:29:54.972 INFO [http-nio-8080-exec-160] org.apache.catalina.core.ApplicationContext.log Inicializando el request
24-Feb-2022 00:29:54.985 INFO [http-nio-8080-exec-160] org.apache.catalina.core.ApplicationContext.log Destruyendo el request
24-Feb-2022 00:29:56.092 INFO [http-nio-8080-exec-161] org.apache.catalina.core.ApplicationContext.log Inicializando el request
24-Feb-2022 00:29:56.104 INFO [http-nio-8080-exec-161] org.apache.catalina.core.ApplicationContext.log Destruyendo el request
24-Feb-2022 00:29:58.059 INFO [http-nio-8080-exec-162] org.apache.catalina.core.ApplicationContext.log Inicializando el request
24-Feb-2022 00:29:58.069 INFO [http-nio-8080-exec-162] org.apache.catalina.core.ApplicationContext.log Destruyendo el request
24-Feb-2022 00:30:02.232 INFO [http-nio-8080-exec-156] org.apache.catalina.core.ApplicationContext.log Inicializando el request
24-Feb-2022 00:30:02.243 INFO [http-nio-8080-exec-156] org.apache.catalina.core.ApplicationContext.log Destruyendo el request
24-Feb-2022 00:30:04.131 INFO [http-nio-8080-exec-157] org.apache.catalina.core.ApplicationContext.log Inicializando el request
24-Feb-2022 00:30:04.144 INFO [http-nio-8080-exec-157] org.apache.catalina.core.ApplicationContext.log Destruyendo el request
24-Feb-2022 00:30:09.187 INFO [http-nio-8080-exec-154] org.apache.catalina.core.ApplicationContext.log Inicializando el request
24-Feb-2022 00:30:09.197 INFO [http-nio-8080-exec-154] org.apache.catalina.core.ApplicationContext.log Destruyendo el request
24-Feb-2022 00:30:12.063 INFO [http-nio-8080-exec-155] org.apache.catalina.core.ApplicationContext.log Inicializando el request
24-Feb-2022 00:30:12.073 INFO [http-nio-8080-exec-155] org.apache.catalina.core.ApplicationContext.log Destruyendo el request
24-Feb-2022 00:30:13.288 INFO [http-nio-8080-exec-159] org.apache.catalina.core.ApplicationContext.log Inicializando el request
24-Feb-2022 00:30:13.297 INFO [http-nio-8080-exec-159] org.apache.catalina.core.ApplicationContext.log Destruyendo el request
24-Feb-2022 00:30:13.299 INFO [http-nio-8080-exec-160] org.apache.catalina.core.ApplicationContext.log Inicializando el request
24-Feb-2022 00:30:13.341 INFO [http-nio-8080-exec-160] org.apache.catalina.core.ApplicationContext.log Destruyendo el request
24-Feb-2022 00:30:16.452 INFO [http-nio-8080-exec-161] org.apache.catalina.core.ApplicationContext.log Inicializando el request
24-Feb-2022 00:30:16.462 INFO [http-nio-8080-exec-161] org.apache.catalina.core.ApplicationContext.log Destruyendo el request
24-Feb-2022 00:30:18.179 INFO [http-nio-8080-exec-162] org.apache.catalina.core.ApplicationContext.log Inicializando el request
24-Feb-2022 00:30:18.188 INFO [http-nio-8080-exec-162] org.apache.catalina.core.ApplicationContext.log Destruyendo el request
24-Feb-2022 00:30:20.720 INFO [http-nio-8080-exec-156] org.apache.catalina.core.ApplicationContext.log Inicializando el request
24-Feb-2022 00:30:20.733 INFO [http-nio-8080-exec-156] org.apache.catalina.core.ApplicationContext.log Destruyendo el request
24-Feb-2022 00:30:21.844 INFO [http-nio-8080-exec-157] org.apache.catalina.core.ApplicationContext.log Inicializando el request
24-Feb-2022 00:30:21.856 INFO [http-nio-8080-exec-157] org.apache.catalina.core.ApplicationContext.log Destruyendo el request
24-Feb-2022 00:30:22.693 INFO [http-nio-8080-exec-153] org.apache.catalina.core.ApplicationContext.log Inicializando el request
24-Feb-2022 00:30:22.703 INFO [http-nio-8080-exec-153] org.apache.catalina.core.ApplicationContext.log Destruyendo el request
24-Feb-2022 00:30:23.620 INFO [http-nio-8080-exec-154] org.apache.catalina.core.ApplicationContext.log Inicializando el request
24-Feb-2022 00:30:23.630 INFO [http-nio-8080-exec-154] org.apache.catalina.core.ApplicationContext.log Destruyendo el request
24-Feb-2022 00:30:23.631 INFO [http-nio-8080-exec-158] org.apache.catalina.core.ApplicationContext.log Inicializando el request
24-Feb-2022 00:30:23.641 INFO [http-nio-8080-exec-158] org.apache.catalina.core.ApplicationContext.log Destruyendo el request
24-Feb-2022 00:30:27.879 INFO [http-nio-8080-exec-155] org.apache.catalina.core.ApplicationContext.log Inicializando el request
24-Feb-2022 00:30:27.888 INFO [http-nio-8080-exec-155] org.apache.catalina.core.ApplicationContext.log Destruyendo el request
24-Feb-2022 00:30:27.890 INFO [http-nio-8080-exec-159] org.apache.catalina.core.ApplicationContext.log Inicializando el request
24-Feb-2022 00:30:27.899 INFO [http-nio-8080-exec-159] org.apache.catalina.core.ApplicationContext.log Destruyendo el request
24-Feb-2022 00:30:29.026 INFO [http-nio-8080-exec-160] org.apache.catalina.core.ApplicationContext.log Inicializando el request
24-Feb-2022 00:30:29.037 INFO [http-nio-8080-exec-160] org.apache.catalina.core.ApplicationContext.log Destruyendo el request
24-Feb-2022 00:30:30.695 INFO [http-nio-8080-exec-162] org.apache.catalina.core.ApplicationContext.log Inicializando el request
24-Feb-2022 00:30:30.704 INFO [http-nio-8080-exec-162] org.apache.catalina.core.ApplicationContext.log Destruyendo el request
24-Feb-2022 01:01:22.693 INFO [Catalina-utility-1] org.apache.catalina.core.ApplicationContext.log Destruyendo la sesion
24-Feb-2022 02:05:53.311 INFO [http-nio-8080-exec-153] org.apache.catalina.core.ApplicationContext.log Destruyendo la aplicacion
24-Feb-2022 02:05:54.084 INFO [http-nio-8080-exec-153] org.apache.catalina.core.ApplicationContext.log Inicializando la aplicacion
24-Feb-2022 02:06:03.433 INFO [http-nio-8080-exec-162] org.apache.catalina.core.ApplicationContext.log Inicializando el request
24-Feb-2022 02:06:03.495 INFO [http-nio-8080-exec-162] org.apache.catalina.core.ApplicationContext.log Creando la sesion
24-Feb-2022 02:06:03.566 INFO [http-nio-8080-exec-162] org.apache.catalina.core.ApplicationContext.log Destruyendo el request
24-Feb-2022 02:06:04.628 INFO [http-nio-8080-exec-159] org.apache.catalina.core.ApplicationContext.log Inicializando el request
24-Feb-2022 02:06:04.643 INFO [http-nio-8080-exec-159] org.apache.catalina.core.ApplicationContext.log Destruyendo el request
24-Feb-2022 02:06:04.645 INFO [http-nio-8080-exec-161] org.apache.catalina.core.ApplicationContext.log Inicializando el request
24-Feb-2022 02:06:04.684 INFO [http-nio-8080-exec-161] org.apache.catalina.core.ApplicationContext.log Destruyendo el request
24-Feb-2022 02:06:07.878 INFO [http-nio-8080-exec-156] org.apache.catalina.core.ApplicationContext.log Inicializando el request
24-Feb-2022 02:06:07.893 INFO [http-nio-8080-exec-156] org.apache.catalina.core.ApplicationContext.log Destruyendo el request
24-Feb-2022 02:06:12.702 INFO [http-nio-8080-exec-154] org.apache.catalina.core.ApplicationContext.log Inicializando el request
24-Feb-2022 02:06:12.712 INFO [http-nio-8080-exec-154] org.apache.catalina.core.ApplicationContext.log Destruyendo el request
24-Feb-2022 02:06:17.524 INFO [http-nio-8080-exec-157] org.apache.catalina.core.ApplicationContext.log Inicializando el request
24-Feb-2022 02:06:17.534 INFO [http-nio-8080-exec-157] org.apache.catalina.core.ApplicationContext.log Destruyendo el request
24-Feb-2022 02:06:17.535 INFO [http-nio-8080-exec-160] org.apache.catalina.core.ApplicationContext.log Inicializando el request
24-Feb-2022 02:06:17.545 INFO [http-nio-8080-exec-160] org.apache.catalina.core.ApplicationContext.log Destruyendo el request
24-Feb-2022 02:06:22.699 INFO [http-nio-8080-exec-158] org.apache.catalina.core.ApplicationContext.log Inicializando el request
24-Feb-2022 02:06:22.712 INFO [http-nio-8080-exec-158] org.apache.catalina.core.ApplicationContext.log Destruyendo el request
24-Feb-2022 02:06:24.355 INFO [http-nio-8080-exec-155] org.apache.catalina.core.ApplicationContext.log Inicializando el request
24-Feb-2022 02:06:24.432 INFO [http-nio-8080-exec-155] org.apache.catalina.core.ApplicationContext.log Destruyendo el request
24-Feb-2022 02:06:30.078 INFO [http-nio-8080-exec-164] org.apache.catalina.core.ApplicationContext.log Inicializando el request
24-Feb-2022 02:06:30.092 INFO [http-nio-8080-exec-164] org.apache.catalina.core.ApplicationContext.log Destruyendo el request
24-Feb-2022 02:06:30.824 INFO [http-nio-8080-exec-165] org.apache.catalina.core.ApplicationContext.log Inicializando el request
24-Feb-2022 02:06:30.886 INFO [http-nio-8080-exec-165] org.apache.catalina.core.ApplicationContext.log Destruyendo el request
24-Feb-2022 02:06:32.535 INFO [http-nio-8080-exec-161] org.apache.catalina.core.ApplicationContext.log Inicializando el request
24-Feb-2022 02:06:32.546 INFO [http-nio-8080-exec-161] org.apache.catalina.core.ApplicationContext.log Destruyendo el request
24-Feb-2022 02:06:34.150 INFO [http-nio-8080-exec-166] org.apache.catalina.core.ApplicationContext.log Inicializando el request
24-Feb-2022 02:06:34.161 INFO [http-nio-8080-exec-166] org.apache.catalina.core.ApplicationContext.log Destruyendo el request
24-Feb-2022 02:08:13.456 INFO [http-nio-8080-exec-169] org.apache.catalina.core.ApplicationContext.log Destruyendo la sesion
24-Feb-2022 02:08:13.456 INFO [http-nio-8080-exec-169] org.apache.catalina.core.ApplicationContext.log Destruyendo la aplicacion
24-Feb-2022 02:08:14.145 INFO [http-nio-8080-exec-169] org.apache.catalina.core.ApplicationContext.log Inicializando la aplicacion
24-Feb-2022 02:08:18.320 INFO [http-nio-8080-exec-164] org.apache.catalina.core.ApplicationContext.log Inicializando el request
24-Feb-2022 02:08:18.366 INFO [http-nio-8080-exec-164] org.apache.catalina.core.ApplicationContext.log Creando la sesion
24-Feb-2022 02:08:18.439 INFO [http-nio-8080-exec-164] org.apache.catalina.core.ApplicationContext.log Destruyendo el request
24-Feb-2022 02:08:19.834 INFO [http-nio-8080-exec-167] org.apache.catalina.core.ApplicationContext.log Inicializando el request
24-Feb-2022 02:08:19.876 INFO [http-nio-8080-exec-167] org.apache.catalina.core.ApplicationContext.log Destruyendo el request
24-Feb-2022 02:08:23.750 INFO [http-nio-8080-exec-170] org.apache.catalina.core.ApplicationContext.log Inicializando el request
24-Feb-2022 02:08:23.764 INFO [http-nio-8080-exec-170] org.apache.catalina.core.ApplicationContext.log Destruyendo el request
24-Feb-2022 02:08:23.766 INFO [http-nio-8080-exec-171] org.apache.catalina.core.ApplicationContext.log Inicializando el request
24-Feb-2022 02:08:23.776 INFO [http-nio-8080-exec-171] org.apache.catalina.core.ApplicationContext.log Destruyendo el request
24-Feb-2022 02:08:25.385 INFO [http-nio-8080-exec-166] org.apache.catalina.core.ApplicationContext.log Inicializando el request
24-Feb-2022 02:08:25.454 INFO [http-nio-8080-exec-166] org.apache.catalina.core.ApplicationContext.log Destruyendo el request
24-Feb-2022 02:08:28.997 INFO [http-nio-8080-exec-165] org.apache.catalina.core.ApplicationContext.log Inicializando el request
24-Feb-2022 02:08:29.008 INFO [http-nio-8080-exec-165] org.apache.catalina.core.ApplicationContext.log Destruyendo el request
24-Feb-2022 02:08:30.899 INFO [http-nio-8080-exec-163] org.apache.catalina.core.ApplicationContext.log Inicializando el request
24-Feb-2022 02:08:30.908 INFO [http-nio-8080-exec-163] org.apache.catalina.core.ApplicationContext.log Destruyendo el request
24-Feb-2022 02:08:33.938 INFO [http-nio-8080-exec-173] org.apache.catalina.core.ApplicationContext.log Inicializando el request
24-Feb-2022 02:08:33.948 INFO [http-nio-8080-exec-173] org.apache.catalina.core.ApplicationContext.log Destruyendo el request
24-Feb-2022 02:08:38.003 INFO [http-nio-8080-exec-172] org.apache.catalina.core.ApplicationContext.log Inicializando el request
24-Feb-2022 02:08:38.012 INFO [http-nio-8080-exec-172] org.apache.catalina.core.ApplicationContext.log Destruyendo el request
24-Feb-2022 02:08:38.014 INFO [http-nio-8080-exec-174] org.apache.catalina.core.ApplicationContext.log Inicializando el request
24-Feb-2022 02:08:38.023 INFO [http-nio-8080-exec-174] org.apache.catalina.core.ApplicationContext.log Destruyendo el request
24-Feb-2022 02:08:40.849 INFO [http-nio-8080-exec-175] org.apache.catalina.core.ApplicationContext.log Inicializando el request
24-Feb-2022 02:08:40.859 INFO [http-nio-8080-exec-175] org.apache.catalina.core.ApplicationContext.log Destruyendo el request
24-Feb-2022 02:08:40.861 INFO [http-nio-8080-exec-176] org.apache.catalina.core.ApplicationContext.log Inicializando el request
24-Feb-2022 02:08:40.870 INFO [http-nio-8080-exec-176] org.apache.catalina.core.ApplicationContext.log Destruyendo el request
24-Feb-2022 02:08:41.962 INFO [http-nio-8080-exec-171] org.apache.catalina.core.ApplicationContext.log Inicializando el request
24-Feb-2022 02:08:41.972 INFO [http-nio-8080-exec-171] org.apache.catalina.core.ApplicationContext.log Destruyendo el request
24-Feb-2022 02:08:43.030 INFO [http-nio-8080-exec-177] org.apache.catalina.core.ApplicationContext.log Inicializando el request
24-Feb-2022 02:08:43.039 INFO [http-nio-8080-exec-177] org.apache.catalina.core.ApplicationContext.log Destruyendo el request
24-Feb-2022 02:08:43.041 INFO [http-nio-8080-exec-178] org.apache.catalina.core.ApplicationContext.log Inicializando el request
24-Feb-2022 02:08:43.051 INFO [http-nio-8080-exec-178] org.apache.catalina.core.ApplicationContext.log Destruyendo el request
24-Feb-2022 02:08:47.958 INFO [http-nio-8080-exec-179] org.apache.catalina.core.ApplicationContext.log Inicializando el request
24-Feb-2022 02:08:47.967 INFO [http-nio-8080-exec-179] org.apache.catalina.core.ApplicationContext.log Destruyendo el request
24-Feb-2022 02:08:47.969 INFO [http-nio-8080-exec-173] org.apache.catalina.core.ApplicationContext.log Inicializando el request
24-Feb-2022 02:08:47.980 INFO [http-nio-8080-exec-173] org.apache.catalina.core.ApplicationContext.log Destruyendo el request
24-Feb-2022 02:08:49.533 INFO [http-nio-8080-exec-180] org.apache.catalina.core.ApplicationContext.log Inicializando el request
24-Feb-2022 02:08:49.543 INFO [http-nio-8080-exec-180] org.apache.catalina.core.ApplicationContext.log Destruyendo el request
24-Feb-2022 02:08:50.589 INFO [http-nio-8080-exec-174] org.apache.catalina.core.ApplicationContext.log Inicializando el request
24-Feb-2022 02:08:50.649 INFO [http-nio-8080-exec-174] org.apache.catalina.core.ApplicationContext.log Destruyendo el request
24-Feb-2022 02:08:51.991 INFO [http-nio-8080-exec-181] org.apache.catalina.core.ApplicationContext.log Inicializando el request
24-Feb-2022 02:08:52.003 INFO [http-nio-8080-exec-181] org.apache.catalina.core.ApplicationContext.log Destruyendo el request
24-Feb-2022 02:11:32.234 INFO [http-nio-8080-exec-182] org.apache.catalina.core.ApplicationContext.log Destruyendo la sesion
24-Feb-2022 02:11:32.234 INFO [http-nio-8080-exec-182] org.apache.catalina.core.ApplicationContext.log Destruyendo la aplicacion
24-Feb-2022 02:11:32.897 INFO [http-nio-8080-exec-182] org.apache.catalina.core.ApplicationContext.log Inicializando la aplicacion
24-Feb-2022 02:11:38.082 INFO [http-nio-8080-exec-180] org.apache.catalina.core.ApplicationContext.log Inicializando el request
24-Feb-2022 02:11:38.127 INFO [http-nio-8080-exec-180] org.apache.catalina.core.ApplicationContext.log Creando la sesion
24-Feb-2022 02:11:38.199 INFO [http-nio-8080-exec-180] org.apache.catalina.core.ApplicationContext.log Destruyendo el request
24-Feb-2022 02:11:39.342 INFO [http-nio-8080-exec-175] org.apache.catalina.core.ApplicationContext.log Inicializando el request
24-Feb-2022 02:11:39.387 INFO [http-nio-8080-exec-175] org.apache.catalina.core.ApplicationContext.log Destruyendo el request
24-Feb-2022 02:11:43.618 INFO [http-nio-8080-exec-179] org.apache.catalina.core.ApplicationContext.log Inicializando el request
24-Feb-2022 02:11:43.631 INFO [http-nio-8080-exec-179] org.apache.catalina.core.ApplicationContext.log Destruyendo el request
24-Feb-2022 02:11:43.633 INFO [http-nio-8080-exec-176] org.apache.catalina.core.ApplicationContext.log Inicializando el request
24-Feb-2022 02:11:43.643 INFO [http-nio-8080-exec-176] org.apache.catalina.core.ApplicationContext.log Destruyendo el request
24-Feb-2022 02:11:55.967 INFO [http-nio-8080-exec-174] org.apache.catalina.core.ApplicationContext.log Inicializando el request
24-Feb-2022 02:11:55.977 INFO [http-nio-8080-exec-174] org.apache.catalina.core.ApplicationContext.log Destruyendo el request
24-Feb-2022 02:11:55.979 INFO [http-nio-8080-exec-177] org.apache.catalina.core.ApplicationContext.log Inicializando el request
24-Feb-2022 02:11:55.989 INFO [http-nio-8080-exec-177] org.apache.catalina.core.ApplicationContext.log Destruyendo el request
24-Feb-2022 02:12:07.329 INFO [http-nio-8080-exec-183] org.apache.catalina.core.ApplicationContext.log Destruyendo la sesion
24-Feb-2022 02:12:07.329 INFO [http-nio-8080-exec-183] org.apache.catalina.core.ApplicationContext.log Destruyendo la aplicacion
24-Feb-2022 02:12:08.030 INFO [http-nio-8080-exec-183] org.apache.catalina.core.ApplicationContext.log Inicializando la aplicacion
24-Feb-2022 02:12:09.919 INFO [http-nio-8080-exec-185] org.apache.catalina.core.ApplicationContext.log Inicializando el request
24-Feb-2022 02:12:09.968 INFO [http-nio-8080-exec-185] org.apache.catalina.core.ApplicationContext.log Creando la sesion
24-Feb-2022 02:12:10.037 INFO [http-nio-8080-exec-185] org.apache.catalina.core.ApplicationContext.log Destruyendo el request
24-Feb-2022 02:12:12.672 INFO [http-nio-8080-exec-188] org.apache.catalina.core.ApplicationContext.log Inicializando el request
24-Feb-2022 02:12:12.715 INFO [http-nio-8080-exec-188] org.apache.catalina.core.ApplicationContext.log Destruyendo el request
24-Feb-2022 02:12:18.205 INFO [http-nio-8080-exec-180] org.apache.catalina.core.ApplicationContext.log Inicializando el request
24-Feb-2022 02:12:18.219 INFO [http-nio-8080-exec-180] org.apache.catalina.core.ApplicationContext.log Destruyendo el request
24-Feb-2022 02:12:18.220 INFO [http-nio-8080-exec-186] org.apache.catalina.core.ApplicationContext.log Inicializando el request
24-Feb-2022 02:12:18.231 INFO [http-nio-8080-exec-186] org.apache.catalina.core.ApplicationContext.log Destruyendo el request
24-Feb-2022 02:12:19.776 INFO [http-nio-8080-exec-177] org.apache.catalina.core.ApplicationContext.log Inicializando el request
24-Feb-2022 02:12:19.787 INFO [http-nio-8080-exec-177] org.apache.catalina.core.ApplicationContext.log Destruyendo el request
24-Feb-2022 02:12:20.963 INFO [http-nio-8080-exec-176] org.apache.catalina.core.ApplicationContext.log Inicializando el request
24-Feb-2022 02:12:21.035 INFO [http-nio-8080-exec-176] org.apache.catalina.core.ApplicationContext.log Destruyendo el request
24-Feb-2022 02:12:23.123 INFO [http-nio-8080-exec-178] org.apache.catalina.core.ApplicationContext.log Inicializando el request
24-Feb-2022 02:12:23.133 INFO [http-nio-8080-exec-178] org.apache.catalina.core.ApplicationContext.log Destruyendo el request
24-Feb-2022 02:12:23.718 INFO [http-nio-8080-exec-189] org.apache.catalina.core.ApplicationContext.log Inicializando el request
24-Feb-2022 02:12:23.729 INFO [http-nio-8080-exec-189] org.apache.catalina.core.ApplicationContext.log Destruyendo el request
24-Feb-2022 02:13:16.114 INFO [http-nio-8080-exec-191] org.apache.catalina.core.ApplicationContext.log Destruyendo la sesion
24-Feb-2022 02:13:16.114 INFO [http-nio-8080-exec-191] org.apache.catalina.core.ApplicationContext.log Destruyendo la aplicacion
24-Feb-2022 02:13:16.835 INFO [http-nio-8080-exec-191] org.apache.catalina.core.ApplicationContext.log Inicializando la aplicacion
24-Feb-2022 02:13:18.330 INFO [http-nio-8080-exec-197] org.apache.catalina.core.ApplicationContext.log Inicializando el request
24-Feb-2022 02:13:18.375 INFO [http-nio-8080-exec-197] org.apache.catalina.core.ApplicationContext.log Creando la sesion
24-Feb-2022 02:13:18.450 INFO [http-nio-8080-exec-197] org.apache.catalina.core.ApplicationContext.log Destruyendo el request
24-Feb-2022 02:13:19.693 INFO [http-nio-8080-exec-194] org.apache.catalina.core.ApplicationContext.log Inicializando el request
24-Feb-2022 02:13:19.738 INFO [http-nio-8080-exec-194] org.apache.catalina.core.ApplicationContext.log Destruyendo el request
24-Feb-2022 02:13:23.181 INFO [http-nio-8080-exec-189] org.apache.catalina.core.ApplicationContext.log Inicializando el request
24-Feb-2022 02:13:23.196 INFO [http-nio-8080-exec-189] org.apache.catalina.core.ApplicationContext.log Destruyendo el request
24-Feb-2022 02:13:23.198 INFO [http-nio-8080-exec-195] org.apache.catalina.core.ApplicationContext.log Inicializando el request
24-Feb-2022 02:13:23.206 INFO [http-nio-8080-exec-195] org.apache.catalina.core.ApplicationContext.log Destruyendo el request
24-Feb-2022 02:13:26.393 INFO [http-nio-8080-exec-186] org.apache.catalina.core.ApplicationContext.log Inicializando el request
24-Feb-2022 02:13:26.404 INFO [http-nio-8080-exec-186] org.apache.catalina.core.ApplicationContext.log Destruyendo el request
24-Feb-2022 02:13:27.758 INFO [http-nio-8080-exec-192] org.apache.catalina.core.ApplicationContext.log Inicializando el request
24-Feb-2022 02:13:27.830 INFO [http-nio-8080-exec-192] org.apache.catalina.core.ApplicationContext.log Destruyendo el request
24-Feb-2022 02:44:09.875 INFO [Catalina-utility-1] org.apache.catalina.core.ApplicationContext.log Destruyendo la sesion
24-Feb-2022 11:46:34.398 INFO [http-nio-8080-exec-199] org.apache.catalina.core.ApplicationContext.log Destruyendo la aplicacion
24-Feb-2022 11:46:35.110 INFO [http-nio-8080-exec-199] org.apache.catalina.core.ApplicationContext.log Inicializando la aplicacion
24-Feb-2022 11:46:46.637 INFO [http-nio-8080-exec-198] org.apache.catalina.core.ApplicationContext.log Inicializando el request
24-Feb-2022 11:46:46.718 INFO [http-nio-8080-exec-198] org.apache.catalina.core.ApplicationContext.log Creando la sesion
24-Feb-2022 11:46:46.787 INFO [http-nio-8080-exec-198] org.apache.catalina.core.ApplicationContext.log Destruyendo el request
24-Feb-2022 11:46:48.034 INFO [http-nio-8080-exec-205] org.apache.catalina.core.ApplicationContext.log Inicializando el request
24-Feb-2022 11:46:48.105 INFO [http-nio-8080-exec-205] org.apache.catalina.core.ApplicationContext.log Destruyendo el request
24-Feb-2022 11:46:52.541 INFO [http-nio-8080-exec-204] org.apache.catalina.core.ApplicationContext.log Inicializando el request
24-Feb-2022 11:46:52.593 INFO [http-nio-8080-exec-204] org.apache.catalina.core.ApplicationContext.log Destruyendo el request
24-Feb-2022 12:17:30.838 INFO [Catalina-utility-1] org.apache.catalina.core.ApplicationContext.log Destruyendo la sesion
24-Feb-2022 23:47:59.055 INFO [http-nio-8080-exec-208] org.apache.catalina.core.ApplicationContext.log Destruyendo la aplicacion
24-Feb-2022 23:48:00.372 INFO [http-nio-8080-exec-208] org.apache.catalina.core.ApplicationContext.log Inicializando la aplicacion
24-Feb-2022 23:48:03.370 INFO [http-nio-8080-exec-210] org.apache.catalina.core.ApplicationContext.log Inicializando el request
24-Feb-2022 23:48:03.446 INFO [http-nio-8080-exec-210] org.apache.catalina.core.ApplicationContext.log Creando la sesion
24-Feb-2022 23:48:03.527 INFO [http-nio-8080-exec-210] org.apache.catalina.core.ApplicationContext.log Destruyendo el request
24-Feb-2022 23:48:21.100 INFO [http-nio-8080-exec-209] org.apache.catalina.core.ApplicationContext.log Destruyendo la sesion
24-Feb-2022 23:48:21.100 INFO [http-nio-8080-exec-209] org.apache.catalina.core.ApplicationContext.log Destruyendo la aplicacion
24-Feb-2022 23:48:22.398 INFO [http-nio-8080-exec-209] org.apache.catalina.core.ApplicationContext.log Inicializando la aplicacion
24-Feb-2022 23:48:23.819 INFO [http-nio-8080-exec-213] org.apache.catalina.core.ApplicationContext.log Inicializando el request
24-Feb-2022 23:48:23.953 INFO [http-nio-8080-exec-213] org.apache.catalina.core.ApplicationContext.log Creando la sesion
24-Feb-2022 23:48:24.123 INFO [http-nio-8080-exec-213] org.apache.catalina.core.ApplicationContext.log Destruyendo el request
24-Feb-2022 23:49:13.138 INFO [http-nio-8080-exec-211] org.apache.catalina.core.ApplicationContext.log Destruyendo la sesion
24-Feb-2022 23:49:13.138 INFO [http-nio-8080-exec-211] org.apache.catalina.core.ApplicationContext.log Destruyendo la aplicacion
24-Feb-2022 23:49:14.718 INFO [http-nio-8080-exec-211] org.apache.catalina.core.ApplicationContext.log Inicializando la aplicacion
24-Feb-2022 23:49:17.252 INFO [http-nio-8080-exec-213] org.apache.catalina.core.ApplicationContext.log Inicializando el request
24-Feb-2022 23:49:17.314 INFO [http-nio-8080-exec-213] org.apache.catalina.core.ApplicationContext.log Creando la sesion
24-Feb-2022 23:49:17.396 INFO [http-nio-8080-exec-213] org.apache.catalina.core.ApplicationContext.log Destruyendo el request
24-Feb-2022 23:49:18.587 INFO [http-nio-8080-exec-218] org.apache.catalina.core.ApplicationContext.log Inicializando el request
24-Feb-2022 23:49:18.653 INFO [http-nio-8080-exec-218] org.apache.catalina.core.ApplicationContext.log Destruyendo el request
24-Feb-2022 23:49:20.826 INFO [http-nio-8080-exec-219] org.apache.catalina.core.ApplicationContext.log Inicializando el request
24-Feb-2022 23:49:20.841 INFO [http-nio-8080-exec-219] org.apache.catalina.core.ApplicationContext.log Destruyendo el request
24-Feb-2022 23:49:20.843 INFO [http-nio-8080-exec-222] org.apache.catalina.core.ApplicationContext.log Inicializando el request
24-Feb-2022 23:49:20.897 INFO [http-nio-8080-exec-222] org.apache.catalina.core.ApplicationContext.log Destruyendo el request
24-Feb-2022 23:49:25.140 INFO [http-nio-8080-exec-217] org.apache.catalina.core.ApplicationContext.log Inicializando el request
24-Feb-2022 23:49:25.144 INFO [http-nio-8080-exec-217] org.apache.catalina.core.ApplicationContext.log Destruyendo el request
24-Feb-2022 23:49:26.714 INFO [http-nio-8080-exec-220] org.apache.catalina.core.ApplicationContext.log Inicializando el request
24-Feb-2022 23:49:26.716 INFO [http-nio-8080-exec-220] org.apache.catalina.core.ApplicationContext.log Destruyendo el request
24-Feb-2022 23:49:26.718 INFO [http-nio-8080-exec-221] org.apache.catalina.core.ApplicationContext.log Inicializando el request
24-Feb-2022 23:49:26.720 INFO [http-nio-8080-exec-221] org.apache.catalina.core.ApplicationContext.log Destruyendo el request
