21-Feb-2022 18:14:46.429 INFO [http-nio-8080-exec-1] org.apache.catalina.core.ApplicationContext.log Manager: init: Associated with Deployer 'Catalina:type=Deployer,host=localhost'
21-Feb-2022 18:14:46.429 INFO [http-nio-8080-exec-1] org.apache.catalina.core.ApplicationContext.log Manager: init: Global resources are available
21-Feb-2022 18:14:46.432 INFO [http-nio-8080-exec-1] org.apache.catalina.core.ApplicationContext.log Manager: deploy: Deploying web application '/42.CabecerasHTTPStatus'
21-Feb-2022 18:14:46.432 INFO [http-nio-8080-exec-1] org.apache.catalina.core.ApplicationContext.log Manager: Uploading WAR file to D:\Master Completo en Java\apache-tomcat-10.0.16\webapps\42.CabecerasHTTPStatus.war.tmp
21-Feb-2022 18:15:52.581 INFO [http-nio-8080-exec-7] org.apache.catalina.core.ApplicationContext.log Manager: deploy: Deploying web application '/webapp'
21-Feb-2022 18:15:52.581 INFO [http-nio-8080-exec-7] org.apache.catalina.core.ApplicationContext.log Manager: Uploading WAR file to D:\Master Completo en Java\apache-tomcat-10.0.16\webapps\webapp.war.tmp
21-Feb-2022 18:17:56.841 INFO [http-nio-8080-exec-12] org.apache.catalina.core.ApplicationContext.log Manager: deploy: Deploying web application '/webapp'
21-Feb-2022 18:17:56.841 INFO [http-nio-8080-exec-12] org.apache.catalina.core.ApplicationContext.log Manager: Uploading WAR file to D:\Master Completo en Java\apache-tomcat-10.0.16\webapps\webapp.war.tmp
21-Feb-2022 18:19:11.963 INFO [http-nio-8080-exec-21] org.apache.catalina.core.ApplicationContext.log Manager: deploy: Deploying web application '/webapp'
21-Feb-2022 18:19:11.963 INFO [http-nio-8080-exec-21] org.apache.catalina.core.ApplicationContext.log Manager: Uploading WAR file to D:\Master Completo en Java\apache-tomcat-10.0.16\webapps\webapp.war.tmp
21-Feb-2022 18:19:49.529 INFO [http-nio-8080-exec-1] org.apache.catalina.core.ApplicationContext.log Manager: init: Associated with Deployer 'Catalina:type=Deployer,host=localhost'
21-Feb-2022 18:19:49.529 INFO [http-nio-8080-exec-1] org.apache.catalina.core.ApplicationContext.log Manager: init: Global resources are available
21-Feb-2022 18:19:49.532 INFO [http-nio-8080-exec-1] org.apache.catalina.core.ApplicationContext.log Manager: deploy: Deploying web application '/webapp'
21-Feb-2022 18:19:49.532 INFO [http-nio-8080-exec-1] org.apache.catalina.core.ApplicationContext.log Manager: Uploading WAR file to D:\Master Completo en Java\apache-tomcat-10.0.16\webapps\webapp.war.tmp
21-Feb-2022 18:20:10.451 INFO [http-nio-8080-exec-4] org.apache.catalina.core.ApplicationContext.log Manager: deploy: Deploying web application '/webapp'
21-Feb-2022 18:20:10.451 INFO [http-nio-8080-exec-4] org.apache.catalina.core.ApplicationContext.log Manager: Uploading WAR file to D:\Master Completo en Java\apache-tomcat-10.0.16\webapps\webapp.war.tmp
21-Feb-2022 18:21:30.815 INFO [http-nio-8080-exec-13] org.apache.catalina.core.ApplicationContext.log Manager: deploy: Deploying web application '/webapp'
21-Feb-2022 18:21:30.815 INFO [http-nio-8080-exec-13] org.apache.catalina.core.ApplicationContext.log Manager: Uploading WAR file to D:\Master Completo en Java\apache-tomcat-10.0.16\webapps\webapp.war.tmp
21-Feb-2022 18:23:57.423 INFO [http-nio-8080-exec-20] org.apache.catalina.core.ApplicationContext.log Manager: deploy: Deploying web application '/webapp'
21-Feb-2022 18:23:57.423 INFO [http-nio-8080-exec-20] org.apache.catalina.core.ApplicationContext.log Manager: Uploading WAR file to D:\Master Completo en Java\apache-tomcat-10.0.16\webapps\webapp.war.tmp
21-Feb-2022 18:26:00.400 INFO [http-nio-8080-exec-28] org.apache.catalina.core.ApplicationContext.log Manager: deploy: Deploying web application '/webapp'
21-Feb-2022 18:26:00.400 INFO [http-nio-8080-exec-28] org.apache.catalina.core.ApplicationContext.log Manager: Uploading WAR file to D:\Master Completo en Java\apache-tomcat-10.0.16\webapps\webapp.war.tmp
21-Feb-2022 18:33:37.234 INFO [http-nio-8080-exec-33] org.apache.catalina.core.ApplicationContext.log Manager: deploy: Deploying web application '/webapp'
21-Feb-2022 18:33:37.234 INFO [http-nio-8080-exec-33] org.apache.catalina.core.ApplicationContext.log Manager: Uploading WAR file to D:\Master Completo en Java\apache-tomcat-10.0.16\webapps\webapp.war.tmp
21-Feb-2022 18:34:19.944 INFO [http-nio-8080-exec-41] org.apache.catalina.core.ApplicationContext.log Manager: deploy: Deploying web application '/webapp'
21-Feb-2022 18:34:19.944 INFO [http-nio-8080-exec-41] org.apache.catalina.core.ApplicationContext.log Manager: Uploading WAR file to D:\Master Completo en Java\apache-tomcat-10.0.16\webapps\webapp.war.tmp
21-Feb-2022 18:35:38.471 INFO [http-nio-8080-exec-46] org.apache.catalina.core.ApplicationContext.log Manager: deploy: Deploying web application '/webapp'
21-Feb-2022 18:35:38.471 INFO [http-nio-8080-exec-46] org.apache.catalina.core.ApplicationContext.log Manager: Uploading WAR file to D:\Master Completo en Java\apache-tomcat-10.0.16\webapps\webapp.war.tmp
21-Feb-2022 18:39:44.061 INFO [http-nio-8080-exec-53] org.apache.catalina.core.ApplicationContext.log Manager: deploy: Deploying web application '/webapp'
21-Feb-2022 18:39:44.061 INFO [http-nio-8080-exec-53] org.apache.catalina.core.ApplicationContext.log Manager: Uploading WAR file to D:\Master Completo en Java\apache-tomcat-10.0.16\webapps\webapp.war.tmp
21-Feb-2022 18:40:51.505 INFO [http-nio-8080-exec-61] org.apache.catalina.core.ApplicationContext.log Manager: deploy: Deploying web application '/webapp'
21-Feb-2022 18:40:51.505 INFO [http-nio-8080-exec-61] org.apache.catalina.core.ApplicationContext.log Manager: Uploading WAR file to D:\Master Completo en Java\apache-tomcat-10.0.16\webapps\webapp.war.tmp
21-Feb-2022 18:42:54.985 INFO [http-nio-8080-exec-1] org.apache.catalina.core.ApplicationContext.log Manager: init: Associated with Deployer 'Catalina:type=Deployer,host=localhost'
21-Feb-2022 18:42:54.985 INFO [http-nio-8080-exec-1] org.apache.catalina.core.ApplicationContext.log Manager: init: Global resources are available
21-Feb-2022 18:42:54.988 INFO [http-nio-8080-exec-1] org.apache.catalina.core.ApplicationContext.log Manager: deploy: Deploying web application '/webapp'
21-Feb-2022 18:42:54.988 INFO [http-nio-8080-exec-1] org.apache.catalina.core.ApplicationContext.log Manager: Uploading WAR file to D:\Master Completo en Java\apache-tomcat-10.0.16\webapps\webapp.war.tmp
21-Feb-2022 18:43:57.259 INFO [http-nio-8080-exec-11] org.apache.catalina.core.ApplicationContext.log Manager: deploy: Deploying web application '/webapp'
21-Feb-2022 18:43:57.259 INFO [http-nio-8080-exec-11] org.apache.catalina.core.ApplicationContext.log Manager: Uploading WAR file to D:\Master Completo en Java\apache-tomcat-10.0.16\webapps\webapp.war.tmp
21-Feb-2022 18:44:12.747 INFO [http-nio-8080-exec-4] org.apache.catalina.core.ApplicationContext.log Manager: deploy: Deploying web application '/webapp'
21-Feb-2022 18:44:12.747 INFO [http-nio-8080-exec-4] org.apache.catalina.core.ApplicationContext.log Manager: Uploading WAR file to D:\Master Completo en Java\apache-tomcat-10.0.16\webapps\webapp.war.tmp
21-Feb-2022 18:44:24.107 INFO [http-nio-8080-exec-1] org.apache.catalina.core.ApplicationContext.log Manager: init: Associated with Deployer 'Catalina:type=Deployer,host=localhost'
21-Feb-2022 18:44:24.107 INFO [http-nio-8080-exec-1] org.apache.catalina.core.ApplicationContext.log Manager: init: Global resources are available
21-Feb-2022 18:44:24.110 INFO [http-nio-8080-exec-1] org.apache.catalina.core.ApplicationContext.log Manager: deploy: Deploying web application '/webapp'
21-Feb-2022 18:44:24.110 INFO [http-nio-8080-exec-1] org.apache.catalina.core.ApplicationContext.log Manager: Uploading WAR file to D:\Master Completo en Java\apache-tomcat-10.0.16\webapps\webapp.war.tmp
