2022-03-11 00:30:53,705 INFO  [org.jboss.modules] (main) JBoss Modules version 2.0.0.Final
2022-03-11 00:30:55,925 INFO  [org.jboss.msc] (main) JBoss MSC version 1.4.13.Final
2022-03-11 00:30:55,935 INFO  [org.jboss.threads] (main) JBoss Threads version 2.4.0.Final
2022-03-11 00:30:56,077 INFO  [org.jboss.as] (MSC service thread 1-2) WFLYSRV0049: WildFly Preview 26.0.1.Final (WildFly Core 18.0.4.Final) starting
2022-03-11 00:30:56,079 DEBUG [org.jboss.as.config] (MSC service thread 1-2) Configured system properties:
	file.encoding = Cp1252
	file.separator = \
	java.awt.headless = true
	java.class.path = D:\Master Completo en Java\wildfly-preview-26.0.1.Final\jboss-modules.jar
	java.class.version = 60.0
	java.home = C:\Program Files\Java\jdk-16.0.1
	java.io.tmpdir = C:\Users\Diego\AppData\Local\Temp\
	java.library.path = C:\Program Files\Java\jdk-16.0.1\bin;C:\Windows\Sun\Java\bin;C:\Windows\system32;C:\Windows;C:\Program Files\Oculus\Support\oculus-runtime;C:\Program Files\Common Files\Oracle\Java\javapath;C:\Windows\system32;C:\Windows;C:\Windows\System32\Wbem;C:\Windows\System32\WindowsPowerShell\v1.0\;C:\Windows\System32\OpenSSH\;C:\Program Files\Git\cmd;C:\Program Files\nodejs\;E:\Calibre\;C:\Program Files\NVIDIA Corporation\NVIDIA NvDLISR;C:\Program Files (x86)\NVIDIA Corporation\PhysX\Common;C:\Users\Diego\AppData\Local\Microsoft\WindowsApps;C:\Users\Diego\AppData\Roaming\npm;C:\Users\Diego\AppData\Local\Programs\Microsoft VS Code\bin;D:\IntelliJ IDEA 2021.2.3\bin;;.
	java.net.preferIPv4Stack = true
	java.runtime.name = Java(TM) SE Runtime Environment
	java.runtime.version = 16.0.1+9-24
	java.specification.name = Java Platform API Specification
	java.specification.vendor = Oracle Corporation
	java.specification.version = 16
	java.util.logging.manager = org.jboss.logmanager.LogManager
	java.vendor = Oracle Corporation
	java.vendor.url = https://java.oracle.com/
	java.vendor.url.bug = https://bugreport.java.com/bugreport/
	java.version = 16.0.1
	java.version.date = 2021-04-20
	java.vm.compressedOopsMode = 32-bit
	java.vm.info = mixed mode, sharing
	java.vm.name = Java HotSpot(TM) 64-Bit Server VM
	java.vm.specification.name = Java Virtual Machine Specification
	java.vm.specification.vendor = Oracle Corporation
	java.vm.specification.version = 16
	java.vm.vendor = Oracle Corporation
	java.vm.version = 16.0.1+9-24
	javax.management.builder.initial = org.jboss.as.jmx.PluggableMBeanServerBuilder
	jboss.home.dir = D:\Master Completo en Java\wildfly-preview-26.0.1.Final
	jboss.host.name = desktop-uiq8j0a
	jboss.modules.dir = D:\Master Completo en Java\wildfly-preview-26.0.1.Final\modules
	jboss.modules.system.pkgs = org.jboss.byteman
	jboss.node.name = desktop-uiq8j0a
	jboss.qualified.host.name = desktop-uiq8j0a
	jboss.server.base.dir = D:\Master Completo en Java\wildfly-preview-26.0.1.Final\standalone
	jboss.server.config.dir = D:\Master Completo en Java\wildfly-preview-26.0.1.Final\standalone\configuration
	jboss.server.data.dir = D:\Master Completo en Java\wildfly-preview-26.0.1.Final\standalone\data
	jboss.server.deploy.dir = D:\Master Completo en Java\wildfly-preview-26.0.1.Final\standalone\data\content
	jboss.server.log.dir = D:\Master Completo en Java\wildfly-preview-26.0.1.Final\standalone\log
	jboss.server.name = desktop-uiq8j0a
	jboss.server.persist.config = true
	jboss.server.temp.dir = D:\Master Completo en Java\wildfly-preview-26.0.1.Final\standalone\tmp
	jdk.debug = release
	line.separator = 

	logging.configuration = file:D:\Master Completo en Java\wildfly-preview-26.0.1.Final\standalone\configuration/logging.properties
	module.path = D:\Master Completo en Java\wildfly-preview-26.0.1.Final\modules
	org.jboss.boot.log.file = D:\Master Completo en Java\wildfly-preview-26.0.1.Final\standalone\log\server.log
	org.jboss.resolver.warning = true
	os.arch = amd64
	os.name = Windows 10
	os.version = 10.0
	path.separator = ;
	program.name = standalone.bat
	sun.arch.data.model = 64
	sun.boot.library.path = C:\Program Files\Java\jdk-16.0.1\bin
	sun.cpu.endian = little
	sun.cpu.isalist = amd64
	sun.io.unicode.encoding = UnicodeLittle
	sun.java.command = D:\Master Completo en Java\wildfly-preview-26.0.1.Final\jboss-modules.jar -mp D:\Master Completo en Java\wildfly-preview-26.0.1.Final\modules org.jboss.as.standalone -Djboss.home.dir=D:\Master Completo en Java\wildfly-preview-26.0.1.Final
	sun.java.launcher = SUN_STANDARD
	sun.jnu.encoding = Cp1252
	sun.management.compiler = HotSpot 64-Bit Tiered Compilers
	sun.os.patch.level = 
	sun.stderr.encoding = cp850
	sun.stdout.encoding = cp850
	user.country = AR
	user.dir = D:\Master Completo en Java\wildfly-preview-26.0.1.Final\bin
	user.home = C:\Users\Diego
	user.language = es
	user.name = Diego
	user.script = 
	user.timezone = America/Buenos_Aires
	user.variant = 
2022-03-11 00:30:56,081 DEBUG [org.jboss.as.config] (MSC service thread 1-2) VM Arguments: -Dprogram.name=standalone.bat -Xms64M -Xmx512M -XX:MetaspaceSize=96M -XX:MaxMetaspaceSize=256m -Djava.net.preferIPv4Stack=true -Djboss.modules.system.pkgs=org.jboss.byteman -Djava.awt.headless=true --add-exports=java.desktop/sun.awt=ALL-UNNAMED --add-exports=java.naming/com.sun.jndi.ldap=ALL-UNNAMED --add-opens=java.base/java.lang=ALL-UNNAMED --add-opens=java.base/java.lang.invoke=ALL-UNNAMED --add-opens=java.base/java.io=ALL-UNNAMED --add-opens=java.base/java.lang.reflect=ALL-UNNAMED --add-opens=java.base/java.security=ALL-UNNAMED --add-opens=java.base/java.util=ALL-UNNAMED --add-opens=java.base/java.util.concurrent=ALL-UNNAMED --add-opens=java.management/javax.management=ALL-UNNAMED --add-opens=java.naming/javax.naming=ALL-UNNAMED -Dorg.jboss.boot.log.file=D:\Master Completo en Java\wildfly-preview-26.0.1.Final\standalone\log\server.log -Dlogging.configuration=file:D:\Master Completo en Java\wildfly-preview-26.0.1.Final\standalone\configuration/logging.properties 
2022-03-11 00:30:57,715 INFO  [org.wildfly.security] (ServerService Thread Pool -- 27) ELY00001: WildFly Elytron version 1.18.3.Final
2022-03-11 00:31:00,105 INFO  [org.jboss.as.server] (Controller Boot Thread) WFLYSRV0039: Creating http management service using socket-binding (management-http)
2022-03-11 00:31:00,120 INFO  [org.xnio] (MSC service thread 1-1) XNIO version 3.8.5.Final
2022-03-11 00:31:00,127 INFO  [org.xnio.nio] (MSC service thread 1-1) XNIO NIO Implementation Version 3.8.5.Final
2022-03-11 00:31:00,149 INFO  [org.jboss.as.jaxrs] (ServerService Thread Pool -- 56) WFLYRS0016: RESTEasy version 6.0.0.Beta1
2022-03-11 00:31:00,156 INFO  [org.wildfly.extension.elytron.oidc._private] (ServerService Thread Pool -- 52) WFLYOIDC0001: Activating WildFly Elytron OIDC Subsystem
2022-03-11 00:31:00,158 INFO  [org.wildfly.extension.microprofile.config.smallrye] (ServerService Thread Pool -- 64) WFLYCONF0001: Activating MicroProfile Config Subsystem
2022-03-11 00:31:00,158 INFO  [org.wildfly.extension.microprofile.jwt.smallrye] (ServerService Thread Pool -- 65) WFLYJWT0001: Activating MicroProfile JWT Subsystem
2022-03-11 00:31:00,158 WARN  [org.jboss.as.txn] (ServerService Thread Pool -- 74) WFLYTX0013: The node-identifier attribute on the /subsystem=transactions is set to the default value. This is a danger for environments running multiple servers. Please make sure the attribute value is unique.
2022-03-11 00:31:00,159 INFO  [org.wildfly.extension.health] (ServerService Thread Pool -- 53) WFLYHEALTH0001: Activating Base Health Subsystem
2022-03-11 00:31:00,162 INFO  [org.jboss.as.clustering.infinispan] (ServerService Thread Pool -- 54) WFLYCLINF0001: Activating Infinispan subsystem.
2022-03-11 00:31:00,164 INFO  [org.jboss.as.jsf] (ServerService Thread Pool -- 61) WFLYJSF0007: Activated the following Jakarta Server Faces Implementations: [main]
2022-03-11 00:31:00,170 INFO  [org.wildfly.extension.microprofile.opentracing] (ServerService Thread Pool -- 66) WFLYTRACEXT0001: Activating MicroProfile OpenTracing Subsystem
2022-03-11 00:31:00,177 INFO  [org.wildfly.extension.metrics] (ServerService Thread Pool -- 63) WFLYMETRICS0001: Activating Base Metrics Subsystem
2022-03-11 00:31:00,186 INFO  [org.jboss.as.webservices] (ServerService Thread Pool -- 76) WFLYWS0002: Activating WebServices Extension
2022-03-11 00:31:00,186 INFO  [org.jboss.as.naming] (ServerService Thread Pool -- 67) WFLYNAM0001: Activating Naming Subsystem
2022-03-11 00:31:00,225 INFO  [org.jboss.as.connector] (MSC service thread 1-4) WFLYJCA0009: Starting Jakarta Connectors Subsystem (WildFly/IronJacamar 1.5.3.Final)
2022-03-11 00:31:00,279 INFO  [org.jboss.as.connector.subsystems.datasources] (ServerService Thread Pool -- 44) WFLYJCA0004: Deploying JDBC-compliant driver class org.h2.Driver (version 1.4)
2022-03-11 00:31:00,280 INFO  [org.wildfly.extension.undertow] (MSC service thread 1-4) WFLYUT0003: Undertow 2.2.14.Final starting
2022-03-11 00:31:00,290 ERROR [org.jboss.as.controller.management-operation] (ServerService Thread Pool -- 44) WFLYCTL0013: Operation ("add") failed - address: ([
    ("subsystem" => "datasources"),
    ("jdbc-driver" => "mysql")
]) - failure description: "WFLYJCA0115: Module for driver [com.mysql] or one of it dependencies is missing: [com.mysql]"
2022-03-11 00:31:00,308 INFO  [org.jboss.as.connector.deployers.jdbc] (MSC service thread 1-4) WFLYJCA0018: Started Driver service with driver-name = h2
2022-03-11 00:31:00,310 INFO  [org.jboss.as.naming] (MSC service thread 1-7) WFLYNAM0003: Starting Naming Service
2022-03-11 00:31:00,312 INFO  [org.jboss.as.mail.extension] (MSC service thread 1-4) WFLYMAIL0001: Bound mail session [java:jboss/mail/Default]
2022-03-11 00:31:00,331 WARN  [org.wildfly.extension.elytron] (MSC service thread 1-5) WFLYELY00023: KeyStore file 'D:\Master Completo en Java\wildfly-preview-26.0.1.Final\standalone\configuration\application.keystore' does not exist. Used blank.
2022-03-11 00:31:00,367 WARN  [org.wildfly.extension.elytron] (MSC service thread 1-8) WFLYELY01084: KeyStore D:\Master Completo en Java\wildfly-preview-26.0.1.Final\standalone\configuration\application.keystore not found, it will be auto generated on first use with a self-signed certificate for host localhost
2022-03-11 00:31:00,379 INFO  [org.wildfly.extension.undertow] (ServerService Thread Pool -- 75) WFLYUT0014: Creating file handler for path 'D:\Master Completo en Java\wildfly-preview-26.0.1.Final/welcome-content' with options [directory-listing: 'false', follow-symlink: 'false', case-sensitive: 'true', safe-symlink-paths: '[]']
2022-03-11 00:31:00,499 INFO  [org.wildfly.extension.io] (ServerService Thread Pool -- 55) WFLYIO001: Worker 'default' has auto-configured to 24 IO threads with 192 max task threads based on your 12 available processors
2022-03-11 00:31:00,512 INFO  [org.jboss.as.ejb3] (MSC service thread 1-7) WFLYEJB0482: Strict pool mdb-strict-max-pool is using a max instance size of 48 (per class), which is derived from the number of CPUs on this host.
2022-03-11 00:31:00,512 INFO  [org.jboss.as.ejb3] (MSC service thread 1-2) WFLYEJB0481: Strict pool slsb-strict-max-pool is using a max instance size of 192 (per class), which is derived from thread worker pool sizing.
2022-03-11 00:31:00,549 INFO  [org.jboss.remoting] (MSC service thread 1-5) JBoss Remoting version 5.0.23.Final
2022-03-11 00:31:00,561 INFO  [org.wildfly.extension.undertow] (MSC service thread 1-3) WFLYUT0012: Started server default-server.
2022-03-11 00:31:00,561 INFO  [org.wildfly.extension.undertow] (MSC service thread 1-1) Queuing requests.
2022-03-11 00:31:00,563 INFO  [org.wildfly.extension.undertow] (MSC service thread 1-1) WFLYUT0018: Host default-host starting
2022-03-11 00:31:00,586 INFO  [org.wildfly.extension.undertow] (MSC service thread 1-3) WFLYUT0006: Undertow HTTP listener default listening on 127.0.0.1:8080
2022-03-11 00:31:00,604 INFO  [org.jboss.as.ejb3] (MSC service thread 1-2) WFLYEJB0493: Jakarta Enterprise Beans subsystem suspension complete
2022-03-11 00:31:00,655 INFO  [org.jboss.as.connector.subsystems.datasources] (MSC service thread 1-3) WFLYJCA0001: Bound data source [java:jboss/datasources/ExampleDS]
2022-03-11 00:31:00,673 INFO  [org.wildfly.extension.undertow] (MSC service thread 1-3) WFLYUT0006: Undertow HTTPS listener https listening on 127.0.0.1:8443
2022-03-11 00:31:03,925 INFO  [org.jboss.as.patching] (MSC service thread 1-6) WFLYPAT0050: WildFly Preview cumulative patch ID is: base, one-off patches include: none
2022-03-11 00:31:03,930 INFO  [org.jboss.as.server.deployment.scanner] (MSC service thread 1-4) WFLYDS0013: Started FileSystemDeploymentService for directory D:\Master Completo en Java\wildfly-preview-26.0.1.Final\standalone\deployments
2022-03-11 00:31:03,938 INFO  [org.jboss.as.server.deployment] (MSC service thread 1-3) WFLYSRV0027: Starting deployment of "webapp.war" (runtime-name: "webapp.war")
2022-03-11 00:31:03,938 INFO  [org.jboss.as.server.deployment] (MSC service thread 1-8) WFLYSRV0027: Starting deployment of "72.SOAP-JAX-WS-1.0-SNAPSHOT.war" (runtime-name: "72.SOAP-JAX-WS-1.0-SNAPSHOT.war")
2022-03-11 00:31:03,938 INFO  [org.jboss.as.server.deployment] (MSC service thread 1-7) WFLYSRV0027: Starting deployment of "webapp-ejb.war" (runtime-name: "webapp-ejb.war")
2022-03-11 00:31:03,938 INFO  [org.jboss.as.server.deployment] (MSC service thread 1-2) WFLYSRV0027: Starting deployment of "67.JSF3.war" (runtime-name: "67.JSF3.war")
2022-03-11 00:31:03,938 INFO  [org.jboss.as.server.deployment] (MSC service thread 1-5) WFLYSRV0027: Starting deployment of "webapp-1.0-SNAPSHOT.jar" (runtime-name: "webapp-1.0-SNAPSHOT.jar")
2022-03-11 00:31:04,834 INFO  [org.jboss.ws.common.management] (MSC service thread 1-1) JBWS022052: Starting JBossWS 5.4.4.Final (Apache CXF 3.4.5) 
2022-03-11 00:31:05,756 INFO  [org.jboss.weld.deployer] (MSC service thread 1-6) WFLYWELD0003: Processing weld deployment webapp.war
2022-03-11 00:31:05,756 INFO  [org.jboss.weld.deployer] (MSC service thread 1-8) WFLYWELD0003: Processing weld deployment webapp-ejb.war
2022-03-11 00:31:05,756 INFO  [org.jboss.weld.deployer] (MSC service thread 1-5) WFLYWELD0003: Processing weld deployment webapp-1.0-SNAPSHOT.jar
2022-03-11 00:31:06,239 INFO  [org.infinispan.CONTAINER] (ServerService Thread Pool -- 78) ISPN000128: Infinispan version: Infinispan 'Taedonggang' 12.1.7.Final
2022-03-11 00:31:06,313 INFO  [org.infinispan.CONFIG] (MSC service thread 1-2) ISPN000152: Passivation configured without an eviction policy being selected. Only manually evicted entities will be passivated.
2022-03-11 00:31:06,316 INFO  [org.infinispan.CONFIG] (MSC service thread 1-2) ISPN000152: Passivation configured without an eviction policy being selected. Only manually evicted entities will be passivated.
2022-03-11 00:31:06,348 INFO  [org.infinispan.CONTAINER] (ServerService Thread Pool -- 78) ISPN000556: Starting user marshaller 'org.wildfly.clustering.infinispan.spi.marshalling.InfinispanProtoStreamMarshaller'
2022-03-11 00:31:06,410 INFO  [org.hibernate.validator.internal.util.Version] (MSC service thread 1-8) HV000001: Hibernate Validator 7.0.1.Final
2022-03-11 00:31:06,434 INFO  [org.infinispan.CONTAINER] (ServerService Thread Pool -- 78) ISPN000025: wakeUpInterval is <= 0, not starting expired purge thread
2022-03-11 00:31:06,441 INFO  [org.jboss.ws.cxf.metadata] (MSC service thread 1-4) JBWS024061: Adding service endpoint metadata: id=soap.services.ServicioWsImpl
 address=http://localhost:8080/72.SOAP-JAX-WS-1.0-SNAPSHOT/ServicioWsImpl
 implementor=soap.services.ServicioWsImpl
 serviceName={http://services.soap/}ServicioWsImplService
 portName={http://services.soap/}ServicioWsImplPort
 annotationWsdlLocation=null
 wsdlLocationOverride=null
 mtomEnabled=false
2022-03-11 00:31:06,466 INFO  [org.jboss.as.clustering.infinispan] (ServerService Thread Pool -- 78) WFLYCLINF0002: Started http-remoting-connector cache from ejb container
2022-03-11 00:31:06,647 INFO  [org.jboss.as.ejb3.deployment] (MSC service thread 1-8) WFLYEJB0473: JNDI bindings for session bean named 'ServiceEjb' in deployment unit 'deployment "webapp-ejb.war"' are as follows:

	java:global/webapp-ejb/ServiceEjb!ejb.service.ServiceEjb
	java:app/webapp-ejb/ServiceEjb!ejb.service.ServiceEjb
	java:module/ServiceEjb!ejb.service.ServiceEjb
	java:global/webapp-ejb/ServiceEjb
	java:app/webapp-ejb/ServiceEjb
	java:module/ServiceEjb

2022-03-11 00:31:06,648 INFO  [org.jboss.as.ejb3.deployment] (MSC service thread 1-5) WFLYEJB0473: JNDI bindings for session bean named 'ServiceEjb' in deployment unit 'deployment "webapp-1.0-SNAPSHOT.jar"' are as follows:

	java:global/webapp-1.0-SNAPSHOT/ServiceEjb!ejb.service.ServiceEjbRemote
	java:app/webapp-1.0-SNAPSHOT/ServiceEjb!ejb.service.ServiceEjbRemote
	java:module/ServiceEjb!ejb.service.ServiceEjbRemote
	java:jboss/exported/webapp-1.0-SNAPSHOT/ServiceEjb!ejb.service.ServiceEjbRemote
	ejb:/webapp-1.0-SNAPSHOT/ServiceEjb!ejb.service.ServiceEjbRemote
	java:global/webapp-1.0-SNAPSHOT/ServiceEjb
	java:app/webapp-1.0-SNAPSHOT/ServiceEjb
	java:module/ServiceEjb

2022-03-11 00:31:06,735 INFO  [org.wildfly.microprofile.opentracing.smallrye] (MSC service thread 1-5) WFLYTRAC0001: Tracer initialized: NoopTracer
2022-03-11 00:31:06,762 INFO  [io.jaegertracing.internal.JaegerTracer] (MSC service thread 1-8) No shutdown hook registered: Please call close() manually on application shutdown.
2022-03-11 00:31:06,763 INFO  [org.wildfly.microprofile.opentracing.smallrye] (MSC service thread 1-8) WFLYTRAC0001: Tracer initialized: JaegerTracer(version=Java-1.6.0, serviceName=webapp-ejb.war, reporter=RemoteReporter(sender=org.wildfly.extension.microprofile.opentracing.spi.sender.WildFlySender@7b33334e, closeEnqueueTimeout=1000), sampler=ConstSampler(decision=true, tags={sampler.type=const, sampler.param=true}), tags={hostname=DESKTOP-UIQ8J0A, jaeger.version=Java-1.6.0, ip=192.168.100.89}, zipkinSharedRpcSpan=false, expandExceptionLogs=false, useTraceId128Bit=false)
2022-03-11 00:31:06,845 INFO  [org.jboss.weld.Version] (MSC service thread 1-1) WELD-000900: 4.0.2 (Final)
2022-03-11 00:31:06,854 INFO  [io.jaegertracing.internal.JaegerTracer] (MSC service thread 1-6) No shutdown hook registered: Please call close() manually on application shutdown.
2022-03-11 00:31:06,857 INFO  [org.wildfly.microprofile.opentracing.smallrye] (MSC service thread 1-6) WFLYTRAC0001: Tracer initialized: JaegerTracer(version=Java-1.6.0, serviceName=webapp.war, reporter=RemoteReporter(sender=org.wildfly.extension.microprofile.opentracing.spi.sender.WildFlySender@6fdacd7f, closeEnqueueTimeout=1000), sampler=ConstSampler(decision=true, tags={sampler.type=const, sampler.param=true}), tags={hostname=DESKTOP-UIQ8J0A, jaeger.version=Java-1.6.0, ip=192.168.100.89}, zipkinSharedRpcSpan=false, expandExceptionLogs=false, useTraceId128Bit=false)
2022-03-11 00:31:06,889 INFO  [jakarta.enterprise.resource.webcontainer.jsf.config] (ServerService Thread Pool -- 80) Inicializando Mojarra 3.0.0.SP04 para el contexto '/67.JSF3'
2022-03-11 00:31:07,226 WARN  [org.jboss.weld.Bootstrap] (MSC service thread 1-1) WELD-000146: BeforeBeanDiscovery.addAnnotatedType(AnnotatedType<?>) used for class com.sun.faces.flow.FlowDiscoveryCDIHelper is deprecated from CDI 1.1!
2022-03-11 00:31:07,245 INFO  [org.apache.cxf.wsdl.service.factory.ReflectionServiceFactoryBean] (MSC service thread 1-4) Creating Service {http://services.soap/}ServicioWsImplService from class soap.services.ServicioWs
2022-03-11 00:31:07,589 INFO  [jakarta.enterprise.resource.webcontainer.jsf.config] (ServerService Thread Pool -- 82) Inicializando Mojarra 3.0.0.SP04 para el contexto '/webapp'
2022-03-11 00:31:07,606 INFO  [org.wildfly.extension.undertow] (ServerService Thread Pool -- 81) WFLYUT0021: Registered web context: '/webapp-ejb' for server 'default-server'
2022-03-11 00:31:07,708 INFO  [org.apache.cxf.endpoint.ServerImpl] (MSC service thread 1-4) Setting the server's publish address to be http://localhost:8080/72.SOAP-JAX-WS-1.0-SNAPSHOT/ServicioWsImpl
2022-03-11 00:31:07,811 INFO  [org.wildfly.extension.undertow] (ServerService Thread Pool -- 82) WFLYUT0021: Registered web context: '/webapp' for server 'default-server'
2022-03-11 00:31:07,840 INFO  [org.jboss.ws.cxf.deployment] (MSC service thread 1-4) JBWS024074: WSDL published to: file:/D:/Master Completo en Java/wildfly-preview-26.0.1.Final/standalone/data/wsdl/72.SOAP-JAX-WS-1.0-SNAPSHOT.war/ServicioWsImplService.wsdl
2022-03-11 00:31:07,863 INFO  [org.jboss.as.webservices] (MSC service thread 1-4) WFLYWS0003: Starting service jboss.ws.endpoint."72.SOAP-JAX-WS-1.0-SNAPSHOT.war"."soap.services.ServicioWsImpl"
2022-03-11 00:31:07,880 INFO  [org.wildfly.extension.undertow] (ServerService Thread Pool -- 82) WFLYUT0021: Registered web context: '/72.SOAP-JAX-WS-1.0-SNAPSHOT' for server 'default-server'
2022-03-11 00:31:07,953 INFO  [org.wildfly.extension.undertow] (ServerService Thread Pool -- 80) WFLYUT0021: Registered web context: '/67.JSF3' for server 'default-server'
2022-03-11 00:31:08,069 INFO  [org.jboss.as.server] (Controller Boot Thread) WFLYSRV0010: Deployed "72.SOAP-JAX-WS-1.0-SNAPSHOT.war" (runtime-name : "72.SOAP-JAX-WS-1.0-SNAPSHOT.war")
2022-03-11 00:31:08,069 INFO  [org.jboss.as.server] (Controller Boot Thread) WFLYSRV0010: Deployed "webapp.war" (runtime-name : "webapp.war")
2022-03-11 00:31:08,070 INFO  [org.jboss.as.server] (Controller Boot Thread) WFLYSRV0010: Deployed "67.JSF3.war" (runtime-name : "67.JSF3.war")
2022-03-11 00:31:08,070 INFO  [org.jboss.as.server] (Controller Boot Thread) WFLYSRV0010: Deployed "webapp-1.0-SNAPSHOT.jar" (runtime-name : "webapp-1.0-SNAPSHOT.jar")
2022-03-11 00:31:08,070 INFO  [org.jboss.as.server] (Controller Boot Thread) WFLYSRV0010: Deployed "webapp-ejb.war" (runtime-name : "webapp-ejb.war")
2022-03-11 00:31:08,125 INFO  [org.jboss.as.server] (Controller Boot Thread) WFLYSRV0212: Resuming server
2022-03-11 00:31:08,133 INFO  [org.jboss.as] (Controller Boot Thread) WFLYSRV0025: WildFly Preview 26.0.1.Final (WildFly Core 18.0.4.Final) started in 19858ms - Started 781 of 983 services (356 services are lazy, passive or on-demand)
2022-03-11 00:31:08,135 INFO  [org.jboss.as] (Controller Boot Thread) WFLYSRV0060: Http management interface listening on http://127.0.0.1:9990/management
2022-03-11 00:31:08,136 INFO  [org.jboss.as] (Controller Boot Thread) WFLYSRV0051: Admin console listening on http://127.0.0.1:9990
2022-03-11 00:31:17,569 INFO  [org.jboss.as.repository] (management-handler-thread - 1) WFLYDR0001: Content added at location D:\Master Completo en Java\wildfly-preview-26.0.1.Final\standalone\data\content\39\38046e9e42a1613226f5b142f3083458914915\content
2022-03-11 00:31:17,589 INFO  [org.jboss.as.server.deployment] (MSC service thread 1-4) WFLYSRV0027: Starting deployment of "webapp-jsf3-jaas.war" (runtime-name: "webapp-jsf3-jaas.war")
2022-03-11 00:31:18,404 INFO  [org.jboss.as.jpa] (MSC service thread 1-4) WFLYJPA0002: Read persistence.xml for ejemploJpa
2022-03-11 00:31:18,483 INFO  [org.jipijapa] (MSC service thread 1-2) JIPIORMV53020253: Second level cache enabled for webapp-jsf3-jaas.war#ejemploJpa
2022-03-11 00:31:18,512 INFO  [org.jboss.weld.deployer] (MSC service thread 1-6) WFLYWELD0003: Processing weld deployment webapp-jsf3-jaas.war
2022-03-11 00:31:18,537 INFO  [org.jboss.as.ejb3.deployment] (MSC service thread 1-6) WFLYEJB0473: JNDI bindings for session bean named 'ProductoServiceImpl' in deployment unit 'deployment "webapp-jsf3-jaas.war"' are as follows:

	java:global/webapp-jsf3-jaas/ProductoServiceImpl!org.aguzman.webapp.jsf3.services.ProductoService
	java:app/webapp-jsf3-jaas/ProductoServiceImpl!org.aguzman.webapp.jsf3.services.ProductoService
	java:module/ProductoServiceImpl!org.aguzman.webapp.jsf3.services.ProductoService
	java:global/webapp-jsf3-jaas/ProductoServiceImpl
	java:app/webapp-jsf3-jaas/ProductoServiceImpl
	java:module/ProductoServiceImpl

2022-03-11 00:31:18,579 INFO  [io.jaegertracing.internal.JaegerTracer] (MSC service thread 1-6) No shutdown hook registered: Please call close() manually on application shutdown.
2022-03-11 00:31:18,580 INFO  [org.wildfly.microprofile.opentracing.smallrye] (MSC service thread 1-6) WFLYTRAC0001: Tracer initialized: JaegerTracer(version=Java-1.6.0, serviceName=webapp-jsf3-jaas.war, reporter=RemoteReporter(sender=org.wildfly.extension.microprofile.opentracing.spi.sender.WildFlySender@5545bc89, closeEnqueueTimeout=1000), sampler=ConstSampler(decision=true, tags={sampler.type=const, sampler.param=true}), tags={hostname=DESKTOP-UIQ8J0A, jaeger.version=Java-1.6.0, ip=192.168.100.89}, zipkinSharedRpcSpan=false, expandExceptionLogs=false, useTraceId128Bit=false)
2022-03-11 00:31:18,592 INFO  [org.jipijapa] (MSC service thread 1-1) JIPIORMV53020253: Second level cache enabled for webapp-jsf3-jaas.war#ejemploJpa
2022-03-11 00:31:18,782 ERROR [org.jboss.as.controller.management-operation] (management-handler-thread - 1) WFLYCTL0013: Operation ("add") failed - address: ([("deployment" => "webapp-jsf3-jaas.war")]) - failure description: {
    "WFLYCTL0412: Required services that are not installed:" => ["jboss.naming.context.java.MySqlDS"],
    "WFLYCTL0180: Services with missing/unavailable dependencies" => [
        "jboss.persistenceunit.\"webapp-jsf3-jaas.war#ejemploJpa\" is missing [jboss.naming.context.java.MySqlDS]",
        "jboss.persistenceunit.\"webapp-jsf3-jaas.war#ejemploJpa\".__FIRST_PHASE__ is missing [jboss.naming.context.java.MySqlDS]"
    ]
}
2022-03-11 00:31:18,783 ERROR [org.jboss.as.controller.management-operation] (management-handler-thread - 1) WFLYCTL0013: Operation ("add") failed - address: ([("deployment" => "webapp-jsf3-jaas.war")]) - failure description: {
    "WFLYCTL0412: Required services that are not installed:" => ["jboss.naming.context.java.MySqlDS"],
    "WFLYCTL0180: Services with missing/unavailable dependencies" => [
        "jboss.persistenceunit.\"webapp-jsf3-jaas.war#ejemploJpa\" is missing [jboss.naming.context.java.MySqlDS]",
        "jboss.persistenceunit.\"webapp-jsf3-jaas.war#ejemploJpa\".__FIRST_PHASE__ is missing [jboss.naming.context.java.MySqlDS]"
    ]
}
2022-03-11 00:31:18,784 ERROR [org.jboss.as.server] (management-handler-thread - 1) WFLYSRV0021: Deploy of deployment "webapp-jsf3-jaas.war" was rolled back with the following failure message: 
{
    "WFLYCTL0412: Required services that are not installed:" => ["jboss.naming.context.java.MySqlDS"],
    "WFLYCTL0180: Services with missing/unavailable dependencies" => [
        "jboss.persistenceunit.\"webapp-jsf3-jaas.war#ejemploJpa\" is missing [jboss.naming.context.java.MySqlDS]",
        "jboss.persistenceunit.\"webapp-jsf3-jaas.war#ejemploJpa\".__FIRST_PHASE__ is missing [jboss.naming.context.java.MySqlDS]"
    ]
}
2022-03-11 00:31:18,805 INFO  [org.infinispan.manager.DefaultCacheManager] (ServerService Thread Pool -- 20) Stopping cache manager null on null
2022-03-11 00:31:18,828 INFO  [org.jboss.as.server.deployment] (MSC service thread 1-1) WFLYSRV0028: Stopped deployment webapp-jsf3-jaas.war (runtime-name: webapp-jsf3-jaas.war) in 43ms
2022-03-11 00:40:56,662 INFO  [org.jboss.as.repository] (ServerService Thread Pool -- 41) WFLYDR0009: Content D:\Master Completo en Java\wildfly-preview-26.0.1.Final\standalone\data\content\39\38046e9e42a1613226f5b142f3083458914915 is obsolete and will be removed
2022-03-11 00:40:56,685 INFO  [org.jboss.as.repository] (ServerService Thread Pool -- 41) WFLYDR0002: Content removed from location D:\Master Completo en Java\wildfly-preview-26.0.1.Final\standalone\data\content\39\38046e9e42a1613226f5b142f3083458914915\content
2022-03-11 01:36:28,417 INFO  [org.jboss.as.server] (Thread-1) WFLYSRV0272: Suspending server
2022-03-11 01:36:28,421 INFO  [org.jboss.as.ejb3] (Thread-1) WFLYEJB0493: Jakarta Enterprise Beans subsystem suspension complete
2022-03-11 01:36:28,423 INFO  [org.jboss.as.server] (Thread-1) WFLYSRV0220: Server shutdown has been requested via an OS signal
2022-03-11 01:36:28,433 INFO  [org.wildfly.extension.undertow] (ServerService Thread Pool -- 20) WFLYUT0022: Unregistered web context: '/webapp-ejb' from server 'default-server'
2022-03-11 01:36:28,434 INFO  [org.jboss.as.mail.extension] (MSC service thread 1-7) WFLYMAIL0002: Unbound mail session [java:jboss/mail/Default]
2022-03-11 01:36:28,436 INFO  [org.wildfly.extension.undertow] (ServerService Thread Pool -- 89) WFLYUT0022: Unregistered web context: '/72.SOAP-JAX-WS-1.0-SNAPSHOT' from server 'default-server'
2022-03-11 01:36:28,436 INFO  [org.wildfly.extension.undertow] (ServerService Thread Pool -- 91) WFLYUT0022: Unregistered web context: '/67.JSF3' from server 'default-server'
2022-03-11 01:36:28,436 INFO  [org.wildfly.extension.undertow] (ServerService Thread Pool -- 88) WFLYUT0022: Unregistered web context: '/webapp' from server 'default-server'
2022-03-11 01:36:28,438 INFO  [org.jboss.as.webservices] (MSC service thread 1-7) WFLYWS0004: Stopping service jboss.ws.endpoint."72.SOAP-JAX-WS-1.0-SNAPSHOT.war"."soap.services.ServicioWsImpl"
2022-03-11 01:36:28,441 INFO  [org.wildfly.extension.undertow] (MSC service thread 1-5) WFLYUT0019: Host default-host stopping
2022-03-11 01:36:28,447 INFO  [org.jboss.as.server.deployment] (MSC service thread 1-6) WFLYSRV0028: Stopped deployment 67.JSF3.war (runtime-name: 67.JSF3.war) in 21ms
2022-03-11 01:36:28,453 INFO  [org.jboss.as.connector.subsystems.datasources] (MSC service thread 1-3) WFLYJCA0010: Unbound data source [java:jboss/datasources/ExampleDS]
2022-03-11 01:36:28,454 INFO  [org.jboss.as.connector.deployers.jdbc] (MSC service thread 1-4) WFLYJCA0019: Stopped Driver service with driver-name = h2
2022-03-11 01:36:28,456 INFO  [org.jboss.as.server.deployment] (MSC service thread 1-8) WFLYSRV0028: Stopped deployment webapp-1.0-SNAPSHOT.jar (runtime-name: webapp-1.0-SNAPSHOT.jar) in 29ms
2022-03-11 01:36:28,458 INFO  [org.jboss.as.server.deployment] (MSC service thread 1-2) WFLYSRV0028: Stopped deployment webapp-ejb.war (runtime-name: webapp-ejb.war) in 32ms
2022-03-11 01:36:28,460 INFO  [org.jboss.as.clustering.infinispan] (ServerService Thread Pool -- 95) WFLYCLINF0003: Stopped http-remoting-connector cache from ejb container
2022-03-11 01:36:28,461 INFO  [org.infinispan.manager.DefaultCacheManager] (ServerService Thread Pool -- 95) Stopping cache manager null on null
2022-03-11 01:36:28,465 INFO  [org.jboss.as.server.deployment] (MSC service thread 1-6) WFLYSRV0028: Stopped deployment webapp.war (runtime-name: webapp.war) in 38ms
2022-03-11 01:36:28,488 INFO  [org.wildfly.extension.undertow] (MSC service thread 1-3) WFLYUT0008: Undertow HTTPS listener https suspending
2022-03-11 01:36:28,488 INFO  [org.wildfly.extension.undertow] (MSC service thread 1-1) WFLYUT0008: Undertow HTTP listener default suspending
2022-03-11 01:36:28,489 INFO  [org.wildfly.extension.undertow] (MSC service thread 1-3) WFLYUT0007: Undertow HTTPS listener https stopped, was bound to 127.0.0.1:8443
2022-03-11 01:36:28,489 INFO  [org.wildfly.extension.undertow] (MSC service thread 1-1) WFLYUT0007: Undertow HTTP listener default stopped, was bound to 127.0.0.1:8080
2022-03-11 01:36:28,490 INFO  [org.wildfly.extension.undertow] (MSC service thread 1-7) WFLYUT0004: Undertow 2.2.14.Final stopping
2022-03-11 01:36:28,494 INFO  [org.jboss.as.server.deployment] (MSC service thread 1-8) WFLYSRV0028: Stopped deployment 72.SOAP-JAX-WS-1.0-SNAPSHOT.war (runtime-name: 72.SOAP-JAX-WS-1.0-SNAPSHOT.war) in 67ms
2022-03-11 01:36:28,497 INFO  [org.jboss.as] (MSC service thread 1-4) WFLYSRV0050: WildFly Preview 26.0.1.Final (WildFly Core 18.0.4.Final) stopped in 71ms
